INFO - 2024-02-05 15:03:49 --> Session: Class initialized using 'CodeIgniter\Session\Handlers\FileHandler' driver.
INFO - 2024-02-05 15:03:54 --> Session: Class initialized using 'CodeIgniter\Session\Handlers\FileHandler' driver.
INFO - 2024-02-05 15:03:54 --> Session: Class initialized using 'CodeIgniter\Session\Handlers\FileHandler' driver.
INFO - 2024-02-05 15:03:59 --> Session: Class initialized using 'CodeIgniter\Session\Handlers\FileHandler' driver.
INFO - 2024-02-05 15:04:13 --> Session: Class initialized using 'CodeIgniter\Session\Handlers\FileHandler' driver.
INFO - 2024-02-05 15:04:16 --> Session: Class initialized using 'CodeIgniter\Session\Handlers\FileHandler' driver.
INFO - 2024-02-05 15:04:24 --> Session: Class initialized using 'CodeIgniter\Session\Handlers\FileHandler' driver.
INFO - 2024-02-05 15:04:28 --> Session: Class initialized using 'CodeIgniter\Session\Handlers\FileHandler' driver.
INFO - 2024-02-05 15:04:29 --> Session: Class initialized using 'CodeIgniter\Session\Handlers\FileHandler' driver.
INFO - 2024-02-05 15:04:35 --> Session: Class initialized using 'CodeIgniter\Session\Handlers\FileHandler' driver.
INFO - 2024-02-05 15:04:41 --> Session: Class initialized using 'CodeIgniter\Session\Handlers\FileHandler' driver.
INFO - 2024-02-05 15:05:05 --> Session: Class initialized using 'CodeIgniter\Session\Handlers\FileHandler' driver.
INFO - 2024-02-05 15:05:21 --> Session: Class initialized using 'CodeIgniter\Session\Handlers\FileHandler' driver.
INFO - 2024-02-05 15:05:24 --> Session: Class initialized using 'CodeIgniter\Session\Handlers\FileHandler' driver.
INFO - 2024-02-05 15:05:30 --> Session: Class initialized using 'CodeIgniter\Session\Handlers\FileHandler' driver.
INFO - 2024-02-05 15:05:39 --> Session: Class initialized using 'CodeIgniter\Session\Handlers\FileHandler' driver.
INFO - 2024-02-05 15:07:28 --> Session: Class initialized using 'CodeIgniter\Session\Handlers\FileHandler' driver.
INFO - 2024-02-05 15:08:19 --> Session: Class initialized using 'CodeIgniter\Session\Handlers\FileHandler' driver.
INFO - 2024-02-05 15:09:50 --> Session: Class initialized using 'CodeIgniter\Session\Handlers\FileHandler' driver.
CRITICAL - 2024-02-05 15:09:50 --> syntax error, unexpected end of file
in APPPATH\Views\modules\studenteval\list.php on line 177.
 1 SYSTEMPATH\View\View.php(229): CodeIgniter\View\View->CodeIgniter\View\{closure}()
 2 SYSTEMPATH\Common.php(1188): CodeIgniter\View\View->render('modules/studenteval//list', [], true)
 3 APPPATH\Controllers\Studenteval.php(165): view('modules/studenteval//list')
 4 APPPATH\Controllers\Studenteval.php(24): App\Controllers\Studenteval->list()
 5 SYSTEMPATH\CodeIgniter.php(919): App\Controllers\Studenteval->index()
 6 SYSTEMPATH\CodeIgniter.php(494): CodeIgniter\CodeIgniter->runController(Object(App\Controllers\Studenteval))
 7 SYSTEMPATH\CodeIgniter.php(353): CodeIgniter\CodeIgniter->handleRequest(null, Object(Config\Cache), false)
 8 FCPATH\index.php(79): CodeIgniter\CodeIgniter->run()
INFO - 2024-02-05 15:11:07 --> Session: Class initialized using 'CodeIgniter\Session\Handlers\FileHandler' driver.
CRITICAL - 2024-02-05 15:11:07 --> syntax error, unexpected end of file
in APPPATH\Views\modules\studenteval\list.php on line 177.
 1 SYSTEMPATH\View\View.php(229): CodeIgniter\View\View->CodeIgniter\View\{closure}()
 2 SYSTEMPATH\Common.php(1188): CodeIgniter\View\View->render('modules/studenteval//list', [], true)
 3 APPPATH\Controllers\Studenteval.php(165): view('modules/studenteval//list')
 4 APPPATH\Controllers\Studenteval.php(24): App\Controllers\Studenteval->list()
 5 SYSTEMPATH\CodeIgniter.php(919): App\Controllers\Studenteval->index()
 6 SYSTEMPATH\CodeIgniter.php(494): CodeIgniter\CodeIgniter->runController(Object(App\Controllers\Studenteval))
 7 SYSTEMPATH\CodeIgniter.php(353): CodeIgniter\CodeIgniter->handleRequest(null, Object(Config\Cache), false)
 8 FCPATH\index.php(79): CodeIgniter\CodeIgniter->run()
INFO - 2024-02-05 15:11:39 --> Session: Class initialized using 'CodeIgniter\Session\Handlers\FileHandler' driver.
INFO - 2024-02-05 15:11:45 --> Session: Class initialized using 'CodeIgniter\Session\Handlers\FileHandler' driver.
INFO - 2024-02-05 15:11:55 --> Session: Class initialized using 'CodeIgniter\Session\Handlers\FileHandler' driver.
INFO - 2024-02-05 15:12:52 --> Session: Class initialized using 'CodeIgniter\Session\Handlers\FileHandler' driver.
INFO - 2024-02-05 15:14:13 --> Session: Class initialized using 'CodeIgniter\Session\Handlers\FileHandler' driver.
INFO - 2024-02-05 15:14:15 --> Session: Class initialized using 'CodeIgniter\Session\Handlers\FileHandler' driver.
INFO - 2024-02-05 15:14:16 --> Session: Class initialized using 'CodeIgniter\Session\Handlers\FileHandler' driver.
INFO - 2024-02-05 15:14:25 --> Session: Class initialized using 'CodeIgniter\Session\Handlers\FileHandler' driver.
INFO - 2024-02-05 15:47:14 --> Session: Class initialized using 'CodeIgniter\Session\Handlers\FileHandler' driver.
INFO - 2024-02-05 15:47:49 --> Session: Class initialized using 'CodeIgniter\Session\Handlers\FileHandler' driver.
INFO - 2024-02-05 15:48:05 --> Session: Class initialized using 'CodeIgniter\Session\Handlers\FileHandler' driver.
INFO - 2024-02-05 15:48:27 --> Session: Class initialized using 'CodeIgniter\Session\Handlers\FileHandler' driver.
CRITICAL - 2024-02-05 15:48:27 --> Undefined property: stdClass::$name
in APPPATH\Views\modules\summary\list.php on line 56.
 1 APPPATH\Views\modules\summary\list.php(56): CodeIgniter\Debug\Exceptions->errorHandler(8, 'Undefined property: stdClass::$name', 'C:\\wamp643.3.0\\www\\evaluation_system\\app\\Views\\modules\\summary\\list.php', 56, [...])
 2 SYSTEMPATH\View\View.php(226): include('C:\\wamp643.3.0\\www\\evaluation_system\\app\\Views\\modules\\summary\\list.php')
 3 SYSTEMPATH\View\View.php(229): CodeIgniter\View\View->CodeIgniter\View\{closure}()
 4 SYSTEMPATH\Common.php(1188): CodeIgniter\View\View->render('modules/summary//list', [], true)
 5 APPPATH\Controllers\Summary.php(139): view('modules/summary//list')
 6 APPPATH\Controllers\Summary.php(24): App\Controllers\Summary->list()
 7 SYSTEMPATH\CodeIgniter.php(919): App\Controllers\Summary->index()
 8 SYSTEMPATH\CodeIgniter.php(494): CodeIgniter\CodeIgniter->runController(Object(App\Controllers\Summary))
 9 SYSTEMPATH\CodeIgniter.php(353): CodeIgniter\CodeIgniter->handleRequest(null, Object(Config\Cache), false)
10 FCPATH\index.php(79): CodeIgniter\CodeIgniter->run()
INFO - 2024-02-05 15:52:53 --> Session: Class initialized using 'CodeIgniter\Session\Handlers\FileHandler' driver.
CRITICAL - 2024-02-05 15:52:53 --> Undefined property: stdClass::$subCode
in APPPATH\Views\modules\summary\list.php on line 75.
 1 APPPATH\Views\modules\summary\list.php(75): CodeIgniter\Debug\Exceptions->errorHandler(8, 'Undefined property: stdClass::$subCode', 'C:\\wamp643.3.0\\www\\evaluation_system\\app\\Views\\modules\\summary\\list.php', 75, [...])
 2 SYSTEMPATH\View\View.php(226): include('C:\\wamp643.3.0\\www\\evaluation_system\\app\\Views\\modules\\summary\\list.php')
 3 SYSTEMPATH\View\View.php(229): CodeIgniter\View\View->CodeIgniter\View\{closure}()
 4 SYSTEMPATH\Common.php(1188): CodeIgniter\View\View->render('modules/summary//list', [], true)
 5 APPPATH\Controllers\Summary.php(141): view('modules/summary//list')
 6 APPPATH\Controllers\Summary.php(24): App\Controllers\Summary->list()
 7 SYSTEMPATH\CodeIgniter.php(919): App\Controllers\Summary->index()
 8 SYSTEMPATH\CodeIgniter.php(494): CodeIgniter\CodeIgniter->runController(Object(App\Controllers\Summary))
 9 SYSTEMPATH\CodeIgniter.php(353): CodeIgniter\CodeIgniter->handleRequest(null, Object(Config\Cache), false)
10 FCPATH\index.php(79): CodeIgniter\CodeIgniter->run()
INFO - 2024-02-05 15:53:39 --> Session: Class initialized using 'CodeIgniter\Session\Handlers\FileHandler' driver.
INFO - 2024-02-05 15:56:17 --> Session: Class initialized using 'CodeIgniter\Session\Handlers\FileHandler' driver.
CRITICAL - 2024-02-05 15:56:17 --> Undefined variable: facultyID
in APPPATH\Controllers\Summary.php on line 94.
 1 APPPATH\Controllers\Summary.php(94): CodeIgniter\Debug\Exceptions->errorHandler(8, 'Undefined variable: facultyID', 'C:\\wamp643.3.0\\www\\evaluation_system\\app\\Controllers\\Summary.php', 94, [...])
 2 APPPATH\Controllers\Summary.php(24): App\Controllers\Summary->list()
 3 SYSTEMPATH\CodeIgniter.php(919): App\Controllers\Summary->index()
 4 SYSTEMPATH\CodeIgniter.php(494): CodeIgniter\CodeIgniter->runController(Object(App\Controllers\Summary))
 5 SYSTEMPATH\CodeIgniter.php(353): CodeIgniter\CodeIgniter->handleRequest(null, Object(Config\Cache), false)
 6 FCPATH\index.php(79): CodeIgniter\CodeIgniter->run()
INFO - 2024-02-05 15:56:45 --> Session: Class initialized using 'CodeIgniter\Session\Handlers\FileHandler' driver.
CRITICAL - 2024-02-05 15:56:45 --> Undefined variable: evaluationID
in APPPATH\Controllers\Summary.php on line 90.
 1 APPPATH\Controllers\Summary.php(90): CodeIgniter\Debug\Exceptions->errorHandler(8, 'Undefined variable: evaluationID', 'C:\\wamp643.3.0\\www\\evaluation_system\\app\\Controllers\\Summary.php', 90, [...])
 2 APPPATH\Controllers\Summary.php(24): App\Controllers\Summary->list()
 3 SYSTEMPATH\CodeIgniter.php(919): App\Controllers\Summary->index()
 4 SYSTEMPATH\CodeIgniter.php(494): CodeIgniter\CodeIgniter->runController(Object(App\Controllers\Summary))
 5 SYSTEMPATH\CodeIgniter.php(353): CodeIgniter\CodeIgniter->handleRequest(null, Object(Config\Cache), false)
 6 FCPATH\index.php(79): CodeIgniter\CodeIgniter->run()
INFO - 2024-02-05 15:57:03 --> Session: Class initialized using 'CodeIgniter\Session\Handlers\FileHandler' driver.
CRITICAL - 2024-02-05 15:57:03 --> Undefined variable: recordings
in APPPATH\Controllers\Summary.php on line 113.
 1 APPPATH\Controllers\Summary.php(113): CodeIgniter\Debug\Exceptions->errorHandler(8, 'Undefined variable: recordings', 'C:\\wamp643.3.0\\www\\evaluation_system\\app\\Controllers\\Summary.php', 113, [...])
 2 APPPATH\Controllers\Summary.php(24): App\Controllers\Summary->list()
 3 SYSTEMPATH\CodeIgniter.php(919): App\Controllers\Summary->index()
 4 SYSTEMPATH\CodeIgniter.php(494): CodeIgniter\CodeIgniter->runController(Object(App\Controllers\Summary))
 5 SYSTEMPATH\CodeIgniter.php(353): CodeIgniter\CodeIgniter->handleRequest(null, Object(Config\Cache), false)
 6 FCPATH\index.php(79): CodeIgniter\CodeIgniter->run()
INFO - 2024-02-05 15:57:16 --> Session: Class initialized using 'CodeIgniter\Session\Handlers\FileHandler' driver.
INFO - 2024-02-05 15:57:24 --> Session: Class initialized using 'CodeIgniter\Session\Handlers\FileHandler' driver.
CRITICAL - 2024-02-05 15:57:24 --> Undefined variable: evaluationID
in APPPATH\Controllers\Summary.php on line 121.
 1 APPPATH\Controllers\Summary.php(121): CodeIgniter\Debug\Exceptions->errorHandler(8, 'Undefined variable: evaluationID', 'C:\\wamp643.3.0\\www\\evaluation_system\\app\\Controllers\\Summary.php', 121, [...])
 2 APPPATH\Controllers\Summary.php(24): App\Controllers\Summary->list()
 3 SYSTEMPATH\CodeIgniter.php(919): App\Controllers\Summary->index()
 4 SYSTEMPATH\CodeIgniter.php(494): CodeIgniter\CodeIgniter->runController(Object(App\Controllers\Summary))
 5 SYSTEMPATH\CodeIgniter.php(353): CodeIgniter\CodeIgniter->handleRequest(null, Object(Config\Cache), false)
 6 FCPATH\index.php(79): CodeIgniter\CodeIgniter->run()
INFO - 2024-02-05 15:57:27 --> Session: Class initialized using 'CodeIgniter\Session\Handlers\FileHandler' driver.
CRITICAL - 2024-02-05 15:57:27 --> Undefined variable: evaluationID
in APPPATH\Controllers\Summary.php on line 121.
 1 APPPATH\Controllers\Summary.php(121): CodeIgniter\Debug\Exceptions->errorHandler(8, 'Undefined variable: evaluationID', 'C:\\wamp643.3.0\\www\\evaluation_system\\app\\Controllers\\Summary.php', 121, [...])
 2 APPPATH\Controllers\Summary.php(24): App\Controllers\Summary->list()
 3 SYSTEMPATH\CodeIgniter.php(919): App\Controllers\Summary->index()
 4 SYSTEMPATH\CodeIgniter.php(494): CodeIgniter\CodeIgniter->runController(Object(App\Controllers\Summary))
 5 SYSTEMPATH\CodeIgniter.php(353): CodeIgniter\CodeIgniter->handleRequest(null, Object(Config\Cache), false)
 6 FCPATH\index.php(79): CodeIgniter\CodeIgniter->run()
INFO - 2024-02-05 15:57:38 --> Session: Class initialized using 'CodeIgniter\Session\Handlers\FileHandler' driver.
CRITICAL - 2024-02-05 15:57:38 --> Undefined variable: evaluationID
in APPPATH\Controllers\Summary.php on line 126.
 1 APPPATH\Controllers\Summary.php(126): CodeIgniter\Debug\Exceptions->errorHandler(8, 'Undefined variable: evaluationID', 'C:\\wamp643.3.0\\www\\evaluation_system\\app\\Controllers\\Summary.php', 126, [...])
 2 APPPATH\Controllers\Summary.php(24): App\Controllers\Summary->list()
 3 SYSTEMPATH\CodeIgniter.php(919): App\Controllers\Summary->index()
 4 SYSTEMPATH\CodeIgniter.php(494): CodeIgniter\CodeIgniter->runController(Object(App\Controllers\Summary))
 5 SYSTEMPATH\CodeIgniter.php(353): CodeIgniter\CodeIgniter->handleRequest(null, Object(Config\Cache), false)
 6 FCPATH\index.php(79): CodeIgniter\CodeIgniter->run()
INFO - 2024-02-05 15:58:07 --> Session: Class initialized using 'CodeIgniter\Session\Handlers\FileHandler' driver.
CRITICAL - 2024-02-05 15:58:07 --> Undefined variable: course
in APPPATH\Controllers\Summary.php on line 128.
 1 APPPATH\Controllers\Summary.php(128): CodeIgniter\Debug\Exceptions->errorHandler(8, 'Undefined variable: course', 'C:\\wamp643.3.0\\www\\evaluation_system\\app\\Controllers\\Summary.php', 128, [...])
 2 APPPATH\Controllers\Summary.php(24): App\Controllers\Summary->list()
 3 SYSTEMPATH\CodeIgniter.php(919): App\Controllers\Summary->index()
 4 SYSTEMPATH\CodeIgniter.php(494): CodeIgniter\CodeIgniter->runController(Object(App\Controllers\Summary))
 5 SYSTEMPATH\CodeIgniter.php(353): CodeIgniter\CodeIgniter->handleRequest(null, Object(Config\Cache), false)
 6 FCPATH\index.php(79): CodeIgniter\CodeIgniter->run()
INFO - 2024-02-05 15:58:16 --> Session: Class initialized using 'CodeIgniter\Session\Handlers\FileHandler' driver.
INFO - 2024-02-05 15:58:28 --> Session: Class initialized using 'CodeIgniter\Session\Handlers\FileHandler' driver.
INFO - 2024-02-05 15:59:21 --> Session: Class initialized using 'CodeIgniter\Session\Handlers\FileHandler' driver.
INFO - 2024-02-05 16:00:06 --> Session: Class initialized using 'CodeIgniter\Session\Handlers\FileHandler' driver.
ERROR - 2024-02-05 16:00:06 --> mysqli_sql_exception: You have an error in your SQL syntax; check the manual that corresponds to your MySQL server version for the right syntax to use near '`Communication`
ORDER BY `facultyID` ASC' at line 5 in C:\wamp643.3.0\www\evaluation_system\vendor\codeigniter4\framework\system\Database\MySQLi\Connection.php:306
Stack trace:
#0 C:\wamp643.3.0\www\evaluation_system\vendor\codeigniter4\framework\system\Database\MySQLi\Connection.php(306): mysqli->query('SELECT SUM(ball...', 0)
#1 C:\wamp643.3.0\www\evaluation_system\vendor\codeigniter4\framework\system\Database\BaseConnection.php(692): CodeIgniter\Database\MySQLi\Connection->execute('SELECT SUM(ball...')
#2 C:\wamp643.3.0\www\evaluation_system\vendor\codeigniter4\framework\system\Database\BaseConnection.php(606): CodeIgniter\Database\BaseConnection->simpleQuery('SELECT SUM(ball...')
#3 C:\wamp643.3.0\www\evaluation_system\vendor\codeigniter4\framework\system\Database\BaseBuilder.php(1615): CodeIgniter\Database\BaseConnection->query('SELECT SUM(ball...', Array, false)
#4 C:\wamp643.3.0\www\evaluation_system\app\Controllers\Summary.php(98): CodeIgniter\Database\BaseBuilder->get()
#5 C:\wamp643.3.0\www\evaluation_system\app\Controllers\Summary.php(24): App\Controllers\Summary->list()
#6 C:\wamp643.3.0\www\evaluation_system\vendor\codeigniter4\framework\system\CodeIgniter.php(919): App\Controllers\Summary->index()
#7 C:\wamp643.3.0\www\evaluation_system\vendor\codeigniter4\framework\system\CodeIgniter.php(494): CodeIgniter\CodeIgniter->runController(Object(App\Controllers\Summary))
#8 C:\wamp643.3.0\www\evaluation_system\vendor\codeigniter4\framework\system\CodeIgniter.php(353): CodeIgniter\CodeIgniter->handleRequest(NULL, Object(Config\Cache), false)
#9 C:\wamp643.3.0\www\evaluation_system\public\index.php(79): CodeIgniter\CodeIgniter->run()
#10 {main}
CRITICAL - 2024-02-05 16:00:06 --> You have an error in your SQL syntax; check the manual that corresponds to your MySQL server version for the right syntax to use near '`Communication`
ORDER BY `facultyID` ASC' at line 5
in SYSTEMPATH\Database\BaseConnection.php on line 646.
 1 SYSTEMPATH\Database\BaseBuilder.php(1615): CodeIgniter\Database\BaseConnection->query('SELECT SUM(ballot.rating) as total_rating, `catID`, `subjects`.`subCode`, `subjects`.`title`
FROM `ballot`
LEFT JOIN `subjects` ON `subjects`.`subID` = `ballot`.`subID`
WHERE `facultyID` = :facultyID:
GROUP BY `Purposive` `Communication`
ORDER BY `facultyID` ASC', [...], false)
 2 APPPATH\Controllers\Summary.php(98): CodeIgniter\Database\BaseBuilder->get()
 3 APPPATH\Controllers\Summary.php(24): App\Controllers\Summary->list()
 4 SYSTEMPATH\CodeIgniter.php(919): App\Controllers\Summary->index()
 5 SYSTEMPATH\CodeIgniter.php(494): CodeIgniter\CodeIgniter->runController(Object(App\Controllers\Summary))
 6 SYSTEMPATH\CodeIgniter.php(353): CodeIgniter\CodeIgniter->handleRequest(null, Object(Config\Cache), false)
 7 FCPATH\index.php(79): CodeIgniter\CodeIgniter->run()
INFO - 2024-02-05 16:00:12 --> Session: Class initialized using 'CodeIgniter\Session\Handlers\FileHandler' driver.
INFO - 2024-02-05 16:00:25 --> Session: Class initialized using 'CodeIgniter\Session\Handlers\FileHandler' driver.
INFO - 2024-02-05 16:02:09 --> Session: Class initialized using 'CodeIgniter\Session\Handlers\FileHandler' driver.
CRITICAL - 2024-02-05 16:02:09 --> Undefined variable: evaluationID
in APPPATH\Controllers\Summary.php on line 91.
 1 APPPATH\Controllers\Summary.php(91): CodeIgniter\Debug\Exceptions->errorHandler(8, 'Undefined variable: evaluationID', 'C:\\wamp643.3.0\\www\\evaluation_system\\app\\Controllers\\Summary.php', 91, [...])
 2 APPPATH\Controllers\Summary.php(24): App\Controllers\Summary->list()
 3 SYSTEMPATH\CodeIgniter.php(919): App\Controllers\Summary->index()
 4 SYSTEMPATH\CodeIgniter.php(494): CodeIgniter\CodeIgniter->runController(Object(App\Controllers\Summary))
 5 SYSTEMPATH\CodeIgniter.php(353): CodeIgniter\CodeIgniter->handleRequest(null, Object(Config\Cache), false)
 6 FCPATH\index.php(79): CodeIgniter\CodeIgniter->run()
INFO - 2024-02-05 16:02:14 --> Session: Class initialized using 'CodeIgniter\Session\Handlers\FileHandler' driver.
CRITICAL - 2024-02-05 16:02:14 --> Trying to get property 'id' of non-object
in APPPATH\Controllers\Summary.php on line 99.
 1 APPPATH\Controllers\Summary.php(99): CodeIgniter\Debug\Exceptions->errorHandler(8, 'Trying to get property \'id\' of non-object', 'C:\\wamp643.3.0\\www\\evaluation_system\\app\\Controllers\\Summary.php', 99, [...])
 2 APPPATH\Controllers\Summary.php(24): App\Controllers\Summary->list()
 3 SYSTEMPATH\CodeIgniter.php(919): App\Controllers\Summary->index()
 4 SYSTEMPATH\CodeIgniter.php(494): CodeIgniter\CodeIgniter->runController(Object(App\Controllers\Summary))
 5 SYSTEMPATH\CodeIgniter.php(353): CodeIgniter\CodeIgniter->handleRequest(null, Object(Config\Cache), false)
 6 FCPATH\index.php(79): CodeIgniter\CodeIgniter->run()
INFO - 2024-02-05 16:03:12 --> Session: Class initialized using 'CodeIgniter\Session\Handlers\FileHandler' driver.
CRITICAL - 2024-02-05 16:03:12 --> Trying to get property 'id' of non-object
in APPPATH\Controllers\Summary.php on line 99.
 1 APPPATH\Controllers\Summary.php(99): CodeIgniter\Debug\Exceptions->errorHandler(8, 'Trying to get property \'id\' of non-object', 'C:\\wamp643.3.0\\www\\evaluation_system\\app\\Controllers\\Summary.php', 99, [...])
 2 APPPATH\Controllers\Summary.php(24): App\Controllers\Summary->list()
 3 SYSTEMPATH\CodeIgniter.php(919): App\Controllers\Summary->index()
 4 SYSTEMPATH\CodeIgniter.php(494): CodeIgniter\CodeIgniter->runController(Object(App\Controllers\Summary))
 5 SYSTEMPATH\CodeIgniter.php(353): CodeIgniter\CodeIgniter->handleRequest(null, Object(Config\Cache), false)
 6 FCPATH\index.php(79): CodeIgniter\CodeIgniter->run()
INFO - 2024-02-05 16:06:00 --> Session: Class initialized using 'CodeIgniter\Session\Handlers\FileHandler' driver.
ERROR - 2024-02-05 16:06:00 --> mysqli_sql_exception: Unknown column 'catOD' in 'group statement' in C:\wamp643.3.0\www\evaluation_system\vendor\codeigniter4\framework\system\Database\MySQLi\Connection.php:306
Stack trace:
#0 C:\wamp643.3.0\www\evaluation_system\vendor\codeigniter4\framework\system\Database\MySQLi\Connection.php(306): mysqli->query('SELECT SUM(ball...', 0)
#1 C:\wamp643.3.0\www\evaluation_system\vendor\codeigniter4\framework\system\Database\BaseConnection.php(692): CodeIgniter\Database\MySQLi\Connection->execute('SELECT SUM(ball...')
#2 C:\wamp643.3.0\www\evaluation_system\vendor\codeigniter4\framework\system\Database\BaseConnection.php(606): CodeIgniter\Database\BaseConnection->simpleQuery('SELECT SUM(ball...')
#3 C:\wamp643.3.0\www\evaluation_system\vendor\codeigniter4\framework\system\Database\BaseBuilder.php(1615): CodeIgniter\Database\BaseConnection->query('SELECT SUM(ball...', Array, false)
#4 C:\wamp643.3.0\www\evaluation_system\app\Controllers\Summary.php(100): CodeIgniter\Database\BaseBuilder->get()
#5 C:\wamp643.3.0\www\evaluation_system\app\Controllers\Summary.php(24): App\Controllers\Summary->list()
#6 C:\wamp643.3.0\www\evaluation_system\vendor\codeigniter4\framework\system\CodeIgniter.php(919): App\Controllers\Summary->index()
#7 C:\wamp643.3.0\www\evaluation_system\vendor\codeigniter4\framework\system\CodeIgniter.php(494): CodeIgniter\CodeIgniter->runController(Object(App\Controllers\Summary))
#8 C:\wamp643.3.0\www\evaluation_system\vendor\codeigniter4\framework\system\CodeIgniter.php(353): CodeIgniter\CodeIgniter->handleRequest(NULL, Object(Config\Cache), false)
#9 C:\wamp643.3.0\www\evaluation_system\public\index.php(79): CodeIgniter\CodeIgniter->run()
#10 {main}
CRITICAL - 2024-02-05 16:06:00 --> Unknown column 'catOD' in 'group statement'
in SYSTEMPATH\Database\BaseConnection.php on line 646.
 1 SYSTEMPATH\Database\BaseBuilder.php(1615): CodeIgniter\Database\BaseConnection->query('SELECT SUM(ballot.rating) as total_rating, `catID`, `subjects`.`subCode`, `subjects`.`title`
FROM `ballot`
LEFT JOIN `subjects` ON `subjects`.`subID` = `ballot`.`subID`
WHERE `facultyID` = :facultyID:
GROUP BY `title`, `catOD`
ORDER BY `facultyID` ASC', [...], false)
 2 APPPATH\Controllers\Summary.php(100): CodeIgniter\Database\BaseBuilder->get()
 3 APPPATH\Controllers\Summary.php(24): App\Controllers\Summary->list()
 4 SYSTEMPATH\CodeIgniter.php(919): App\Controllers\Summary->index()
 5 SYSTEMPATH\CodeIgniter.php(494): CodeIgniter\CodeIgniter->runController(Object(App\Controllers\Summary))
 6 SYSTEMPATH\CodeIgniter.php(353): CodeIgniter\CodeIgniter->handleRequest(null, Object(Config\Cache), false)
 7 FCPATH\index.php(79): CodeIgniter\CodeIgniter->run()
INFO - 2024-02-05 16:06:17 --> Session: Class initialized using 'CodeIgniter\Session\Handlers\FileHandler' driver.
INFO - 2024-02-05 16:06:23 --> Session: Class initialized using 'CodeIgniter\Session\Handlers\FileHandler' driver.
CRITICAL - 2024-02-05 16:06:23 --> Undefined index: course
in APPPATH\Views\modules\summary\list.php on line 77.
 1 APPPATH\Views\modules\summary\list.php(77): CodeIgniter\Debug\Exceptions->errorHandler(8, 'Undefined index: course', 'C:\\wamp643.3.0\\www\\evaluation_system\\app\\Views\\modules\\summary\\list.php', 77, [...])
 2 SYSTEMPATH\View\View.php(226): include('C:\\wamp643.3.0\\www\\evaluation_system\\app\\Views\\modules\\summary\\list.php')
 3 SYSTEMPATH\View\View.php(229): CodeIgniter\View\View->CodeIgniter\View\{closure}()
 4 SYSTEMPATH\Common.php(1188): CodeIgniter\View\View->render('modules/summary//list', [], true)
 5 APPPATH\Controllers\Summary.php(136): view('modules/summary//list')
 6 APPPATH\Controllers\Summary.php(24): App\Controllers\Summary->list()
 7 SYSTEMPATH\CodeIgniter.php(919): App\Controllers\Summary->index()
 8 SYSTEMPATH\CodeIgniter.php(494): CodeIgniter\CodeIgniter->runController(Object(App\Controllers\Summary))
 9 SYSTEMPATH\CodeIgniter.php(353): CodeIgniter\CodeIgniter->handleRequest(null, Object(Config\Cache), false)
10 FCPATH\index.php(79): CodeIgniter\CodeIgniter->run()
INFO - 2024-02-05 16:06:43 --> Session: Class initialized using 'CodeIgniter\Session\Handlers\FileHandler' driver.
CRITICAL - 2024-02-05 16:06:43 --> Trying to get property 'subCode' of non-object
in APPPATH\Views\modules\summary\list.php on line 77.
 1 APPPATH\Views\modules\summary\list.php(77): CodeIgniter\Debug\Exceptions->errorHandler(8, 'Trying to get property \'subCode\' of non-object', 'C:\\wamp643.3.0\\www\\evaluation_system\\app\\Views\\modules\\summary\\list.php', 77, [...])
 2 SYSTEMPATH\View\View.php(226): include('C:\\wamp643.3.0\\www\\evaluation_system\\app\\Views\\modules\\summary\\list.php')
 3 SYSTEMPATH\View\View.php(229): CodeIgniter\View\View->CodeIgniter\View\{closure}()
 4 SYSTEMPATH\Common.php(1188): CodeIgniter\View\View->render('modules/summary//list', [], true)
 5 APPPATH\Controllers\Summary.php(136): view('modules/summary//list')
 6 APPPATH\Controllers\Summary.php(24): App\Controllers\Summary->list()
 7 SYSTEMPATH\CodeIgniter.php(919): App\Controllers\Summary->index()
 8 SYSTEMPATH\CodeIgniter.php(494): CodeIgniter\CodeIgniter->runController(Object(App\Controllers\Summary))
 9 SYSTEMPATH\CodeIgniter.php(353): CodeIgniter\CodeIgniter->handleRequest(null, Object(Config\Cache), false)
10 FCPATH\index.php(79): CodeIgniter\CodeIgniter->run()
INFO - 2024-02-05 16:07:15 --> Session: Class initialized using 'CodeIgniter\Session\Handlers\FileHandler' driver.
INFO - 2024-02-05 16:09:59 --> Session: Class initialized using 'CodeIgniter\Session\Handlers\FileHandler' driver.
INFO - 2024-02-05 16:10:11 --> Session: Class initialized using 'CodeIgniter\Session\Handlers\FileHandler' driver.
INFO - 2024-02-05 16:11:35 --> Session: Class initialized using 'CodeIgniter\Session\Handlers\FileHandler' driver.
INFO - 2024-02-05 16:12:24 --> Session: Class initialized using 'CodeIgniter\Session\Handlers\FileHandler' driver.
INFO - 2024-02-05 16:13:40 --> Session: Class initialized using 'CodeIgniter\Session\Handlers\FileHandler' driver.
CRITICAL - 2024-02-05 16:13:40 --> Undefined variable: records
in APPPATH\Views\modules\summary\list.php on line 54.
 1 APPPATH\Views\modules\summary\list.php(54): CodeIgniter\Debug\Exceptions->errorHandler(8, 'Undefined variable: records', 'C:\\wamp643.3.0\\www\\evaluation_system\\app\\Views\\modules\\summary\\list.php', 54, [...])
 2 SYSTEMPATH\View\View.php(226): include('C:\\wamp643.3.0\\www\\evaluation_system\\app\\Views\\modules\\summary\\list.php')
 3 SYSTEMPATH\View\View.php(229): CodeIgniter\View\View->CodeIgniter\View\{closure}()
 4 SYSTEMPATH\Common.php(1188): CodeIgniter\View\View->render('modules/summary//list', [], true)
 5 APPPATH\Controllers\Summary.php(152): view('modules/summary//list')
 6 APPPATH\Controllers\Summary.php(24): App\Controllers\Summary->list()
 7 SYSTEMPATH\CodeIgniter.php(919): App\Controllers\Summary->index()
 8 SYSTEMPATH\CodeIgniter.php(494): CodeIgniter\CodeIgniter->runController(Object(App\Controllers\Summary))
 9 SYSTEMPATH\CodeIgniter.php(353): CodeIgniter\CodeIgniter->handleRequest(null, Object(Config\Cache), false)
10 FCPATH\index.php(79): CodeIgniter\CodeIgniter->run()
INFO - 2024-02-05 16:13:56 --> Session: Class initialized using 'CodeIgniter\Session\Handlers\FileHandler' driver.
INFO - 2024-02-05 16:14:16 --> Session: Class initialized using 'CodeIgniter\Session\Handlers\FileHandler' driver.
INFO - 2024-02-05 16:15:22 --> Session: Class initialized using 'CodeIgniter\Session\Handlers\FileHandler' driver.
INFO - 2024-02-05 16:15:28 --> Session: Class initialized using 'CodeIgniter\Session\Handlers\FileHandler' driver.
INFO - 2024-02-05 16:15:31 --> Session: Class initialized using 'CodeIgniter\Session\Handlers\FileHandler' driver.
INFO - 2024-02-05 16:15:32 --> Session: Class initialized using 'CodeIgniter\Session\Handlers\FileHandler' driver.
INFO - 2024-02-05 16:15:35 --> Session: Class initialized using 'CodeIgniter\Session\Handlers\FileHandler' driver.
INFO - 2024-02-05 16:15:40 --> Session: Class initialized using 'CodeIgniter\Session\Handlers\FileHandler' driver.
INFO - 2024-02-05 16:15:43 --> Session: Class initialized using 'CodeIgniter\Session\Handlers\FileHandler' driver.
INFO - 2024-02-05 16:15:45 --> Session: Class initialized using 'CodeIgniter\Session\Handlers\FileHandler' driver.
INFO - 2024-02-05 16:15:47 --> Session: Class initialized using 'CodeIgniter\Session\Handlers\FileHandler' driver.
INFO - 2024-02-05 16:15:48 --> Session: Class initialized using 'CodeIgniter\Session\Handlers\FileHandler' driver.
INFO - 2024-02-05 16:15:50 --> Session: Class initialized using 'CodeIgniter\Session\Handlers\FileHandler' driver.
