INFO - 2024-02-17 13:38:02 --> Session: Class initialized using 'CodeIgniter\Session\Handlers\FileHandler' driver.
INFO - 2024-02-17 13:38:03 --> Session: Class initialized using 'CodeIgniter\Session\Handlers\FileHandler' driver.
INFO - 2024-02-17 13:38:10 --> Session: Class initialized using 'CodeIgniter\Session\Handlers\FileHandler' driver.
INFO - 2024-02-17 13:38:10 --> Session: Class initialized using 'CodeIgniter\Session\Handlers\FileHandler' driver.
INFO - 2024-02-17 13:38:13 --> Session: Class initialized using 'CodeIgniter\Session\Handlers\FileHandler' driver.
INFO - 2024-02-17 13:38:14 --> Session: Class initialized using 'CodeIgniter\Session\Handlers\FileHandler' driver.
INFO - 2024-02-17 13:38:20 --> Session: Class initialized using 'CodeIgniter\Session\Handlers\FileHandler' driver.
INFO - 2024-02-17 13:38:24 --> Session: Class initialized using 'CodeIgniter\Session\Handlers\FileHandler' driver.
INFO - 2024-02-17 13:38:33 --> Session: Class initialized using 'CodeIgniter\Session\Handlers\FileHandler' driver.
INFO - 2024-02-17 13:38:36 --> Session: Class initialized using 'CodeIgniter\Session\Handlers\FileHandler' driver.
INFO - 2024-02-17 13:46:38 --> Session: Class initialized using 'CodeIgniter\Session\Handlers\FileHandler' driver.
INFO - 2024-02-17 13:46:44 --> Session: Class initialized using 'CodeIgniter\Session\Handlers\FileHandler' driver.
INFO - 2024-02-17 13:46:44 --> Session: Class initialized using 'CodeIgniter\Session\Handlers\FileHandler' driver.
INFO - 2024-02-17 13:46:48 --> Session: Class initialized using 'CodeIgniter\Session\Handlers\FileHandler' driver.
INFO - 2024-02-17 13:58:28 --> Session: Class initialized using 'CodeIgniter\Session\Handlers\FileHandler' driver.
INFO - 2024-02-17 14:03:10 --> Session: Class initialized using 'CodeIgniter\Session\Handlers\FileHandler' driver.
INFO - 2024-02-17 14:04:04 --> Session: Class initialized using 'CodeIgniter\Session\Handlers\FileHandler' driver.
INFO - 2024-02-17 14:05:05 --> Session: Class initialized using 'CodeIgniter\Session\Handlers\FileHandler' driver.
INFO - 2024-02-17 14:05:09 --> Session: Class initialized using 'CodeIgniter\Session\Handlers\FileHandler' driver.
INFO - 2024-02-17 14:05:27 --> Session: Class initialized using 'CodeIgniter\Session\Handlers\FileHandler' driver.
INFO - 2024-02-17 14:05:33 --> Session: Class initialized using 'CodeIgniter\Session\Handlers\FileHandler' driver.
INFO - 2024-02-17 14:05:37 --> Session: Class initialized using 'CodeIgniter\Session\Handlers\FileHandler' driver.
INFO - 2024-02-17 14:05:45 --> Session: Class initialized using 'CodeIgniter\Session\Handlers\FileHandler' driver.
INFO - 2024-02-17 14:05:56 --> Session: Class initialized using 'CodeIgniter\Session\Handlers\FileHandler' driver.
INFO - 2024-02-17 14:05:58 --> Session: Class initialized using 'CodeIgniter\Session\Handlers\FileHandler' driver.
INFO - 2024-02-17 14:05:59 --> Session: Class initialized using 'CodeIgniter\Session\Handlers\FileHandler' driver.
INFO - 2024-02-17 14:06:03 --> Session: Class initialized using 'CodeIgniter\Session\Handlers\FileHandler' driver.
INFO - 2024-02-17 14:06:05 --> Session: Class initialized using 'CodeIgniter\Session\Handlers\FileHandler' driver.
INFO - 2024-02-17 14:06:23 --> Session: Class initialized using 'CodeIgniter\Session\Handlers\FileHandler' driver.
INFO - 2024-02-17 14:06:26 --> Session: Class initialized using 'CodeIgniter\Session\Handlers\FileHandler' driver.
INFO - 2024-02-17 14:06:53 --> Session: Class initialized using 'CodeIgniter\Session\Handlers\FileHandler' driver.
INFO - 2024-02-17 14:07:05 --> Session: Class initialized using 'CodeIgniter\Session\Handlers\FileHandler' driver.
INFO - 2024-02-17 14:17:20 --> Session: Class initialized using 'CodeIgniter\Session\Handlers\FileHandler' driver.
INFO - 2024-02-17 14:21:22 --> Session: Class initialized using 'CodeIgniter\Session\Handlers\FileHandler' driver.
INFO - 2024-02-17 14:22:30 --> Session: Class initialized using 'CodeIgniter\Session\Handlers\FileHandler' driver.
INFO - 2024-02-17 14:22:32 --> Session: Class initialized using 'CodeIgniter\Session\Handlers\FileHandler' driver.
INFO - 2024-02-17 14:22:35 --> Session: Class initialized using 'CodeIgniter\Session\Handlers\FileHandler' driver.
INFO - 2024-02-17 14:27:18 --> Session: Class initialized using 'CodeIgniter\Session\Handlers\FileHandler' driver.
INFO - 2024-02-17 14:28:16 --> Session: Class initialized using 'CodeIgniter\Session\Handlers\FileHandler' driver.
CRITICAL - 2024-02-17 14:28:16 --> ErrorException: Undefined property: App\Controllers\Studenteval::$requst
in APPPATH\Controllers\Studenteval.php on line 31.
 1 APPPATH\Controllers\Studenteval.php(31): CodeIgniter\Debug\Exceptions->errorHandler(2, 'Undefined property: App\\Controllers\\Studenteval::$requst', 'C:\\xampp\\htdocs\\evaluation_system\\app\\Controllers\\Studenteval.php', 31)
 2 APPPATH\Controllers\Studenteval.php(22): App\Controllers\Studenteval->list()
 3 SYSTEMPATH\CodeIgniter.php(941): App\Controllers\Studenteval->index()
 4 SYSTEMPATH\CodeIgniter.php(502): CodeIgniter\CodeIgniter->runController(Object(App\Controllers\Studenteval))
 5 SYSTEMPATH\CodeIgniter.php(361): CodeIgniter\CodeIgniter->handleRequest(null, Object(Config\Cache), false)
 6 FCPATH\index.php(79): CodeIgniter\CodeIgniter->run()
INFO - 2024-02-17 14:28:30 --> Session: Class initialized using 'CodeIgniter\Session\Handlers\FileHandler' driver.
INFO - 2024-02-17 14:28:34 --> Session: Class initialized using 'CodeIgniter\Session\Handlers\FileHandler' driver.
INFO - 2024-02-17 14:30:26 --> Session: Class initialized using 'CodeIgniter\Session\Handlers\FileHandler' driver.
INFO - 2024-02-17 14:30:29 --> Session: Class initialized using 'CodeIgniter\Session\Handlers\FileHandler' driver.
INFO - 2024-02-17 14:31:01 --> Session: Class initialized using 'CodeIgniter\Session\Handlers\FileHandler' driver.
INFO - 2024-02-17 14:31:05 --> Session: Class initialized using 'CodeIgniter\Session\Handlers\FileHandler' driver.
INFO - 2024-02-17 14:31:07 --> Session: Class initialized using 'CodeIgniter\Session\Handlers\FileHandler' driver.
INFO - 2024-02-17 14:31:11 --> Session: Class initialized using 'CodeIgniter\Session\Handlers\FileHandler' driver.
INFO - 2024-02-17 14:32:05 --> Session: Class initialized using 'CodeIgniter\Session\Handlers\FileHandler' driver.
INFO - 2024-02-17 14:32:10 --> Session: Class initialized using 'CodeIgniter\Session\Handlers\FileHandler' driver.
INFO - 2024-02-17 14:32:21 --> Session: Class initialized using 'CodeIgniter\Session\Handlers\FileHandler' driver.
INFO - 2024-02-17 14:32:24 --> Session: Class initialized using 'CodeIgniter\Session\Handlers\FileHandler' driver.
INFO - 2024-02-17 14:32:27 --> Session: Class initialized using 'CodeIgniter\Session\Handlers\FileHandler' driver.
INFO - 2024-02-17 14:35:27 --> Session: Class initialized using 'CodeIgniter\Session\Handlers\FileHandler' driver.
INFO - 2024-02-17 14:37:35 --> Session: Class initialized using 'CodeIgniter\Session\Handlers\FileHandler' driver.
INFO - 2024-02-17 14:37:39 --> Session: Class initialized using 'CodeIgniter\Session\Handlers\FileHandler' driver.
INFO - 2024-02-17 14:39:17 --> Session: Class initialized using 'CodeIgniter\Session\Handlers\FileHandler' driver.
CRITICAL - 2024-02-17 14:39:17 --> Error: Call to undefined function App\Controllers\getPost()
in APPPATH\Controllers\Studenteval.php on line 32.
 1 APPPATH\Controllers\Studenteval.php(22): App\Controllers\Studenteval->list()
 2 SYSTEMPATH\CodeIgniter.php(941): App\Controllers\Studenteval->index()
 3 SYSTEMPATH\CodeIgniter.php(502): CodeIgniter\CodeIgniter->runController(Object(App\Controllers\Studenteval))
 4 SYSTEMPATH\CodeIgniter.php(361): CodeIgniter\CodeIgniter->handleRequest(null, Object(Config\Cache), false)
 5 FCPATH\index.php(79): CodeIgniter\CodeIgniter->run()
INFO - 2024-02-17 14:39:33 --> Session: Class initialized using 'CodeIgniter\Session\Handlers\FileHandler' driver.
INFO - 2024-02-17 14:39:37 --> Session: Class initialized using 'CodeIgniter\Session\Handlers\FileHandler' driver.
INFO - 2024-02-17 14:40:01 --> Session: Class initialized using 'CodeIgniter\Session\Handlers\FileHandler' driver.
INFO - 2024-02-17 14:41:20 --> Session: Class initialized using 'CodeIgniter\Session\Handlers\FileHandler' driver.
INFO - 2024-02-17 14:41:28 --> Session: Class initialized using 'CodeIgniter\Session\Handlers\FileHandler' driver.
INFO - 2024-02-17 14:43:55 --> Session: Class initialized using 'CodeIgniter\Session\Handlers\FileHandler' driver.
INFO - 2024-02-17 14:46:48 --> Session: Class initialized using 'CodeIgniter\Session\Handlers\FileHandler' driver.
INFO - 2024-02-17 14:57:01 --> Session: Class initialized using 'CodeIgniter\Session\Handlers\FileHandler' driver.
ERROR - 2024-02-17 14:57:01 --> mysqli_sql_exception: Unknown column 'evaluations.acadYer' in 'where clause' in C:\xampp\htdocs\evaluation_system\vendor\codeigniter4\framework\system\Database\MySQLi\Connection.php:306
Stack trace:
#0 C:\xampp\htdocs\evaluation_system\vendor\codeigniter4\framework\system\Database\MySQLi\Connection.php(306): mysqli->query('SELECT SUM(ball...', 0)
#1 C:\xampp\htdocs\evaluation_system\vendor\codeigniter4\framework\system\Database\BaseConnection.php(693): CodeIgniter\Database\MySQLi\Connection->execute('SELECT SUM(ball...')
#2 C:\xampp\htdocs\evaluation_system\vendor\codeigniter4\framework\system\Database\BaseConnection.php(607): CodeIgniter\Database\BaseConnection->simpleQuery('SELECT SUM(ball...')
#3 C:\xampp\htdocs\evaluation_system\vendor\codeigniter4\framework\system\Database\BaseBuilder.php(1616): CodeIgniter\Database\BaseConnection->query('SELECT SUM(ball...', Array, false)
#4 C:\xampp\htdocs\evaluation_system\app\Controllers\Studenteval.php(53): CodeIgniter\Database\BaseBuilder->get()
#5 C:\xampp\htdocs\evaluation_system\app\Controllers\Studenteval.php(22): App\Controllers\Studenteval->list()
#6 C:\xampp\htdocs\evaluation_system\vendor\codeigniter4\framework\system\CodeIgniter.php(941): App\Controllers\Studenteval->index()
#7 C:\xampp\htdocs\evaluation_system\vendor\codeigniter4\framework\system\CodeIgniter.php(502): CodeIgniter\CodeIgniter->runController(Object(App\Controllers\Studenteval))
#8 C:\xampp\htdocs\evaluation_system\vendor\codeigniter4\framework\system\CodeIgniter.php(361): CodeIgniter\CodeIgniter->handleRequest(NULL, Object(Config\Cache), false)
#9 C:\xampp\htdocs\evaluation_system\public\index.php(79): CodeIgniter\CodeIgniter->run()
#10 {main}
CRITICAL - 2024-02-17 14:57:01 --> CodeIgniter\Database\Exceptions\DatabaseException: Unknown column 'evaluations.acadYer' in 'where clause'
in SYSTEMPATH\Database\BaseConnection.php on line 647.
 1 SYSTEMPATH\Database\BaseBuilder.php(1616): CodeIgniter\Database\BaseConnection->query('SELECT SUM(ballot.rating) as rating, COUNT(ballot.rating) as num, `ballot`.`catID` as `catID`
FROM `ballot`
RIGHT JOIN `evaluations` ON `ballot`.`evaluationID` = `evaluations`.`id`
WHERE `ballot`.`facultyID` = :ballot.facultyID:
AND `evaluations`.`term` = :evaluations.term:
AND `evaluations`.`acadYer` = :evaluations.acadYer:
AND `ballot`.`subID` = :ballot.subID:
GROUP BY `ballot`.`catID`', [...], false)
 2 APPPATH\Controllers\Studenteval.php(53): CodeIgniter\Database\BaseBuilder->get()
 3 APPPATH\Controllers\Studenteval.php(22): App\Controllers\Studenteval->list()
 4 SYSTEMPATH\CodeIgniter.php(941): App\Controllers\Studenteval->index()
 5 SYSTEMPATH\CodeIgniter.php(502): CodeIgniter\CodeIgniter->runController(Object(App\Controllers\Studenteval))
 6 SYSTEMPATH\CodeIgniter.php(361): CodeIgniter\CodeIgniter->handleRequest(null, Object(Config\Cache), false)
 7 FCPATH\index.php(79): CodeIgniter\CodeIgniter->run()
CRITICAL - 2024-02-17 14:57:01 --> [Caused by] CodeIgniter\Database\Exceptions\DatabaseException: Unknown column 'evaluations.acadYer' in 'where clause'
in SYSTEMPATH\Database\MySQLi\Connection.php on line 311.
 1 SYSTEMPATH\Database\BaseConnection.php(693): CodeIgniter\Database\MySQLi\Connection->execute('SELECT SUM(ballot.rating) as rating, COUNT(ballot.rating) as num, `ballot`.`catID` as `catID`
FROM `ballot`
RIGHT JOIN `evaluations` ON `ballot`.`evaluationID` = `evaluations`.`id`
WHERE `ballot`.`facultyID` = \'27\'
AND `evaluations`.`term` = \'2\'
AND `evaluations`.`acadYer` = \'2022\'
AND `ballot`.`subID` = \'15\'
GROUP BY `ballot`.`catID`')
 2 SYSTEMPATH\Database\BaseConnection.php(607): CodeIgniter\Database\BaseConnection->simpleQuery('SELECT SUM(ballot.rating) as rating, COUNT(ballot.rating) as num, `ballot`.`catID` as `catID`
FROM `ballot`
RIGHT JOIN `evaluations` ON `ballot`.`evaluationID` = `evaluations`.`id`
WHERE `ballot`.`facultyID` = \'27\'
AND `evaluations`.`term` = \'2\'
AND `evaluations`.`acadYer` = \'2022\'
AND `ballot`.`subID` = \'15\'
GROUP BY `ballot`.`catID`')
 3 SYSTEMPATH\Database\BaseBuilder.php(1616): CodeIgniter\Database\BaseConnection->query('SELECT SUM(ballot.rating) as rating, COUNT(ballot.rating) as num, `ballot`.`catID` as `catID`
FROM `ballot`
RIGHT JOIN `evaluations` ON `ballot`.`evaluationID` = `evaluations`.`id`
WHERE `ballot`.`facultyID` = :ballot.facultyID:
AND `evaluations`.`term` = :evaluations.term:
AND `evaluations`.`acadYer` = :evaluations.acadYer:
AND `ballot`.`subID` = :ballot.subID:
GROUP BY `ballot`.`catID`', [...], false)
 4 APPPATH\Controllers\Studenteval.php(53): CodeIgniter\Database\BaseBuilder->get()
 5 APPPATH\Controllers\Studenteval.php(22): App\Controllers\Studenteval->list()
 6 SYSTEMPATH\CodeIgniter.php(941): App\Controllers\Studenteval->index()
 7 SYSTEMPATH\CodeIgniter.php(502): CodeIgniter\CodeIgniter->runController(Object(App\Controllers\Studenteval))
 8 SYSTEMPATH\CodeIgniter.php(361): CodeIgniter\CodeIgniter->handleRequest(null, Object(Config\Cache), false)
 9 FCPATH\index.php(79): CodeIgniter\CodeIgniter->run()
CRITICAL - 2024-02-17 14:57:01 --> [Caused by] mysqli_sql_exception: Unknown column 'evaluations.acadYer' in 'where clause'
in SYSTEMPATH\Database\MySQLi\Connection.php on line 306.
 1 SYSTEMPATH\Database\MySQLi\Connection.php(306): mysqli->query('SELECT SUM(ballot.rating) as rating, COUNT(ballot.rating) as num, `ballot`.`catID` as `catID`
FROM `ballot`
RIGHT JOIN `evaluations` ON `ballot`.`evaluationID` = `evaluations`.`id`
WHERE `ballot`.`facultyID` = \'27\'
AND `evaluations`.`term` = \'2\'
AND `evaluations`.`acadYer` = \'2022\'
AND `ballot`.`subID` = \'15\'
GROUP BY `ballot`.`catID`', 0)
 2 SYSTEMPATH\Database\BaseConnection.php(693): CodeIgniter\Database\MySQLi\Connection->execute('SELECT SUM(ballot.rating) as rating, COUNT(ballot.rating) as num, `ballot`.`catID` as `catID`
FROM `ballot`
RIGHT JOIN `evaluations` ON `ballot`.`evaluationID` = `evaluations`.`id`
WHERE `ballot`.`facultyID` = \'27\'
AND `evaluations`.`term` = \'2\'
AND `evaluations`.`acadYer` = \'2022\'
AND `ballot`.`subID` = \'15\'
GROUP BY `ballot`.`catID`')
 3 SYSTEMPATH\Database\BaseConnection.php(607): CodeIgniter\Database\BaseConnection->simpleQuery('SELECT SUM(ballot.rating) as rating, COUNT(ballot.rating) as num, `ballot`.`catID` as `catID`
FROM `ballot`
RIGHT JOIN `evaluations` ON `ballot`.`evaluationID` = `evaluations`.`id`
WHERE `ballot`.`facultyID` = \'27\'
AND `evaluations`.`term` = \'2\'
AND `evaluations`.`acadYer` = \'2022\'
AND `ballot`.`subID` = \'15\'
GROUP BY `ballot`.`catID`')
 4 SYSTEMPATH\Database\BaseBuilder.php(1616): CodeIgniter\Database\BaseConnection->query('SELECT SUM(ballot.rating) as rating, COUNT(ballot.rating) as num, `ballot`.`catID` as `catID`
FROM `ballot`
RIGHT JOIN `evaluations` ON `ballot`.`evaluationID` = `evaluations`.`id`
WHERE `ballot`.`facultyID` = :ballot.facultyID:
AND `evaluations`.`term` = :evaluations.term:
AND `evaluations`.`acadYer` = :evaluations.acadYer:
AND `ballot`.`subID` = :ballot.subID:
GROUP BY `ballot`.`catID`', [...], false)
 5 APPPATH\Controllers\Studenteval.php(53): CodeIgniter\Database\BaseBuilder->get()
 6 APPPATH\Controllers\Studenteval.php(22): App\Controllers\Studenteval->list()
 7 SYSTEMPATH\CodeIgniter.php(941): App\Controllers\Studenteval->index()
 8 SYSTEMPATH\CodeIgniter.php(502): CodeIgniter\CodeIgniter->runController(Object(App\Controllers\Studenteval))
 9 SYSTEMPATH\CodeIgniter.php(361): CodeIgniter\CodeIgniter->handleRequest(null, Object(Config\Cache), false)
10 FCPATH\index.php(79): CodeIgniter\CodeIgniter->run()
INFO - 2024-02-17 14:57:14 --> Session: Class initialized using 'CodeIgniter\Session\Handlers\FileHandler' driver.
INFO - 2024-02-17 14:57:32 --> Session: Class initialized using 'CodeIgniter\Session\Handlers\FileHandler' driver.
INFO - 2024-02-17 14:58:21 --> Session: Class initialized using 'CodeIgniter\Session\Handlers\FileHandler' driver.
INFO - 2024-02-17 14:58:36 --> Session: Class initialized using 'CodeIgniter\Session\Handlers\FileHandler' driver.
INFO - 2024-02-17 14:58:57 --> Session: Class initialized using 'CodeIgniter\Session\Handlers\FileHandler' driver.
INFO - 2024-02-17 14:59:18 --> Session: Class initialized using 'CodeIgniter\Session\Handlers\FileHandler' driver.
INFO - 2024-02-17 15:13:32 --> Session: Class initialized using 'CodeIgniter\Session\Handlers\FileHandler' driver.
INFO - 2024-02-17 15:17:15 --> Session: Class initialized using 'CodeIgniter\Session\Handlers\FileHandler' driver.
CRITICAL - 2024-02-17 15:17:15 --> TypeError: CodeIgniter\Database\BaseBuilder::orderBy(): Argument #1 ($orderBy) must be of type string, array given, called in C:\xampp\htdocs\evaluation_system\app\Controllers\Studenteval.php on line 53
in SYSTEMPATH\Database\BaseBuilder.php on line 1438.
 1 APPPATH\Controllers\Studenteval.php(53): CodeIgniter\Database\BaseBuilder->orderBy([...])
 2 APPPATH\Controllers\Studenteval.php(22): App\Controllers\Studenteval->list()
 3 SYSTEMPATH\CodeIgniter.php(941): App\Controllers\Studenteval->index()
 4 SYSTEMPATH\CodeIgniter.php(502): CodeIgniter\CodeIgniter->runController(Object(App\Controllers\Studenteval))
 5 SYSTEMPATH\CodeIgniter.php(361): CodeIgniter\CodeIgniter->handleRequest(null, Object(Config\Cache), false)
 6 FCPATH\index.php(79): CodeIgniter\CodeIgniter->run()
INFO - 2024-02-17 15:18:16 --> Session: Class initialized using 'CodeIgniter\Session\Handlers\FileHandler' driver.
CRITICAL - 2024-02-17 15:18:16 --> TypeError: CodeIgniter\Database\BaseBuilder::orderBy(): Argument #1 ($orderBy) must be of type string, array given, called in C:\xampp\htdocs\evaluation_system\app\Controllers\Studenteval.php on line 53
in SYSTEMPATH\Database\BaseBuilder.php on line 1438.
 1 APPPATH\Controllers\Studenteval.php(53): CodeIgniter\Database\BaseBuilder->orderBy([...])
 2 APPPATH\Controllers\Studenteval.php(22): App\Controllers\Studenteval->list()
 3 SYSTEMPATH\CodeIgniter.php(941): App\Controllers\Studenteval->index()
 4 SYSTEMPATH\CodeIgniter.php(502): CodeIgniter\CodeIgniter->runController(Object(App\Controllers\Studenteval))
 5 SYSTEMPATH\CodeIgniter.php(361): CodeIgniter\CodeIgniter->handleRequest(null, Object(Config\Cache), false)
 6 FCPATH\index.php(79): CodeIgniter\CodeIgniter->run()
INFO - 2024-02-17 15:18:25 --> Session: Class initialized using 'CodeIgniter\Session\Handlers\FileHandler' driver.
CRITICAL - 2024-02-17 15:18:25 --> TypeError: CodeIgniter\Database\BaseBuilder::orderBy(): Argument #1 ($orderBy) must be of type string, array given, called in C:\xampp\htdocs\evaluation_system\app\Controllers\Studenteval.php on line 53
in SYSTEMPATH\Database\BaseBuilder.php on line 1438.
 1 APPPATH\Controllers\Studenteval.php(53): CodeIgniter\Database\BaseBuilder->orderBy([...])
 2 APPPATH\Controllers\Studenteval.php(22): App\Controllers\Studenteval->list()
 3 SYSTEMPATH\CodeIgniter.php(941): App\Controllers\Studenteval->index()
 4 SYSTEMPATH\CodeIgniter.php(502): CodeIgniter\CodeIgniter->runController(Object(App\Controllers\Studenteval))
 5 SYSTEMPATH\CodeIgniter.php(361): CodeIgniter\CodeIgniter->handleRequest(null, Object(Config\Cache), false)
 6 FCPATH\index.php(79): CodeIgniter\CodeIgniter->run()
INFO - 2024-02-17 15:18:41 --> Session: Class initialized using 'CodeIgniter\Session\Handlers\FileHandler' driver.
INFO - 2024-02-17 15:23:16 --> Session: Class initialized using 'CodeIgniter\Session\Handlers\FileHandler' driver.
INFO - 2024-02-17 15:29:05 --> Session: Class initialized using 'CodeIgniter\Session\Handlers\FileHandler' driver.
INFO - 2024-02-17 15:37:38 --> Session: Class initialized using 'CodeIgniter\Session\Handlers\FileHandler' driver.
INFO - 2024-02-17 15:38:31 --> Session: Class initialized using 'CodeIgniter\Session\Handlers\FileHandler' driver.
INFO - 2024-02-17 15:39:06 --> Session: Class initialized using 'CodeIgniter\Session\Handlers\FileHandler' driver.
INFO - 2024-02-17 15:39:11 --> Session: Class initialized using 'CodeIgniter\Session\Handlers\FileHandler' driver.
INFO - 2024-02-17 15:42:11 --> Session: Class initialized using 'CodeIgniter\Session\Handlers\FileHandler' driver.
INFO - 2024-02-17 15:43:20 --> Session: Class initialized using 'CodeIgniter\Session\Handlers\FileHandler' driver.
INFO - 2024-02-17 15:43:56 --> Session: Class initialized using 'CodeIgniter\Session\Handlers\FileHandler' driver.
INFO - 2024-02-17 15:44:10 --> Session: Class initialized using 'CodeIgniter\Session\Handlers\FileHandler' driver.
INFO - 2024-02-17 15:46:01 --> Session: Class initialized using 'CodeIgniter\Session\Handlers\FileHandler' driver.
INFO - 2024-02-17 15:47:30 --> Session: Class initialized using 'CodeIgniter\Session\Handlers\FileHandler' driver.
INFO - 2024-02-17 15:47:55 --> Session: Class initialized using 'CodeIgniter\Session\Handlers\FileHandler' driver.
INFO - 2024-02-17 15:48:14 --> Session: Class initialized using 'CodeIgniter\Session\Handlers\FileHandler' driver.
INFO - 2024-02-17 15:50:23 --> Session: Class initialized using 'CodeIgniter\Session\Handlers\FileHandler' driver.
INFO - 2024-02-17 15:53:26 --> Session: Class initialized using 'CodeIgniter\Session\Handlers\FileHandler' driver.
INFO - 2024-02-17 15:58:04 --> Session: Class initialized using 'CodeIgniter\Session\Handlers\FileHandler' driver.
CRITICAL - 2024-02-17 15:58:04 --> ErrorException: Undefined array key "2020-00001"
in APPPATH\Views\modules\studenteval\list.php on line 196.
 1 APPPATH\Views\modules\studenteval\list.php(196): CodeIgniter\Debug\Exceptions->errorHandler(2, 'Undefined array key "2020-00001"', 'C:\\xampp\\htdocs\\evaluation_system\\app\\Views\\modules\\studenteval\\list.php', 196)
 2 SYSTEMPATH\View\View.php(228): include('C:\\xampp\\htdocs\\evaluation_system\\app\\Views\\modules\\studenteval\\list.php')
 3 SYSTEMPATH\View\View.php(231): CodeIgniter\View\View->CodeIgniter\View\{closure}()
 4 SYSTEMPATH\Common.php(1178): CodeIgniter\View\View->render('modules/studenteval//list', [], true)
 5 APPPATH\Controllers\Studenteval.php(65): view('modules/studenteval//list')
 6 APPPATH\Controllers\Studenteval.php(22): App\Controllers\Studenteval->list()
 7 SYSTEMPATH\CodeIgniter.php(941): App\Controllers\Studenteval->index()
 8 SYSTEMPATH\CodeIgniter.php(502): CodeIgniter\CodeIgniter->runController(Object(App\Controllers\Studenteval))
 9 SYSTEMPATH\CodeIgniter.php(361): CodeIgniter\CodeIgniter->handleRequest(null, Object(Config\Cache), false)
10 FCPATH\index.php(79): CodeIgniter\CodeIgniter->run()
INFO - 2024-02-17 15:58:46 --> Session: Class initialized using 'CodeIgniter\Session\Handlers\FileHandler' driver.
CRITICAL - 2024-02-17 15:58:46 --> ErrorException: Undefined array key "2020-00001"
in APPPATH\Views\modules\studenteval\list.php on line 196.
 1 APPPATH\Views\modules\studenteval\list.php(196): CodeIgniter\Debug\Exceptions->errorHandler(2, 'Undefined array key "2020-00001"', 'C:\\xampp\\htdocs\\evaluation_system\\app\\Views\\modules\\studenteval\\list.php', 196)
 2 SYSTEMPATH\View\View.php(228): include('C:\\xampp\\htdocs\\evaluation_system\\app\\Views\\modules\\studenteval\\list.php')
 3 SYSTEMPATH\View\View.php(231): CodeIgniter\View\View->CodeIgniter\View\{closure}()
 4 SYSTEMPATH\Common.php(1178): CodeIgniter\View\View->render('modules/studenteval//list', [], true)
 5 APPPATH\Controllers\Studenteval.php(65): view('modules/studenteval//list')
 6 APPPATH\Controllers\Studenteval.php(22): App\Controllers\Studenteval->list()
 7 SYSTEMPATH\CodeIgniter.php(941): App\Controllers\Studenteval->index()
 8 SYSTEMPATH\CodeIgniter.php(502): CodeIgniter\CodeIgniter->runController(Object(App\Controllers\Studenteval))
 9 SYSTEMPATH\CodeIgniter.php(361): CodeIgniter\CodeIgniter->handleRequest(null, Object(Config\Cache), false)
10 FCPATH\index.php(79): CodeIgniter\CodeIgniter->run()
INFO - 2024-02-17 16:01:24 --> Session: Class initialized using 'CodeIgniter\Session\Handlers\FileHandler' driver.
CRITICAL - 2024-02-17 16:01:24 --> ErrorException: Undefined array key "2020-00001"
in APPPATH\Views\modules\studenteval\list.php on line 196.
 1 APPPATH\Views\modules\studenteval\list.php(196): CodeIgniter\Debug\Exceptions->errorHandler(2, 'Undefined array key "2020-00001"', 'C:\\xampp\\htdocs\\evaluation_system\\app\\Views\\modules\\studenteval\\list.php', 196)
 2 SYSTEMPATH\View\View.php(228): include('C:\\xampp\\htdocs\\evaluation_system\\app\\Views\\modules\\studenteval\\list.php')
 3 SYSTEMPATH\View\View.php(231): CodeIgniter\View\View->CodeIgniter\View\{closure}()
 4 SYSTEMPATH\Common.php(1178): CodeIgniter\View\View->render('modules/studenteval//list', [], true)
 5 APPPATH\Controllers\Studenteval.php(65): view('modules/studenteval//list')
 6 APPPATH\Controllers\Studenteval.php(22): App\Controllers\Studenteval->list()
 7 SYSTEMPATH\CodeIgniter.php(941): App\Controllers\Studenteval->index()
 8 SYSTEMPATH\CodeIgniter.php(502): CodeIgniter\CodeIgniter->runController(Object(App\Controllers\Studenteval))
 9 SYSTEMPATH\CodeIgniter.php(361): CodeIgniter\CodeIgniter->handleRequest(null, Object(Config\Cache), false)
10 FCPATH\index.php(79): CodeIgniter\CodeIgniter->run()
INFO - 2024-02-17 16:01:30 --> Session: Class initialized using 'CodeIgniter\Session\Handlers\FileHandler' driver.
INFO - 2024-02-17 16:01:42 --> Session: Class initialized using 'CodeIgniter\Session\Handlers\FileHandler' driver.
INFO - 2024-02-17 16:04:38 --> Session: Class initialized using 'CodeIgniter\Session\Handlers\FileHandler' driver.
CRITICAL - 2024-02-17 16:04:38 --> ErrorException: Undefined array key 1
in APPPATH\Views\modules\studenteval\list.php on line 191.
 1 APPPATH\Views\modules\studenteval\list.php(191): CodeIgniter\Debug\Exceptions->errorHandler(2, 'Undefined array key 1', 'C:\\xampp\\htdocs\\evaluation_system\\app\\Views\\modules\\studenteval\\list.php', 191)
 2 SYSTEMPATH\View\View.php(228): include('C:\\xampp\\htdocs\\evaluation_system\\app\\Views\\modules\\studenteval\\list.php')
 3 SYSTEMPATH\View\View.php(231): CodeIgniter\View\View->CodeIgniter\View\{closure}()
 4 SYSTEMPATH\Common.php(1178): CodeIgniter\View\View->render('modules/studenteval//list', [], true)
 5 APPPATH\Controllers\Studenteval.php(65): view('modules/studenteval//list')
 6 APPPATH\Controllers\Studenteval.php(22): App\Controllers\Studenteval->list()
 7 SYSTEMPATH\CodeIgniter.php(941): App\Controllers\Studenteval->index()
 8 SYSTEMPATH\CodeIgniter.php(502): CodeIgniter\CodeIgniter->runController(Object(App\Controllers\Studenteval))
 9 SYSTEMPATH\CodeIgniter.php(361): CodeIgniter\CodeIgniter->handleRequest(null, Object(Config\Cache), false)
10 FCPATH\index.php(79): CodeIgniter\CodeIgniter->run()
INFO - 2024-02-17 16:11:27 --> Session: Class initialized using 'CodeIgniter\Session\Handlers\FileHandler' driver.
INFO - 2024-02-17 16:11:30 --> Session: Class initialized using 'CodeIgniter\Session\Handlers\FileHandler' driver.
INFO - 2024-02-17 16:11:44 --> Session: Class initialized using 'CodeIgniter\Session\Handlers\FileHandler' driver.
INFO - 2024-02-17 16:12:03 --> Session: Class initialized using 'CodeIgniter\Session\Handlers\FileHandler' driver.
INFO - 2024-02-17 16:12:29 --> Session: Class initialized using 'CodeIgniter\Session\Handlers\FileHandler' driver.
INFO - 2024-02-17 16:13:00 --> Session: Class initialized using 'CodeIgniter\Session\Handlers\FileHandler' driver.
INFO - 2024-02-17 16:13:14 --> Session: Class initialized using 'CodeIgniter\Session\Handlers\FileHandler' driver.
INFO - 2024-02-17 16:13:27 --> Session: Class initialized using 'CodeIgniter\Session\Handlers\FileHandler' driver.
INFO - 2024-02-17 16:13:39 --> Session: Class initialized using 'CodeIgniter\Session\Handlers\FileHandler' driver.
INFO - 2024-02-17 16:14:01 --> Session: Class initialized using 'CodeIgniter\Session\Handlers\FileHandler' driver.
INFO - 2024-02-17 16:14:15 --> Session: Class initialized using 'CodeIgniter\Session\Handlers\FileHandler' driver.
INFO - 2024-02-17 16:14:29 --> Session: Class initialized using 'CodeIgniter\Session\Handlers\FileHandler' driver.
INFO - 2024-02-17 16:14:40 --> Session: Class initialized using 'CodeIgniter\Session\Handlers\FileHandler' driver.
INFO - 2024-02-17 16:14:53 --> Session: Class initialized using 'CodeIgniter\Session\Handlers\FileHandler' driver.
CRITICAL - 2024-02-17 16:14:53 --> ErrorException: Undefined variable $count
in APPPATH\Views\modules\studenteval\list.php on line 216.
 1 APPPATH\Views\modules\studenteval\list.php(216): CodeIgniter\Debug\Exceptions->errorHandler(2, 'Undefined variable $count', 'C:\\xampp\\htdocs\\evaluation_system\\app\\Views\\modules\\studenteval\\list.php', 216)
 2 SYSTEMPATH\View\View.php(228): include('C:\\xampp\\htdocs\\evaluation_system\\app\\Views\\modules\\studenteval\\list.php')
 3 SYSTEMPATH\View\View.php(231): CodeIgniter\View\View->CodeIgniter\View\{closure}()
 4 SYSTEMPATH\Common.php(1178): CodeIgniter\View\View->render('modules/studenteval//list', [], true)
 5 APPPATH\Controllers\Studenteval.php(65): view('modules/studenteval//list')
 6 APPPATH\Controllers\Studenteval.php(22): App\Controllers\Studenteval->list()
 7 SYSTEMPATH\CodeIgniter.php(941): App\Controllers\Studenteval->index()
 8 SYSTEMPATH\CodeIgniter.php(502): CodeIgniter\CodeIgniter->runController(Object(App\Controllers\Studenteval))
 9 SYSTEMPATH\CodeIgniter.php(361): CodeIgniter\CodeIgniter->handleRequest(null, Object(Config\Cache), false)
10 FCPATH\index.php(79): CodeIgniter\CodeIgniter->run()
INFO - 2024-02-17 16:15:03 --> Session: Class initialized using 'CodeIgniter\Session\Handlers\FileHandler' driver.
INFO - 2024-02-17 16:15:28 --> Session: Class initialized using 'CodeIgniter\Session\Handlers\FileHandler' driver.
INFO - 2024-02-17 16:16:03 --> Session: Class initialized using 'CodeIgniter\Session\Handlers\FileHandler' driver.
INFO - 2024-02-17 16:19:27 --> Session: Class initialized using 'CodeIgniter\Session\Handlers\FileHandler' driver.
INFO - 2024-02-17 16:20:04 --> Session: Class initialized using 'CodeIgniter\Session\Handlers\FileHandler' driver.
INFO - 2024-02-17 16:20:50 --> Session: Class initialized using 'CodeIgniter\Session\Handlers\FileHandler' driver.
INFO - 2024-02-17 16:21:28 --> Session: Class initialized using 'CodeIgniter\Session\Handlers\FileHandler' driver.
INFO - 2024-02-17 16:22:53 --> Session: Class initialized using 'CodeIgniter\Session\Handlers\FileHandler' driver.
INFO - 2024-02-17 16:24:52 --> Session: Class initialized using 'CodeIgniter\Session\Handlers\FileHandler' driver.
INFO - 2024-02-17 16:25:08 --> Session: Class initialized using 'CodeIgniter\Session\Handlers\FileHandler' driver.
INFO - 2024-02-17 16:27:11 --> Session: Class initialized using 'CodeIgniter\Session\Handlers\FileHandler' driver.
INFO - 2024-02-17 16:29:54 --> Session: Class initialized using 'CodeIgniter\Session\Handlers\FileHandler' driver.
INFO - 2024-02-17 16:30:56 --> Session: Class initialized using 'CodeIgniter\Session\Handlers\FileHandler' driver.
INFO - 2024-02-17 16:31:10 --> Session: Class initialized using 'CodeIgniter\Session\Handlers\FileHandler' driver.
INFO - 2024-02-17 16:33:08 --> Session: Class initialized using 'CodeIgniter\Session\Handlers\FileHandler' driver.
INFO - 2024-02-17 16:33:45 --> Session: Class initialized using 'CodeIgniter\Session\Handlers\FileHandler' driver.
INFO - 2024-02-17 16:34:45 --> Session: Class initialized using 'CodeIgniter\Session\Handlers\FileHandler' driver.
INFO - 2024-02-17 16:35:49 --> Session: Class initialized using 'CodeIgniter\Session\Handlers\FileHandler' driver.
INFO - 2024-02-17 16:40:49 --> Session: Class initialized using 'CodeIgniter\Session\Handlers\FileHandler' driver.
CRITICAL - 2024-02-17 16:40:49 --> ErrorException: Undefined array key 16
in APPPATH\Views\modules\studenteval\list.php on line 198.
 1 APPPATH\Views\modules\studenteval\list.php(198): CodeIgniter\Debug\Exceptions->errorHandler(2, 'Undefined array key 16', 'C:\\xampp\\htdocs\\evaluation_system\\app\\Views\\modules\\studenteval\\list.php', 198)
 2 SYSTEMPATH\View\View.php(228): include('C:\\xampp\\htdocs\\evaluation_system\\app\\Views\\modules\\studenteval\\list.php')
 3 SYSTEMPATH\View\View.php(231): CodeIgniter\View\View->CodeIgniter\View\{closure}()
 4 SYSTEMPATH\Common.php(1178): CodeIgniter\View\View->render('modules/studenteval//list', [], true)
 5 APPPATH\Controllers\Studenteval.php(65): view('modules/studenteval//list')
 6 APPPATH\Controllers\Studenteval.php(22): App\Controllers\Studenteval->list()
 7 SYSTEMPATH\CodeIgniter.php(941): App\Controllers\Studenteval->index()
 8 SYSTEMPATH\CodeIgniter.php(502): CodeIgniter\CodeIgniter->runController(Object(App\Controllers\Studenteval))
 9 SYSTEMPATH\CodeIgniter.php(361): CodeIgniter\CodeIgniter->handleRequest(null, Object(Config\Cache), false)
10 FCPATH\index.php(79): CodeIgniter\CodeIgniter->run()
INFO - 2024-02-17 16:41:36 --> Session: Class initialized using 'CodeIgniter\Session\Handlers\FileHandler' driver.
CRITICAL - 2024-02-17 16:41:37 --> ErrorException: Undefined array key 16
in APPPATH\Views\modules\studenteval\list.php on line 198.
 1 APPPATH\Views\modules\studenteval\list.php(198): CodeIgniter\Debug\Exceptions->errorHandler(2, 'Undefined array key 16', 'C:\\xampp\\htdocs\\evaluation_system\\app\\Views\\modules\\studenteval\\list.php', 198)
 2 SYSTEMPATH\View\View.php(228): include('C:\\xampp\\htdocs\\evaluation_system\\app\\Views\\modules\\studenteval\\list.php')
 3 SYSTEMPATH\View\View.php(231): CodeIgniter\View\View->CodeIgniter\View\{closure}()
 4 SYSTEMPATH\Common.php(1178): CodeIgniter\View\View->render('modules/studenteval//list', [], true)
 5 APPPATH\Controllers\Studenteval.php(65): view('modules/studenteval//list')
 6 APPPATH\Controllers\Studenteval.php(22): App\Controllers\Studenteval->list()
 7 SYSTEMPATH\CodeIgniter.php(941): App\Controllers\Studenteval->index()
 8 SYSTEMPATH\CodeIgniter.php(502): CodeIgniter\CodeIgniter->runController(Object(App\Controllers\Studenteval))
 9 SYSTEMPATH\CodeIgniter.php(361): CodeIgniter\CodeIgniter->handleRequest(null, Object(Config\Cache), false)
10 FCPATH\index.php(79): CodeIgniter\CodeIgniter->run()
INFO - 2024-02-17 16:41:43 --> Session: Class initialized using 'CodeIgniter\Session\Handlers\FileHandler' driver.
CRITICAL - 2024-02-17 16:41:43 --> ErrorException: Undefined array key 16
in APPPATH\Views\modules\studenteval\list.php on line 198.
 1 APPPATH\Views\modules\studenteval\list.php(198): CodeIgniter\Debug\Exceptions->errorHandler(2, 'Undefined array key 16', 'C:\\xampp\\htdocs\\evaluation_system\\app\\Views\\modules\\studenteval\\list.php', 198)
 2 SYSTEMPATH\View\View.php(228): include('C:\\xampp\\htdocs\\evaluation_system\\app\\Views\\modules\\studenteval\\list.php')
 3 SYSTEMPATH\View\View.php(231): CodeIgniter\View\View->CodeIgniter\View\{closure}()
 4 SYSTEMPATH\Common.php(1178): CodeIgniter\View\View->render('modules/studenteval//list', [], true)
 5 APPPATH\Controllers\Studenteval.php(65): view('modules/studenteval//list')
 6 APPPATH\Controllers\Studenteval.php(22): App\Controllers\Studenteval->list()
 7 SYSTEMPATH\CodeIgniter.php(941): App\Controllers\Studenteval->index()
 8 SYSTEMPATH\CodeIgniter.php(502): CodeIgniter\CodeIgniter->runController(Object(App\Controllers\Studenteval))
 9 SYSTEMPATH\CodeIgniter.php(361): CodeIgniter\CodeIgniter->handleRequest(null, Object(Config\Cache), false)
10 FCPATH\index.php(79): CodeIgniter\CodeIgniter->run()
INFO - 2024-02-17 16:41:51 --> Session: Class initialized using 'CodeIgniter\Session\Handlers\FileHandler' driver.
CRITICAL - 2024-02-17 16:41:51 --> ErrorException: Undefined array key 16
in APPPATH\Views\modules\studenteval\list.php on line 198.
 1 APPPATH\Views\modules\studenteval\list.php(198): CodeIgniter\Debug\Exceptions->errorHandler(2, 'Undefined array key 16', 'C:\\xampp\\htdocs\\evaluation_system\\app\\Views\\modules\\studenteval\\list.php', 198)
 2 SYSTEMPATH\View\View.php(228): include('C:\\xampp\\htdocs\\evaluation_system\\app\\Views\\modules\\studenteval\\list.php')
 3 SYSTEMPATH\View\View.php(231): CodeIgniter\View\View->CodeIgniter\View\{closure}()
 4 SYSTEMPATH\Common.php(1178): CodeIgniter\View\View->render('modules/studenteval//list', [], true)
 5 APPPATH\Controllers\Studenteval.php(65): view('modules/studenteval//list')
 6 APPPATH\Controllers\Studenteval.php(22): App\Controllers\Studenteval->list()
 7 SYSTEMPATH\CodeIgniter.php(941): App\Controllers\Studenteval->index()
 8 SYSTEMPATH\CodeIgniter.php(502): CodeIgniter\CodeIgniter->runController(Object(App\Controllers\Studenteval))
 9 SYSTEMPATH\CodeIgniter.php(361): CodeIgniter\CodeIgniter->handleRequest(null, Object(Config\Cache), false)
10 FCPATH\index.php(79): CodeIgniter\CodeIgniter->run()
INFO - 2024-02-17 16:42:12 --> Session: Class initialized using 'CodeIgniter\Session\Handlers\FileHandler' driver.
INFO - 2024-02-17 16:43:13 --> Session: Class initialized using 'CodeIgniter\Session\Handlers\FileHandler' driver.
INFO - 2024-02-17 16:44:10 --> Session: Class initialized using 'CodeIgniter\Session\Handlers\FileHandler' driver.
CRITICAL - 2024-02-17 16:44:10 --> ErrorException: Undefined array key -1
in APPPATH\Views\modules\studenteval\list.php on line 198.
 1 APPPATH\Views\modules\studenteval\list.php(198): CodeIgniter\Debug\Exceptions->errorHandler(2, 'Undefined array key -1', 'C:\\xampp\\htdocs\\evaluation_system\\app\\Views\\modules\\studenteval\\list.php', 198)
 2 SYSTEMPATH\View\View.php(228): include('C:\\xampp\\htdocs\\evaluation_system\\app\\Views\\modules\\studenteval\\list.php')
 3 SYSTEMPATH\View\View.php(231): CodeIgniter\View\View->CodeIgniter\View\{closure}()
 4 SYSTEMPATH\Common.php(1178): CodeIgniter\View\View->render('modules/studenteval//list', [], true)
 5 APPPATH\Controllers\Studenteval.php(65): view('modules/studenteval//list')
 6 APPPATH\Controllers\Studenteval.php(22): App\Controllers\Studenteval->list()
 7 SYSTEMPATH\CodeIgniter.php(941): App\Controllers\Studenteval->index()
 8 SYSTEMPATH\CodeIgniter.php(502): CodeIgniter\CodeIgniter->runController(Object(App\Controllers\Studenteval))
 9 SYSTEMPATH\CodeIgniter.php(361): CodeIgniter\CodeIgniter->handleRequest(null, Object(Config\Cache), false)
10 FCPATH\index.php(79): CodeIgniter\CodeIgniter->run()
INFO - 2024-02-17 16:44:19 --> Session: Class initialized using 'CodeIgniter\Session\Handlers\FileHandler' driver.
CRITICAL - 2024-02-17 16:44:19 --> ErrorException: Undefined array key 16
in APPPATH\Views\modules\studenteval\list.php on line 198.
 1 APPPATH\Views\modules\studenteval\list.php(198): CodeIgniter\Debug\Exceptions->errorHandler(2, 'Undefined array key 16', 'C:\\xampp\\htdocs\\evaluation_system\\app\\Views\\modules\\studenteval\\list.php', 198)
 2 SYSTEMPATH\View\View.php(228): include('C:\\xampp\\htdocs\\evaluation_system\\app\\Views\\modules\\studenteval\\list.php')
 3 SYSTEMPATH\View\View.php(231): CodeIgniter\View\View->CodeIgniter\View\{closure}()
 4 SYSTEMPATH\Common.php(1178): CodeIgniter\View\View->render('modules/studenteval//list', [], true)
 5 APPPATH\Controllers\Studenteval.php(65): view('modules/studenteval//list')
 6 APPPATH\Controllers\Studenteval.php(22): App\Controllers\Studenteval->list()
 7 SYSTEMPATH\CodeIgniter.php(941): App\Controllers\Studenteval->index()
 8 SYSTEMPATH\CodeIgniter.php(502): CodeIgniter\CodeIgniter->runController(Object(App\Controllers\Studenteval))
 9 SYSTEMPATH\CodeIgniter.php(361): CodeIgniter\CodeIgniter->handleRequest(null, Object(Config\Cache), false)
10 FCPATH\index.php(79): CodeIgniter\CodeIgniter->run()
INFO - 2024-02-17 16:44:22 --> Session: Class initialized using 'CodeIgniter\Session\Handlers\FileHandler' driver.
CRITICAL - 2024-02-17 16:44:22 --> ErrorException: Undefined array key 16
in APPPATH\Views\modules\studenteval\list.php on line 198.
 1 APPPATH\Views\modules\studenteval\list.php(198): CodeIgniter\Debug\Exceptions->errorHandler(2, 'Undefined array key 16', 'C:\\xampp\\htdocs\\evaluation_system\\app\\Views\\modules\\studenteval\\list.php', 198)
 2 SYSTEMPATH\View\View.php(228): include('C:\\xampp\\htdocs\\evaluation_system\\app\\Views\\modules\\studenteval\\list.php')
 3 SYSTEMPATH\View\View.php(231): CodeIgniter\View\View->CodeIgniter\View\{closure}()
 4 SYSTEMPATH\Common.php(1178): CodeIgniter\View\View->render('modules/studenteval//list', [], true)
 5 APPPATH\Controllers\Studenteval.php(65): view('modules/studenteval//list')
 6 APPPATH\Controllers\Studenteval.php(22): App\Controllers\Studenteval->list()
 7 SYSTEMPATH\CodeIgniter.php(941): App\Controllers\Studenteval->index()
 8 SYSTEMPATH\CodeIgniter.php(502): CodeIgniter\CodeIgniter->runController(Object(App\Controllers\Studenteval))
 9 SYSTEMPATH\CodeIgniter.php(361): CodeIgniter\CodeIgniter->handleRequest(null, Object(Config\Cache), false)
10 FCPATH\index.php(79): CodeIgniter\CodeIgniter->run()
INFO - 2024-02-17 16:44:42 --> Session: Class initialized using 'CodeIgniter\Session\Handlers\FileHandler' driver.
CRITICAL - 2024-02-17 16:44:42 --> ErrorException: Undefined array key 16
in APPPATH\Views\modules\studenteval\list.php on line 198.
 1 APPPATH\Views\modules\studenteval\list.php(198): CodeIgniter\Debug\Exceptions->errorHandler(2, 'Undefined array key 16', 'C:\\xampp\\htdocs\\evaluation_system\\app\\Views\\modules\\studenteval\\list.php', 198)
 2 SYSTEMPATH\View\View.php(228): include('C:\\xampp\\htdocs\\evaluation_system\\app\\Views\\modules\\studenteval\\list.php')
 3 SYSTEMPATH\View\View.php(231): CodeIgniter\View\View->CodeIgniter\View\{closure}()
 4 SYSTEMPATH\Common.php(1178): CodeIgniter\View\View->render('modules/studenteval//list', [], true)
 5 APPPATH\Controllers\Studenteval.php(65): view('modules/studenteval//list')
 6 APPPATH\Controllers\Studenteval.php(22): App\Controllers\Studenteval->list()
 7 SYSTEMPATH\CodeIgniter.php(941): App\Controllers\Studenteval->index()
 8 SYSTEMPATH\CodeIgniter.php(502): CodeIgniter\CodeIgniter->runController(Object(App\Controllers\Studenteval))
 9 SYSTEMPATH\CodeIgniter.php(361): CodeIgniter\CodeIgniter->handleRequest(null, Object(Config\Cache), false)
10 FCPATH\index.php(79): CodeIgniter\CodeIgniter->run()
INFO - 2024-02-17 16:44:46 --> Session: Class initialized using 'CodeIgniter\Session\Handlers\FileHandler' driver.
CRITICAL - 2024-02-17 16:44:46 --> ErrorException: Undefined array key -1
in APPPATH\Views\modules\studenteval\list.php on line 198.
 1 APPPATH\Views\modules\studenteval\list.php(198): CodeIgniter\Debug\Exceptions->errorHandler(2, 'Undefined array key -1', 'C:\\xampp\\htdocs\\evaluation_system\\app\\Views\\modules\\studenteval\\list.php', 198)
 2 SYSTEMPATH\View\View.php(228): include('C:\\xampp\\htdocs\\evaluation_system\\app\\Views\\modules\\studenteval\\list.php')
 3 SYSTEMPATH\View\View.php(231): CodeIgniter\View\View->CodeIgniter\View\{closure}()
 4 SYSTEMPATH\Common.php(1178): CodeIgniter\View\View->render('modules/studenteval//list', [], true)
 5 APPPATH\Controllers\Studenteval.php(65): view('modules/studenteval//list')
 6 APPPATH\Controllers\Studenteval.php(22): App\Controllers\Studenteval->list()
 7 SYSTEMPATH\CodeIgniter.php(941): App\Controllers\Studenteval->index()
 8 SYSTEMPATH\CodeIgniter.php(502): CodeIgniter\CodeIgniter->runController(Object(App\Controllers\Studenteval))
 9 SYSTEMPATH\CodeIgniter.php(361): CodeIgniter\CodeIgniter->handleRequest(null, Object(Config\Cache), false)
10 FCPATH\index.php(79): CodeIgniter\CodeIgniter->run()
INFO - 2024-02-17 16:44:51 --> Session: Class initialized using 'CodeIgniter\Session\Handlers\FileHandler' driver.
CRITICAL - 2024-02-17 16:44:51 --> ErrorException: Undefined array key 16
in APPPATH\Views\modules\studenteval\list.php on line 198.
 1 APPPATH\Views\modules\studenteval\list.php(198): CodeIgniter\Debug\Exceptions->errorHandler(2, 'Undefined array key 16', 'C:\\xampp\\htdocs\\evaluation_system\\app\\Views\\modules\\studenteval\\list.php', 198)
 2 SYSTEMPATH\View\View.php(228): include('C:\\xampp\\htdocs\\evaluation_system\\app\\Views\\modules\\studenteval\\list.php')
 3 SYSTEMPATH\View\View.php(231): CodeIgniter\View\View->CodeIgniter\View\{closure}()
 4 SYSTEMPATH\Common.php(1178): CodeIgniter\View\View->render('modules/studenteval//list', [], true)
 5 APPPATH\Controllers\Studenteval.php(65): view('modules/studenteval//list')
 6 APPPATH\Controllers\Studenteval.php(22): App\Controllers\Studenteval->list()
 7 SYSTEMPATH\CodeIgniter.php(941): App\Controllers\Studenteval->index()
 8 SYSTEMPATH\CodeIgniter.php(502): CodeIgniter\CodeIgniter->runController(Object(App\Controllers\Studenteval))
 9 SYSTEMPATH\CodeIgniter.php(361): CodeIgniter\CodeIgniter->handleRequest(null, Object(Config\Cache), false)
10 FCPATH\index.php(79): CodeIgniter\CodeIgniter->run()
INFO - 2024-02-17 16:45:06 --> Session: Class initialized using 'CodeIgniter\Session\Handlers\FileHandler' driver.
INFO - 2024-02-17 16:45:42 --> Session: Class initialized using 'CodeIgniter\Session\Handlers\FileHandler' driver.
INFO - 2024-02-17 16:45:51 --> Session: Class initialized using 'CodeIgniter\Session\Handlers\FileHandler' driver.
INFO - 2024-02-17 16:45:56 --> Session: Class initialized using 'CodeIgniter\Session\Handlers\FileHandler' driver.
INFO - 2024-02-17 16:48:33 --> Session: Class initialized using 'CodeIgniter\Session\Handlers\FileHandler' driver.
CRITICAL - 2024-02-17 16:48:33 --> ErrorException: Undefined array key 17
in APPPATH\Views\modules\studenteval\list.php on line 199.
 1 APPPATH\Views\modules\studenteval\list.php(199): CodeIgniter\Debug\Exceptions->errorHandler(2, 'Undefined array key 17', 'C:\\xampp\\htdocs\\evaluation_system\\app\\Views\\modules\\studenteval\\list.php', 199)
 2 SYSTEMPATH\View\View.php(228): include('C:\\xampp\\htdocs\\evaluation_system\\app\\Views\\modules\\studenteval\\list.php')
 3 SYSTEMPATH\View\View.php(231): CodeIgniter\View\View->CodeIgniter\View\{closure}()
 4 SYSTEMPATH\Common.php(1178): CodeIgniter\View\View->render('modules/studenteval//list', [], true)
 5 APPPATH\Controllers\Studenteval.php(65): view('modules/studenteval//list')
 6 APPPATH\Controllers\Studenteval.php(22): App\Controllers\Studenteval->list()
 7 SYSTEMPATH\CodeIgniter.php(941): App\Controllers\Studenteval->index()
 8 SYSTEMPATH\CodeIgniter.php(502): CodeIgniter\CodeIgniter->runController(Object(App\Controllers\Studenteval))
 9 SYSTEMPATH\CodeIgniter.php(361): CodeIgniter\CodeIgniter->handleRequest(null, Object(Config\Cache), false)
10 FCPATH\index.php(79): CodeIgniter\CodeIgniter->run()
INFO - 2024-02-17 16:50:06 --> Session: Class initialized using 'CodeIgniter\Session\Handlers\FileHandler' driver.
INFO - 2024-02-17 16:50:38 --> Session: Class initialized using 'CodeIgniter\Session\Handlers\FileHandler' driver.
INFO - 2024-02-17 16:51:03 --> Session: Class initialized using 'CodeIgniter\Session\Handlers\FileHandler' driver.
INFO - 2024-02-17 16:52:15 --> Session: Class initialized using 'CodeIgniter\Session\Handlers\FileHandler' driver.
INFO - 2024-02-17 16:52:27 --> Session: Class initialized using 'CodeIgniter\Session\Handlers\FileHandler' driver.
INFO - 2024-02-17 16:52:43 --> Session: Class initialized using 'CodeIgniter\Session\Handlers\FileHandler' driver.
INFO - 2024-02-17 16:52:59 --> Session: Class initialized using 'CodeIgniter\Session\Handlers\FileHandler' driver.
INFO - 2024-02-17 16:53:26 --> Session: Class initialized using 'CodeIgniter\Session\Handlers\FileHandler' driver.
INFO - 2024-02-17 16:54:04 --> Session: Class initialized using 'CodeIgniter\Session\Handlers\FileHandler' driver.
INFO - 2024-02-17 16:54:40 --> Session: Class initialized using 'CodeIgniter\Session\Handlers\FileHandler' driver.
INFO - 2024-02-17 16:54:49 --> Session: Class initialized using 'CodeIgniter\Session\Handlers\FileHandler' driver.
INFO - 2024-02-17 16:55:27 --> Session: Class initialized using 'CodeIgniter\Session\Handlers\FileHandler' driver.
INFO - 2024-02-17 16:56:01 --> Session: Class initialized using 'CodeIgniter\Session\Handlers\FileHandler' driver.
INFO - 2024-02-17 16:56:19 --> Session: Class initialized using 'CodeIgniter\Session\Handlers\FileHandler' driver.
INFO - 2024-02-17 16:58:36 --> Session: Class initialized using 'CodeIgniter\Session\Handlers\FileHandler' driver.
INFO - 2024-02-17 16:59:09 --> Session: Class initialized using 'CodeIgniter\Session\Handlers\FileHandler' driver.
INFO - 2024-02-17 16:59:55 --> Session: Class initialized using 'CodeIgniter\Session\Handlers\FileHandler' driver.
INFO - 2024-02-17 17:00:28 --> Session: Class initialized using 'CodeIgniter\Session\Handlers\FileHandler' driver.
INFO - 2024-02-17 17:01:09 --> Session: Class initialized using 'CodeIgniter\Session\Handlers\FileHandler' driver.
CRITICAL - 2024-02-17 17:01:09 --> ErrorException: Undefined array key 0
in APPPATH\Views\modules\studenteval\list.php on line 192.
 1 APPPATH\Views\modules\studenteval\list.php(192): CodeIgniter\Debug\Exceptions->errorHandler(2, 'Undefined array key 0', 'C:\\xampp\\htdocs\\evaluation_system\\app\\Views\\modules\\studenteval\\list.php', 192)
 2 SYSTEMPATH\View\View.php(228): include('C:\\xampp\\htdocs\\evaluation_system\\app\\Views\\modules\\studenteval\\list.php')
 3 SYSTEMPATH\View\View.php(231): CodeIgniter\View\View->CodeIgniter\View\{closure}()
 4 SYSTEMPATH\Common.php(1178): CodeIgniter\View\View->render('modules/studenteval//list', [], true)
 5 APPPATH\Controllers\Studenteval.php(65): view('modules/studenteval//list')
 6 APPPATH\Controllers\Studenteval.php(22): App\Controllers\Studenteval->list()
 7 SYSTEMPATH\CodeIgniter.php(941): App\Controllers\Studenteval->index()
 8 SYSTEMPATH\CodeIgniter.php(502): CodeIgniter\CodeIgniter->runController(Object(App\Controllers\Studenteval))
 9 SYSTEMPATH\CodeIgniter.php(361): CodeIgniter\CodeIgniter->handleRequest(null, Object(Config\Cache), false)
10 FCPATH\index.php(79): CodeIgniter\CodeIgniter->run()
INFO - 2024-02-17 17:01:23 --> Session: Class initialized using 'CodeIgniter\Session\Handlers\FileHandler' driver.
INFO - 2024-02-17 17:01:40 --> Session: Class initialized using 'CodeIgniter\Session\Handlers\FileHandler' driver.
CRITICAL - 2024-02-17 17:01:40 --> ErrorException: Undefined array key 16
in APPPATH\Views\modules\studenteval\list.php on line 198.
 1 APPPATH\Views\modules\studenteval\list.php(198): CodeIgniter\Debug\Exceptions->errorHandler(2, 'Undefined array key 16', 'C:\\xampp\\htdocs\\evaluation_system\\app\\Views\\modules\\studenteval\\list.php', 198)
 2 SYSTEMPATH\View\View.php(228): include('C:\\xampp\\htdocs\\evaluation_system\\app\\Views\\modules\\studenteval\\list.php')
 3 SYSTEMPATH\View\View.php(231): CodeIgniter\View\View->CodeIgniter\View\{closure}()
 4 SYSTEMPATH\Common.php(1178): CodeIgniter\View\View->render('modules/studenteval//list', [], true)
 5 APPPATH\Controllers\Studenteval.php(65): view('modules/studenteval//list')
 6 APPPATH\Controllers\Studenteval.php(22): App\Controllers\Studenteval->list()
 7 SYSTEMPATH\CodeIgniter.php(941): App\Controllers\Studenteval->index()
 8 SYSTEMPATH\CodeIgniter.php(502): CodeIgniter\CodeIgniter->runController(Object(App\Controllers\Studenteval))
 9 SYSTEMPATH\CodeIgniter.php(361): CodeIgniter\CodeIgniter->handleRequest(null, Object(Config\Cache), false)
10 FCPATH\index.php(79): CodeIgniter\CodeIgniter->run()
INFO - 2024-02-17 17:02:02 --> Session: Class initialized using 'CodeIgniter\Session\Handlers\FileHandler' driver.
INFO - 2024-02-17 17:02:21 --> Session: Class initialized using 'CodeIgniter\Session\Handlers\FileHandler' driver.
INFO - 2024-02-17 17:02:32 --> Session: Class initialized using 'CodeIgniter\Session\Handlers\FileHandler' driver.
INFO - 2024-02-17 17:02:39 --> Session: Class initialized using 'CodeIgniter\Session\Handlers\FileHandler' driver.
INFO - 2024-02-17 17:02:56 --> Session: Class initialized using 'CodeIgniter\Session\Handlers\FileHandler' driver.
INFO - 2024-02-17 17:03:25 --> Session: Class initialized using 'CodeIgniter\Session\Handlers\FileHandler' driver.
INFO - 2024-02-17 17:03:35 --> Session: Class initialized using 'CodeIgniter\Session\Handlers\FileHandler' driver.
INFO - 2024-02-17 17:03:41 --> Session: Class initialized using 'CodeIgniter\Session\Handlers\FileHandler' driver.
INFO - 2024-02-17 17:04:34 --> Session: Class initialized using 'CodeIgniter\Session\Handlers\FileHandler' driver.
INFO - 2024-02-17 17:05:15 --> Session: Class initialized using 'CodeIgniter\Session\Handlers\FileHandler' driver.
INFO - 2024-02-17 17:05:30 --> Session: Class initialized using 'CodeIgniter\Session\Handlers\FileHandler' driver.
INFO - 2024-02-17 17:05:39 --> Session: Class initialized using 'CodeIgniter\Session\Handlers\FileHandler' driver.
INFO - 2024-02-17 17:05:47 --> Session: Class initialized using 'CodeIgniter\Session\Handlers\FileHandler' driver.
INFO - 2024-02-17 17:06:53 --> Session: Class initialized using 'CodeIgniter\Session\Handlers\FileHandler' driver.
INFO - 2024-02-17 17:07:20 --> Session: Class initialized using 'CodeIgniter\Session\Handlers\FileHandler' driver.
INFO - 2024-02-17 17:08:55 --> Session: Class initialized using 'CodeIgniter\Session\Handlers\FileHandler' driver.
INFO - 2024-02-17 17:09:20 --> Session: Class initialized using 'CodeIgniter\Session\Handlers\FileHandler' driver.
INFO - 2024-02-17 17:09:43 --> Session: Class initialized using 'CodeIgniter\Session\Handlers\FileHandler' driver.
INFO - 2024-02-17 17:09:55 --> Session: Class initialized using 'CodeIgniter\Session\Handlers\FileHandler' driver.
INFO - 2024-02-17 17:10:03 --> Session: Class initialized using 'CodeIgniter\Session\Handlers\FileHandler' driver.
INFO - 2024-02-17 17:10:11 --> Session: Class initialized using 'CodeIgniter\Session\Handlers\FileHandler' driver.
INFO - 2024-02-17 17:10:31 --> Session: Class initialized using 'CodeIgniter\Session\Handlers\FileHandler' driver.
CRITICAL - 2024-02-17 17:10:31 --> ParseError: syntax error, unexpected token ";"
in APPPATH\Views\modules\studenteval\list.php on line 199.
 1 SYSTEMPATH\View\View.php(231): CodeIgniter\View\View->CodeIgniter\View\{closure}()
 2 SYSTEMPATH\Common.php(1178): CodeIgniter\View\View->render('modules/studenteval//list', [], true)
 3 APPPATH\Controllers\Studenteval.php(65): view('modules/studenteval//list')
 4 APPPATH\Controllers\Studenteval.php(22): App\Controllers\Studenteval->list()
 5 SYSTEMPATH\CodeIgniter.php(941): App\Controllers\Studenteval->index()
 6 SYSTEMPATH\CodeIgniter.php(502): CodeIgniter\CodeIgniter->runController(Object(App\Controllers\Studenteval))
 7 SYSTEMPATH\CodeIgniter.php(361): CodeIgniter\CodeIgniter->handleRequest(null, Object(Config\Cache), false)
 8 FCPATH\index.php(79): CodeIgniter\CodeIgniter->run()
INFO - 2024-02-17 17:10:38 --> Session: Class initialized using 'CodeIgniter\Session\Handlers\FileHandler' driver.
