INFO - 2024-02-16 11:46:26 --> Session: Class initialized using 'CodeIgniter\Session\Handlers\FileHandler' driver.
INFO - 2024-02-16 11:46:36 --> Session: Class initialized using 'CodeIgniter\Session\Handlers\FileHandler' driver.
INFO - 2024-02-16 11:48:27 --> Session: Class initialized using 'CodeIgniter\Session\Handlers\FileHandler' driver.
INFO - 2024-02-16 11:52:22 --> Session: Class initialized using 'CodeIgniter\Session\Handlers\FileHandler' driver.
INFO - 2024-02-16 12:15:27 --> Session: Class initialized using 'CodeIgniter\Session\Handlers\FileHandler' driver.
INFO - 2024-02-16 12:19:08 --> Session: Class initialized using 'CodeIgniter\Session\Handlers\FileHandler' driver.
CRITICAL - 2024-02-16 12:19:08 --> ErrorException: Undefined property: mysqli::$id
in APPPATH\Views\modules\summaryinc\summaryincview.php on line 39.
 1 APPPATH\Views\modules\summaryinc\summaryincview.php(39): CodeIgniter\Debug\Exceptions->errorHandler(2, 'Undefined property: mysqli::$id', 'C:\\wamp64\\www\\evaluation_system\\app\\Views\\modules\\summaryinc\\summaryincview.php', 39)
 2 SYSTEMPATH\View\View.php(228): include('C:\\wamp64\\www\\evaluation_system\\app\\Views\\modules\\summaryinc\\summaryincview.php')
 3 SYSTEMPATH\View\View.php(231): CodeIgniter\View\View->CodeIgniter\View\{closure}()
 4 SYSTEMPATH\Common.php(1178): CodeIgniter\View\View->render('modules/summaryinc/summaryincview', [], true)
 5 APPPATH\Controllers\SummaryInc.php(44): view('modules/summaryinc/summaryincview')
 6 APPPATH\Controllers\SummaryInc.php(12): App\Controllers\SummaryInc->list()
 7 SYSTEMPATH\CodeIgniter.php(941): App\Controllers\SummaryInc->index()
 8 SYSTEMPATH\CodeIgniter.php(502): CodeIgniter\CodeIgniter->runController(Object(App\Controllers\SummaryInc))
 9 SYSTEMPATH\CodeIgniter.php(361): CodeIgniter\CodeIgniter->handleRequest(null, Object(Config\Cache), false)
10 FCPATH\index.php(79): CodeIgniter\CodeIgniter->run()
INFO - 2024-02-16 12:19:30 --> Session: Class initialized using 'CodeIgniter\Session\Handlers\FileHandler' driver.
CRITICAL - 2024-02-16 12:19:30 --> ErrorException: Undefined property: mysqli::$courseID
in APPPATH\Views\modules\summaryinc\summaryincview.php on line 39.
 1 APPPATH\Views\modules\summaryinc\summaryincview.php(39): CodeIgniter\Debug\Exceptions->errorHandler(2, 'Undefined property: mysqli::$courseID', 'C:\\wamp64\\www\\evaluation_system\\app\\Views\\modules\\summaryinc\\summaryincview.php', 39)
 2 SYSTEMPATH\View\View.php(228): include('C:\\wamp64\\www\\evaluation_system\\app\\Views\\modules\\summaryinc\\summaryincview.php')
 3 SYSTEMPATH\View\View.php(231): CodeIgniter\View\View->CodeIgniter\View\{closure}()
 4 SYSTEMPATH\Common.php(1178): CodeIgniter\View\View->render('modules/summaryinc/summaryincview', [], true)
 5 APPPATH\Controllers\SummaryInc.php(44): view('modules/summaryinc/summaryincview')
 6 APPPATH\Controllers\SummaryInc.php(12): App\Controllers\SummaryInc->list()
 7 SYSTEMPATH\CodeIgniter.php(941): App\Controllers\SummaryInc->index()
 8 SYSTEMPATH\CodeIgniter.php(502): CodeIgniter\CodeIgniter->runController(Object(App\Controllers\SummaryInc))
 9 SYSTEMPATH\CodeIgniter.php(361): CodeIgniter\CodeIgniter->handleRequest(null, Object(Config\Cache), false)
10 FCPATH\index.php(79): CodeIgniter\CodeIgniter->run()
INFO - 2024-02-16 12:19:52 --> Session: Class initialized using 'CodeIgniter\Session\Handlers\FileHandler' driver.
CRITICAL - 2024-02-16 12:19:53 --> ErrorException: Undefined property: mysqli::$courseID
in APPPATH\Views\modules\summaryinc\summaryincview.php on line 39.
 1 APPPATH\Views\modules\summaryinc\summaryincview.php(39): CodeIgniter\Debug\Exceptions->errorHandler(2, 'Undefined property: mysqli::$courseID', 'C:\\wamp64\\www\\evaluation_system\\app\\Views\\modules\\summaryinc\\summaryincview.php', 39)
 2 SYSTEMPATH\View\View.php(228): include('C:\\wamp64\\www\\evaluation_system\\app\\Views\\modules\\summaryinc\\summaryincview.php')
 3 SYSTEMPATH\View\View.php(231): CodeIgniter\View\View->CodeIgniter\View\{closure}()
 4 SYSTEMPATH\Common.php(1178): CodeIgniter\View\View->render('modules/summaryinc/summaryincview', [], true)
 5 APPPATH\Controllers\SummaryInc.php(44): view('modules/summaryinc/summaryincview')
 6 APPPATH\Controllers\SummaryInc.php(12): App\Controllers\SummaryInc->list()
 7 SYSTEMPATH\CodeIgniter.php(941): App\Controllers\SummaryInc->index()
 8 SYSTEMPATH\CodeIgniter.php(502): CodeIgniter\CodeIgniter->runController(Object(App\Controllers\SummaryInc))
 9 SYSTEMPATH\CodeIgniter.php(361): CodeIgniter\CodeIgniter->handleRequest(null, Object(Config\Cache), false)
10 FCPATH\index.php(79): CodeIgniter\CodeIgniter->run()
INFO - 2024-02-16 12:20:41 --> Session: Class initialized using 'CodeIgniter\Session\Handlers\FileHandler' driver.
CRITICAL - 2024-02-16 12:20:41 --> ErrorException: Undefined property: mysqli::$courseID
in APPPATH\Views\modules\summaryinc\summaryincview.php on line 39.
 1 APPPATH\Views\modules\summaryinc\summaryincview.php(39): CodeIgniter\Debug\Exceptions->errorHandler(2, 'Undefined property: mysqli::$courseID', 'C:\\wamp64\\www\\evaluation_system\\app\\Views\\modules\\summaryinc\\summaryincview.php', 39)
 2 SYSTEMPATH\View\View.php(228): include('C:\\wamp64\\www\\evaluation_system\\app\\Views\\modules\\summaryinc\\summaryincview.php')
 3 SYSTEMPATH\View\View.php(231): CodeIgniter\View\View->CodeIgniter\View\{closure}()
 4 SYSTEMPATH\Common.php(1178): CodeIgniter\View\View->render('modules/summaryinc/summaryincview', [], true)
 5 APPPATH\Controllers\SummaryInc.php(44): view('modules/summaryinc/summaryincview')
 6 APPPATH\Controllers\SummaryInc.php(12): App\Controllers\SummaryInc->list()
 7 SYSTEMPATH\CodeIgniter.php(941): App\Controllers\SummaryInc->index()
 8 SYSTEMPATH\CodeIgniter.php(502): CodeIgniter\CodeIgniter->runController(Object(App\Controllers\SummaryInc))
 9 SYSTEMPATH\CodeIgniter.php(361): CodeIgniter\CodeIgniter->handleRequest(null, Object(Config\Cache), false)
10 FCPATH\index.php(79): CodeIgniter\CodeIgniter->run()
INFO - 2024-02-16 12:21:30 --> Session: Class initialized using 'CodeIgniter\Session\Handlers\FileHandler' driver.
CRITICAL - 2024-02-16 12:21:30 --> ErrorException: Undefined property: stdClass::$courseID
in APPPATH\Views\modules\summaryinc\summaryincview.php on line 39.
 1 APPPATH\Views\modules\summaryinc\summaryincview.php(39): CodeIgniter\Debug\Exceptions->errorHandler(2, 'Undefined property: stdClass::$courseID', 'C:\\wamp64\\www\\evaluation_system\\app\\Views\\modules\\summaryinc\\summaryincview.php', 39)
 2 SYSTEMPATH\View\View.php(228): include('C:\\wamp64\\www\\evaluation_system\\app\\Views\\modules\\summaryinc\\summaryincview.php')
 3 SYSTEMPATH\View\View.php(231): CodeIgniter\View\View->CodeIgniter\View\{closure}()
 4 SYSTEMPATH\Common.php(1178): CodeIgniter\View\View->render('modules/summaryinc/summaryincview', [], true)
 5 APPPATH\Controllers\SummaryInc.php(44): view('modules/summaryinc/summaryincview')
 6 APPPATH\Controllers\SummaryInc.php(12): App\Controllers\SummaryInc->list()
 7 SYSTEMPATH\CodeIgniter.php(941): App\Controllers\SummaryInc->index()
 8 SYSTEMPATH\CodeIgniter.php(502): CodeIgniter\CodeIgniter->runController(Object(App\Controllers\SummaryInc))
 9 SYSTEMPATH\CodeIgniter.php(361): CodeIgniter\CodeIgniter->handleRequest(null, Object(Config\Cache), false)
10 FCPATH\index.php(79): CodeIgniter\CodeIgniter->run()
INFO - 2024-02-16 12:22:36 --> Session: Class initialized using 'CodeIgniter\Session\Handlers\FileHandler' driver.
CRITICAL - 2024-02-16 12:22:36 --> ErrorException: Undefined property: stdClass::$courseID
in APPPATH\Views\modules\summaryinc\summaryincview.php on line 39.
 1 APPPATH\Views\modules\summaryinc\summaryincview.php(39): CodeIgniter\Debug\Exceptions->errorHandler(2, 'Undefined property: stdClass::$courseID', 'C:\\wamp64\\www\\evaluation_system\\app\\Views\\modules\\summaryinc\\summaryincview.php', 39)
 2 SYSTEMPATH\View\View.php(228): include('C:\\wamp64\\www\\evaluation_system\\app\\Views\\modules\\summaryinc\\summaryincview.php')
 3 SYSTEMPATH\View\View.php(231): CodeIgniter\View\View->CodeIgniter\View\{closure}()
 4 SYSTEMPATH\Common.php(1178): CodeIgniter\View\View->render('modules/summaryinc/summaryincview', [], true)
 5 APPPATH\Controllers\SummaryInc.php(44): view('modules/summaryinc/summaryincview')
 6 APPPATH\Controllers\SummaryInc.php(12): App\Controllers\SummaryInc->list()
 7 SYSTEMPATH\CodeIgniter.php(941): App\Controllers\SummaryInc->index()
 8 SYSTEMPATH\CodeIgniter.php(502): CodeIgniter\CodeIgniter->runController(Object(App\Controllers\SummaryInc))
 9 SYSTEMPATH\CodeIgniter.php(361): CodeIgniter\CodeIgniter->handleRequest(null, Object(Config\Cache), false)
10 FCPATH\index.php(79): CodeIgniter\CodeIgniter->run()
INFO - 2024-02-16 12:22:54 --> Session: Class initialized using 'CodeIgniter\Session\Handlers\FileHandler' driver.
CRITICAL - 2024-02-16 12:22:54 --> ErrorException: Undefined property: stdClass::$courseID
in APPPATH\Views\modules\summaryinc\summaryincview.php on line 39.
 1 APPPATH\Views\modules\summaryinc\summaryincview.php(39): CodeIgniter\Debug\Exceptions->errorHandler(2, 'Undefined property: stdClass::$courseID', 'C:\\wamp64\\www\\evaluation_system\\app\\Views\\modules\\summaryinc\\summaryincview.php', 39)
 2 SYSTEMPATH\View\View.php(228): include('C:\\wamp64\\www\\evaluation_system\\app\\Views\\modules\\summaryinc\\summaryincview.php')
 3 SYSTEMPATH\View\View.php(231): CodeIgniter\View\View->CodeIgniter\View\{closure}()
 4 SYSTEMPATH\Common.php(1178): CodeIgniter\View\View->render('modules/summaryinc/summaryincview', [], true)
 5 APPPATH\Controllers\SummaryInc.php(44): view('modules/summaryinc/summaryincview')
 6 APPPATH\Controllers\SummaryInc.php(12): App\Controllers\SummaryInc->list()
 7 SYSTEMPATH\CodeIgniter.php(941): App\Controllers\SummaryInc->index()
 8 SYSTEMPATH\CodeIgniter.php(502): CodeIgniter\CodeIgniter->runController(Object(App\Controllers\SummaryInc))
 9 SYSTEMPATH\CodeIgniter.php(361): CodeIgniter\CodeIgniter->handleRequest(null, Object(Config\Cache), false)
10 FCPATH\index.php(79): CodeIgniter\CodeIgniter->run()
INFO - 2024-02-16 12:24:18 --> Session: Class initialized using 'CodeIgniter\Session\Handlers\FileHandler' driver.
INFO - 2024-02-16 12:24:50 --> Session: Class initialized using 'CodeIgniter\Session\Handlers\FileHandler' driver.
INFO - 2024-02-16 12:26:03 --> Session: Class initialized using 'CodeIgniter\Session\Handlers\FileHandler' driver.
CRITICAL - 2024-02-16 12:26:03 --> ErrorException: Undefined property: stdClass::$courseID
in APPPATH\Controllers\SummaryInc.php on line 36.
 1 APPPATH\Controllers\SummaryInc.php(36): CodeIgniter\Debug\Exceptions->errorHandler(2, 'Undefined property: stdClass::$courseID', 'C:\\wamp64\\www\\evaluation_system\\app\\Controllers\\SummaryInc.php', 36)
 2 APPPATH\Controllers\SummaryInc.php(12): App\Controllers\SummaryInc->list()
 3 SYSTEMPATH\CodeIgniter.php(941): App\Controllers\SummaryInc->index()
 4 SYSTEMPATH\CodeIgniter.php(502): CodeIgniter\CodeIgniter->runController(Object(App\Controllers\SummaryInc))
 5 SYSTEMPATH\CodeIgniter.php(361): CodeIgniter\CodeIgniter->handleRequest(null, Object(Config\Cache), false)
 6 FCPATH\index.php(79): CodeIgniter\CodeIgniter->run()
INFO - 2024-02-16 12:26:20 --> Session: Class initialized using 'CodeIgniter\Session\Handlers\FileHandler' driver.
INFO - 2024-02-16 12:27:22 --> Session: Class initialized using 'CodeIgniter\Session\Handlers\FileHandler' driver.
CRITICAL - 2024-02-16 12:27:22 --> ErrorException: Undefined property: stdClass::$description
in APPPATH\Controllers\SummaryInc.php on line 36.
 1 APPPATH\Controllers\SummaryInc.php(36): CodeIgniter\Debug\Exceptions->errorHandler(2, 'Undefined property: stdClass::$description', 'C:\\wamp64\\www\\evaluation_system\\app\\Controllers\\SummaryInc.php', 36)
 2 APPPATH\Controllers\SummaryInc.php(12): App\Controllers\SummaryInc->list()
 3 SYSTEMPATH\CodeIgniter.php(941): App\Controllers\SummaryInc->index()
 4 SYSTEMPATH\CodeIgniter.php(502): CodeIgniter\CodeIgniter->runController(Object(App\Controllers\SummaryInc))
 5 SYSTEMPATH\CodeIgniter.php(361): CodeIgniter\CodeIgniter->handleRequest(null, Object(Config\Cache), false)
 6 FCPATH\index.php(79): CodeIgniter\CodeIgniter->run()
INFO - 2024-02-16 12:27:40 --> Session: Class initialized using 'CodeIgniter\Session\Handlers\FileHandler' driver.
INFO - 2024-02-16 12:27:53 --> Session: Class initialized using 'CodeIgniter\Session\Handlers\FileHandler' driver.
INFO - 2024-02-16 12:28:42 --> Session: Class initialized using 'CodeIgniter\Session\Handlers\FileHandler' driver.
INFO - 2024-02-16 12:29:01 --> Session: Class initialized using 'CodeIgniter\Session\Handlers\FileHandler' driver.
CRITICAL - 2024-02-16 12:29:01 --> ErrorException: Undefined property: stdClass::$id
in APPPATH\Views\modules\summaryinc\summaryincview.php on line 41.
 1 APPPATH\Views\modules\summaryinc\summaryincview.php(41): CodeIgniter\Debug\Exceptions->errorHandler(2, 'Undefined property: stdClass::$id', 'C:\\wamp64\\www\\evaluation_system\\app\\Views\\modules\\summaryinc\\summaryincview.php', 41)
 2 SYSTEMPATH\View\View.php(228): include('C:\\wamp64\\www\\evaluation_system\\app\\Views\\modules\\summaryinc\\summaryincview.php')
 3 SYSTEMPATH\View\View.php(231): CodeIgniter\View\View->CodeIgniter\View\{closure}()
 4 SYSTEMPATH\Common.php(1178): CodeIgniter\View\View->render('modules/summaryinc/summaryincview', [], true)
 5 APPPATH\Controllers\SummaryInc.php(44): view('modules/summaryinc/summaryincview')
 6 APPPATH\Controllers\SummaryInc.php(12): App\Controllers\SummaryInc->list()
 7 SYSTEMPATH\CodeIgniter.php(941): App\Controllers\SummaryInc->index()
 8 SYSTEMPATH\CodeIgniter.php(502): CodeIgniter\CodeIgniter->runController(Object(App\Controllers\SummaryInc))
 9 SYSTEMPATH\CodeIgniter.php(361): CodeIgniter\CodeIgniter->handleRequest(null, Object(Config\Cache), false)
10 FCPATH\index.php(79): CodeIgniter\CodeIgniter->run()
INFO - 2024-02-16 12:29:14 --> Session: Class initialized using 'CodeIgniter\Session\Handlers\FileHandler' driver.
INFO - 2024-02-16 12:33:06 --> Session: Class initialized using 'CodeIgniter\Session\Handlers\FileHandler' driver.
INFO - 2024-02-16 12:33:21 --> Session: Class initialized using 'CodeIgniter\Session\Handlers\FileHandler' driver.
INFO - 2024-02-16 12:37:00 --> Session: Class initialized using 'CodeIgniter\Session\Handlers\FileHandler' driver.
INFO - 2024-02-16 12:37:02 --> Session: Class initialized using 'CodeIgniter\Session\Handlers\FileHandler' driver.
INFO - 2024-02-16 12:37:32 --> Session: Class initialized using 'CodeIgniter\Session\Handlers\FileHandler' driver.
INFO - 2024-02-16 12:37:33 --> Session: Class initialized using 'CodeIgniter\Session\Handlers\FileHandler' driver.
INFO - 2024-02-16 12:38:36 --> Session: Class initialized using 'CodeIgniter\Session\Handlers\FileHandler' driver.
INFO - 2024-02-16 12:38:42 --> Session: Class initialized using 'CodeIgniter\Session\Handlers\FileHandler' driver.
INFO - 2024-02-16 12:38:44 --> Session: Class initialized using 'CodeIgniter\Session\Handlers\FileHandler' driver.
INFO - 2024-02-16 12:39:02 --> Session: Class initialized using 'CodeIgniter\Session\Handlers\FileHandler' driver.
INFO - 2024-02-16 12:39:03 --> Session: Class initialized using 'CodeIgniter\Session\Handlers\FileHandler' driver.
INFO - 2024-02-16 12:39:40 --> Session: Class initialized using 'CodeIgniter\Session\Handlers\FileHandler' driver.
INFO - 2024-02-16 12:39:56 --> Session: Class initialized using 'CodeIgniter\Session\Handlers\FileHandler' driver.
INFO - 2024-02-16 12:40:05 --> Session: Class initialized using 'CodeIgniter\Session\Handlers\FileHandler' driver.
INFO - 2024-02-16 12:40:47 --> Session: Class initialized using 'CodeIgniter\Session\Handlers\FileHandler' driver.
INFO - 2024-02-16 12:40:48 --> Session: Class initialized using 'CodeIgniter\Session\Handlers\FileHandler' driver.
INFO - 2024-02-16 12:41:15 --> Session: Class initialized using 'CodeIgniter\Session\Handlers\FileHandler' driver.
INFO - 2024-02-16 12:41:21 --> Session: Class initialized using 'CodeIgniter\Session\Handlers\FileHandler' driver.
INFO - 2024-02-16 12:41:30 --> Session: Class initialized using 'CodeIgniter\Session\Handlers\FileHandler' driver.
INFO - 2024-02-16 12:42:01 --> Session: Class initialized using 'CodeIgniter\Session\Handlers\FileHandler' driver.
INFO - 2024-02-16 12:42:02 --> Session: Class initialized using 'CodeIgniter\Session\Handlers\FileHandler' driver.
INFO - 2024-02-16 12:42:05 --> Session: Class initialized using 'CodeIgniter\Session\Handlers\FileHandler' driver.
INFO - 2024-02-16 12:42:45 --> Session: Class initialized using 'CodeIgniter\Session\Handlers\FileHandler' driver.
INFO - 2024-02-16 12:42:46 --> Session: Class initialized using 'CodeIgniter\Session\Handlers\FileHandler' driver.
INFO - 2024-02-16 12:42:49 --> Session: Class initialized using 'CodeIgniter\Session\Handlers\FileHandler' driver.
INFO - 2024-02-16 12:43:14 --> Session: Class initialized using 'CodeIgniter\Session\Handlers\FileHandler' driver.
INFO - 2024-02-16 12:43:28 --> Session: Class initialized using 'CodeIgniter\Session\Handlers\FileHandler' driver.
INFO - 2024-02-16 12:44:01 --> Session: Class initialized using 'CodeIgniter\Session\Handlers\FileHandler' driver.
INFO - 2024-02-16 12:44:04 --> Session: Class initialized using 'CodeIgniter\Session\Handlers\FileHandler' driver.
INFO - 2024-02-16 12:45:20 --> Session: Class initialized using 'CodeIgniter\Session\Handlers\FileHandler' driver.
INFO - 2024-02-16 12:45:29 --> Session: Class initialized using 'CodeIgniter\Session\Handlers\FileHandler' driver.
INFO - 2024-02-16 12:47:00 --> Session: Class initialized using 'CodeIgniter\Session\Handlers\FileHandler' driver.
INFO - 2024-02-16 12:47:04 --> Session: Class initialized using 'CodeIgniter\Session\Handlers\FileHandler' driver.
INFO - 2024-02-16 12:47:59 --> Session: Class initialized using 'CodeIgniter\Session\Handlers\FileHandler' driver.
INFO - 2024-02-16 12:48:02 --> Session: Class initialized using 'CodeIgniter\Session\Handlers\FileHandler' driver.
INFO - 2024-02-16 12:48:11 --> Session: Class initialized using 'CodeIgniter\Session\Handlers\FileHandler' driver.
CRITICAL - 2024-02-16 12:48:11 --> ErrorException: Undefined property: stdClass::$courseD
in APPPATH\Views\modules\summaryinc\summaryincview.php on line 41.
 1 APPPATH\Views\modules\summaryinc\summaryincview.php(41): CodeIgniter\Debug\Exceptions->errorHandler(2, 'Undefined property: stdClass::$courseD', 'C:\\wamp64\\www\\evaluation_system\\app\\Views\\modules\\summaryinc\\summaryincview.php', 41)
 2 SYSTEMPATH\View\View.php(228): include('C:\\wamp64\\www\\evaluation_system\\app\\Views\\modules\\summaryinc\\summaryincview.php')
 3 SYSTEMPATH\View\View.php(231): CodeIgniter\View\View->CodeIgniter\View\{closure}()
 4 SYSTEMPATH\Common.php(1178): CodeIgniter\View\View->render('modules/summaryinc/summaryincview', [], true)
 5 APPPATH\Controllers\SummaryInc.php(46): view('modules/summaryinc/summaryincview')
 6 APPPATH\Controllers\SummaryInc.php(12): App\Controllers\SummaryInc->list()
 7 SYSTEMPATH\CodeIgniter.php(941): App\Controllers\SummaryInc->index()
 8 SYSTEMPATH\CodeIgniter.php(502): CodeIgniter\CodeIgniter->runController(Object(App\Controllers\SummaryInc))
 9 SYSTEMPATH\CodeIgniter.php(361): CodeIgniter\CodeIgniter->handleRequest(null, Object(Config\Cache), false)
10 FCPATH\index.php(79): CodeIgniter\CodeIgniter->run()
INFO - 2024-02-16 12:49:45 --> Session: Class initialized using 'CodeIgniter\Session\Handlers\FileHandler' driver.
INFO - 2024-02-16 12:49:55 --> Session: Class initialized using 'CodeIgniter\Session\Handlers\FileHandler' driver.
INFO - 2024-02-16 12:50:06 --> Session: Class initialized using 'CodeIgniter\Session\Handlers\FileHandler' driver.
INFO - 2024-02-16 12:50:12 --> Session: Class initialized using 'CodeIgniter\Session\Handlers\FileHandler' driver.
INFO - 2024-02-16 12:50:28 --> Session: Class initialized using 'CodeIgniter\Session\Handlers\FileHandler' driver.
INFO - 2024-02-16 12:51:27 --> Session: Class initialized using 'CodeIgniter\Session\Handlers\FileHandler' driver.
INFO - 2024-02-16 12:51:49 --> Session: Class initialized using 'CodeIgniter\Session\Handlers\FileHandler' driver.
INFO - 2024-02-16 12:51:52 --> Session: Class initialized using 'CodeIgniter\Session\Handlers\FileHandler' driver.
INFO - 2024-02-16 12:52:16 --> Session: Class initialized using 'CodeIgniter\Session\Handlers\FileHandler' driver.
INFO - 2024-02-16 12:52:18 --> Session: Class initialized using 'CodeIgniter\Session\Handlers\FileHandler' driver.
INFO - 2024-02-16 12:52:27 --> Session: Class initialized using 'CodeIgniter\Session\Handlers\FileHandler' driver.
INFO - 2024-02-16 12:52:30 --> Session: Class initialized using 'CodeIgniter\Session\Handlers\FileHandler' driver.
INFO - 2024-02-16 12:53:15 --> Session: Class initialized using 'CodeIgniter\Session\Handlers\FileHandler' driver.
CRITICAL - 2024-02-16 12:53:15 --> ErrorException: Undefined variable $selectedCourse
in APPPATH\Views\modules\summaryinc\summaryincview.php on line 43.
 1 APPPATH\Views\modules\summaryinc\summaryincview.php(43): CodeIgniter\Debug\Exceptions->errorHandler(2, 'Undefined variable $selectedCourse', 'C:\\wamp64\\www\\evaluation_system\\app\\Views\\modules\\summaryinc\\summaryincview.php', 43)
 2 SYSTEMPATH\View\View.php(228): include('C:\\wamp64\\www\\evaluation_system\\app\\Views\\modules\\summaryinc\\summaryincview.php')
 3 SYSTEMPATH\View\View.php(231): CodeIgniter\View\View->CodeIgniter\View\{closure}()
 4 SYSTEMPATH\Common.php(1178): CodeIgniter\View\View->render('modules/summaryinc/summaryincview', [], true)
 5 APPPATH\Controllers\SummaryInc.php(46): view('modules/summaryinc/summaryincview')
 6 APPPATH\Controllers\SummaryInc.php(12): App\Controllers\SummaryInc->list()
 7 SYSTEMPATH\CodeIgniter.php(941): App\Controllers\SummaryInc->index()
 8 SYSTEMPATH\CodeIgniter.php(502): CodeIgniter\CodeIgniter->runController(Object(App\Controllers\SummaryInc))
 9 SYSTEMPATH\CodeIgniter.php(361): CodeIgniter\CodeIgniter->handleRequest(null, Object(Config\Cache), false)
10 FCPATH\index.php(79): CodeIgniter\CodeIgniter->run()
INFO - 2024-02-16 12:53:26 --> Session: Class initialized using 'CodeIgniter\Session\Handlers\FileHandler' driver.
CRITICAL - 2024-02-16 12:53:26 --> ErrorException: Undefined variable $selectedCourse
in APPPATH\Views\modules\summaryinc\summaryincview.php on line 43.
 1 APPPATH\Views\modules\summaryinc\summaryincview.php(43): CodeIgniter\Debug\Exceptions->errorHandler(2, 'Undefined variable $selectedCourse', 'C:\\wamp64\\www\\evaluation_system\\app\\Views\\modules\\summaryinc\\summaryincview.php', 43)
 2 SYSTEMPATH\View\View.php(228): include('C:\\wamp64\\www\\evaluation_system\\app\\Views\\modules\\summaryinc\\summaryincview.php')
 3 SYSTEMPATH\View\View.php(231): CodeIgniter\View\View->CodeIgniter\View\{closure}()
 4 SYSTEMPATH\Common.php(1178): CodeIgniter\View\View->render('modules/summaryinc/summaryincview', [], true)
 5 APPPATH\Controllers\SummaryInc.php(46): view('modules/summaryinc/summaryincview')
 6 APPPATH\Controllers\SummaryInc.php(12): App\Controllers\SummaryInc->list()
 7 SYSTEMPATH\CodeIgniter.php(941): App\Controllers\SummaryInc->index()
 8 SYSTEMPATH\CodeIgniter.php(502): CodeIgniter\CodeIgniter->runController(Object(App\Controllers\SummaryInc))
 9 SYSTEMPATH\CodeIgniter.php(361): CodeIgniter\CodeIgniter->handleRequest(null, Object(Config\Cache), false)
10 FCPATH\index.php(79): CodeIgniter\CodeIgniter->run()
INFO - 2024-02-16 12:53:39 --> Session: Class initialized using 'CodeIgniter\Session\Handlers\FileHandler' driver.
INFO - 2024-02-16 12:53:43 --> Session: Class initialized using 'CodeIgniter\Session\Handlers\FileHandler' driver.
INFO - 2024-02-16 12:53:47 --> Session: Class initialized using 'CodeIgniter\Session\Handlers\FileHandler' driver.
INFO - 2024-02-16 12:54:09 --> Session: Class initialized using 'CodeIgniter\Session\Handlers\FileHandler' driver.
INFO - 2024-02-16 12:54:12 --> Session: Class initialized using 'CodeIgniter\Session\Handlers\FileHandler' driver.
INFO - 2024-02-16 12:54:15 --> Session: Class initialized using 'CodeIgniter\Session\Handlers\FileHandler' driver.
INFO - 2024-02-16 12:54:19 --> Session: Class initialized using 'CodeIgniter\Session\Handlers\FileHandler' driver.
INFO - 2024-02-16 12:54:26 --> Session: Class initialized using 'CodeIgniter\Session\Handlers\FileHandler' driver.
INFO - 2024-02-16 12:54:48 --> Session: Class initialized using 'CodeIgniter\Session\Handlers\FileHandler' driver.
INFO - 2024-02-16 12:54:51 --> Session: Class initialized using 'CodeIgniter\Session\Handlers\FileHandler' driver.
INFO - 2024-02-16 12:58:43 --> Session: Class initialized using 'CodeIgniter\Session\Handlers\FileHandler' driver.
INFO - 2024-02-16 13:03:06 --> Session: Class initialized using 'CodeIgniter\Session\Handlers\FileHandler' driver.
INFO - 2024-02-16 13:08:45 --> Session: Class initialized using 'CodeIgniter\Session\Handlers\FileHandler' driver.
INFO - 2024-02-16 13:08:49 --> Session: Class initialized using 'CodeIgniter\Session\Handlers\FileHandler' driver.
INFO - 2024-02-16 13:08:52 --> Session: Class initialized using 'CodeIgniter\Session\Handlers\FileHandler' driver.
INFO - 2024-02-16 13:09:05 --> Session: Class initialized using 'CodeIgniter\Session\Handlers\FileHandler' driver.
INFO - 2024-02-16 13:09:09 --> Session: Class initialized using 'CodeIgniter\Session\Handlers\FileHandler' driver.
INFO - 2024-02-16 13:09:12 --> Session: Class initialized using 'CodeIgniter\Session\Handlers\FileHandler' driver.
INFO - 2024-02-16 13:09:34 --> Session: Class initialized using 'CodeIgniter\Session\Handlers\FileHandler' driver.
INFO - 2024-02-16 13:09:38 --> Session: Class initialized using 'CodeIgniter\Session\Handlers\FileHandler' driver.
INFO - 2024-02-16 13:09:40 --> Session: Class initialized using 'CodeIgniter\Session\Handlers\FileHandler' driver.
INFO - 2024-02-16 13:12:48 --> Session: Class initialized using 'CodeIgniter\Session\Handlers\FileHandler' driver.
INFO - 2024-02-16 13:12:57 --> Session: Class initialized using 'CodeIgniter\Session\Handlers\FileHandler' driver.
INFO - 2024-02-16 13:19:49 --> Session: Class initialized using 'CodeIgniter\Session\Handlers\FileHandler' driver.
INFO - 2024-02-16 13:19:52 --> Session: Class initialized using 'CodeIgniter\Session\Handlers\FileHandler' driver.
INFO - 2024-02-16 13:20:36 --> Session: Class initialized using 'CodeIgniter\Session\Handlers\FileHandler' driver.
INFO - 2024-02-16 13:20:49 --> Session: Class initialized using 'CodeIgniter\Session\Handlers\FileHandler' driver.
INFO - 2024-02-16 13:21:07 --> Session: Class initialized using 'CodeIgniter\Session\Handlers\FileHandler' driver.
INFO - 2024-02-16 13:22:07 --> Session: Class initialized using 'CodeIgniter\Session\Handlers\FileHandler' driver.
INFO - 2024-02-16 13:22:19 --> Session: Class initialized using 'CodeIgniter\Session\Handlers\FileHandler' driver.
INFO - 2024-02-16 13:22:26 --> Session: Class initialized using 'CodeIgniter\Session\Handlers\FileHandler' driver.
INFO - 2024-02-16 13:23:35 --> Session: Class initialized using 'CodeIgniter\Session\Handlers\FileHandler' driver.
INFO - 2024-02-16 13:23:58 --> Session: Class initialized using 'CodeIgniter\Session\Handlers\FileHandler' driver.
INFO - 2024-02-16 13:24:05 --> Session: Class initialized using 'CodeIgniter\Session\Handlers\FileHandler' driver.
INFO - 2024-02-16 13:24:12 --> Session: Class initialized using 'CodeIgniter\Session\Handlers\FileHandler' driver.
INFO - 2024-02-16 13:24:15 --> Session: Class initialized using 'CodeIgniter\Session\Handlers\FileHandler' driver.
INFO - 2024-02-16 13:36:30 --> Session: Class initialized using 'CodeIgniter\Session\Handlers\FileHandler' driver.
INFO - 2024-02-16 13:36:43 --> Session: Class initialized using 'CodeIgniter\Session\Handlers\FileHandler' driver.
INFO - 2024-02-16 13:53:10 --> Session: Class initialized using 'CodeIgniter\Session\Handlers\FileHandler' driver.
INFO - 2024-02-16 13:53:35 --> Session: Class initialized using 'CodeIgniter\Session\Handlers\FileHandler' driver.
INFO - 2024-02-16 13:55:02 --> Session: Class initialized using 'CodeIgniter\Session\Handlers\FileHandler' driver.
INFO - 2024-02-16 13:55:43 --> Session: Class initialized using 'CodeIgniter\Session\Handlers\FileHandler' driver.
INFO - 2024-02-16 13:55:56 --> Session: Class initialized using 'CodeIgniter\Session\Handlers\FileHandler' driver.
INFO - 2024-02-16 13:56:20 --> Session: Class initialized using 'CodeIgniter\Session\Handlers\FileHandler' driver.
INFO - 2024-02-16 13:56:27 --> Session: Class initialized using 'CodeIgniter\Session\Handlers\FileHandler' driver.
INFO - 2024-02-16 14:00:18 --> Session: Class initialized using 'CodeIgniter\Session\Handlers\FileHandler' driver.
CRITICAL - 2024-02-16 14:00:18 --> ErrorException: Undefined variable $ratings
in APPPATH\Views\modules\summaryinc\summaryincview.php on line 161.
 1 APPPATH\Views\modules\summaryinc\summaryincview.php(161): CodeIgniter\Debug\Exceptions->errorHandler(2, 'Undefined variable $ratings', 'C:\\wamp64\\www\\evaluation_system\\app\\Views\\modules\\summaryinc\\summaryincview.php', 161)
 2 SYSTEMPATH\View\View.php(228): include('C:\\wamp64\\www\\evaluation_system\\app\\Views\\modules\\summaryinc\\summaryincview.php')
 3 SYSTEMPATH\View\View.php(231): CodeIgniter\View\View->CodeIgniter\View\{closure}()
 4 SYSTEMPATH\Common.php(1178): CodeIgniter\View\View->render('modules/summaryinc/summaryincview', [], true)
 5 APPPATH\Controllers\SummaryInc.php(75): view('modules/summaryinc/summaryincview')
 6 APPPATH\Controllers\SummaryInc.php(12): App\Controllers\SummaryInc->list()
 7 SYSTEMPATH\CodeIgniter.php(941): App\Controllers\SummaryInc->index()
 8 SYSTEMPATH\CodeIgniter.php(502): CodeIgniter\CodeIgniter->runController(Object(App\Controllers\SummaryInc))
 9 SYSTEMPATH\CodeIgniter.php(361): CodeIgniter\CodeIgniter->handleRequest(null, Object(Config\Cache), false)
10 FCPATH\index.php(79): CodeIgniter\CodeIgniter->run()
INFO - 2024-02-16 14:00:52 --> Session: Class initialized using 'CodeIgniter\Session\Handlers\FileHandler' driver.
INFO - 2024-02-16 14:01:07 --> Session: Class initialized using 'CodeIgniter\Session\Handlers\FileHandler' driver.
CRITICAL - 2024-02-16 14:01:07 --> ErrorException: Undefined property: stdClass::$catID
in APPPATH\Views\modules\summaryinc\summaryincview.php on line 166.
 1 APPPATH\Views\modules\summaryinc\summaryincview.php(166): CodeIgniter\Debug\Exceptions->errorHandler(2, 'Undefined property: stdClass::$catID', 'C:\\wamp64\\www\\evaluation_system\\app\\Views\\modules\\summaryinc\\summaryincview.php', 166)
 2 SYSTEMPATH\View\View.php(228): include('C:\\wamp64\\www\\evaluation_system\\app\\Views\\modules\\summaryinc\\summaryincview.php')
 3 SYSTEMPATH\View\View.php(231): CodeIgniter\View\View->CodeIgniter\View\{closure}()
 4 SYSTEMPATH\Common.php(1178): CodeIgniter\View\View->render('modules/summaryinc/summaryincview', [], true)
 5 APPPATH\Controllers\SummaryInc.php(75): view('modules/summaryinc/summaryincview')
 6 APPPATH\Controllers\SummaryInc.php(12): App\Controllers\SummaryInc->list()
 7 SYSTEMPATH\CodeIgniter.php(941): App\Controllers\SummaryInc->index()
 8 SYSTEMPATH\CodeIgniter.php(502): CodeIgniter\CodeIgniter->runController(Object(App\Controllers\SummaryInc))
 9 SYSTEMPATH\CodeIgniter.php(361): CodeIgniter\CodeIgniter->handleRequest(null, Object(Config\Cache), false)
10 FCPATH\index.php(79): CodeIgniter\CodeIgniter->run()
INFO - 2024-02-16 14:02:14 --> Session: Class initialized using 'CodeIgniter\Session\Handlers\FileHandler' driver.
CRITICAL - 2024-02-16 14:02:14 --> ErrorException: Undefined property: stdClass::$catID
in APPPATH\Views\modules\summaryinc\summaryincview.php on line 169.
 1 APPPATH\Views\modules\summaryinc\summaryincview.php(169): CodeIgniter\Debug\Exceptions->errorHandler(2, 'Undefined property: stdClass::$catID', 'C:\\wamp64\\www\\evaluation_system\\app\\Views\\modules\\summaryinc\\summaryincview.php', 169)
 2 SYSTEMPATH\View\View.php(228): include('C:\\wamp64\\www\\evaluation_system\\app\\Views\\modules\\summaryinc\\summaryincview.php')
 3 SYSTEMPATH\View\View.php(231): CodeIgniter\View\View->CodeIgniter\View\{closure}()
 4 SYSTEMPATH\Common.php(1178): CodeIgniter\View\View->render('modules/summaryinc/summaryincview', [], true)
 5 APPPATH\Controllers\SummaryInc.php(75): view('modules/summaryinc/summaryincview')
 6 APPPATH\Controllers\SummaryInc.php(12): App\Controllers\SummaryInc->list()
 7 SYSTEMPATH\CodeIgniter.php(941): App\Controllers\SummaryInc->index()
 8 SYSTEMPATH\CodeIgniter.php(502): CodeIgniter\CodeIgniter->runController(Object(App\Controllers\SummaryInc))
 9 SYSTEMPATH\CodeIgniter.php(361): CodeIgniter\CodeIgniter->handleRequest(null, Object(Config\Cache), false)
10 FCPATH\index.php(79): CodeIgniter\CodeIgniter->run()
INFO - 2024-02-16 14:02:56 --> Session: Class initialized using 'CodeIgniter\Session\Handlers\FileHandler' driver.
INFO - 2024-02-16 14:02:59 --> Session: Class initialized using 'CodeIgniter\Session\Handlers\FileHandler' driver.
INFO - 2024-02-16 14:03:04 --> Session: Class initialized using 'CodeIgniter\Session\Handlers\FileHandler' driver.
CRITICAL - 2024-02-16 14:03:04 --> ErrorException: Undefined property: stdClass::$catID
in APPPATH\Views\modules\summaryinc\summaryincview.php on line 169.
 1 APPPATH\Views\modules\summaryinc\summaryincview.php(169): CodeIgniter\Debug\Exceptions->errorHandler(2, 'Undefined property: stdClass::$catID', 'C:\\wamp64\\www\\evaluation_system\\app\\Views\\modules\\summaryinc\\summaryincview.php', 169)
 2 SYSTEMPATH\View\View.php(228): include('C:\\wamp64\\www\\evaluation_system\\app\\Views\\modules\\summaryinc\\summaryincview.php')
 3 SYSTEMPATH\View\View.php(231): CodeIgniter\View\View->CodeIgniter\View\{closure}()
 4 SYSTEMPATH\Common.php(1178): CodeIgniter\View\View->render('modules/summaryinc/summaryincview', [], true)
 5 APPPATH\Controllers\SummaryInc.php(75): view('modules/summaryinc/summaryincview')
 6 APPPATH\Controllers\SummaryInc.php(12): App\Controllers\SummaryInc->list()
 7 SYSTEMPATH\CodeIgniter.php(941): App\Controllers\SummaryInc->index()
 8 SYSTEMPATH\CodeIgniter.php(502): CodeIgniter\CodeIgniter->runController(Object(App\Controllers\SummaryInc))
 9 SYSTEMPATH\CodeIgniter.php(361): CodeIgniter\CodeIgniter->handleRequest(null, Object(Config\Cache), false)
10 FCPATH\index.php(79): CodeIgniter\CodeIgniter->run()
INFO - 2024-02-16 14:03:30 --> Session: Class initialized using 'CodeIgniter\Session\Handlers\FileHandler' driver.
CRITICAL - 2024-02-16 14:03:30 --> ErrorException: Undefined property: stdClass::$catID
in APPPATH\Views\modules\summaryinc\summaryincview.php on line 149.
 1 APPPATH\Views\modules\summaryinc\summaryincview.php(149): CodeIgniter\Debug\Exceptions->errorHandler(2, 'Undefined property: stdClass::$catID', 'C:\\wamp64\\www\\evaluation_system\\app\\Views\\modules\\summaryinc\\summaryincview.php', 149)
 2 SYSTEMPATH\View\View.php(228): include('C:\\wamp64\\www\\evaluation_system\\app\\Views\\modules\\summaryinc\\summaryincview.php')
 3 SYSTEMPATH\View\View.php(231): CodeIgniter\View\View->CodeIgniter\View\{closure}()
 4 SYSTEMPATH\Common.php(1178): CodeIgniter\View\View->render('modules/summaryinc/summaryincview', [], true)
 5 APPPATH\Controllers\SummaryInc.php(75): view('modules/summaryinc/summaryincview')
 6 APPPATH\Controllers\SummaryInc.php(12): App\Controllers\SummaryInc->list()
 7 SYSTEMPATH\CodeIgniter.php(941): App\Controllers\SummaryInc->index()
 8 SYSTEMPATH\CodeIgniter.php(502): CodeIgniter\CodeIgniter->runController(Object(App\Controllers\SummaryInc))
 9 SYSTEMPATH\CodeIgniter.php(361): CodeIgniter\CodeIgniter->handleRequest(null, Object(Config\Cache), false)
10 FCPATH\index.php(79): CodeIgniter\CodeIgniter->run()
INFO - 2024-02-16 14:03:49 --> Session: Class initialized using 'CodeIgniter\Session\Handlers\FileHandler' driver.
INFO - 2024-02-16 14:03:54 --> Session: Class initialized using 'CodeIgniter\Session\Handlers\FileHandler' driver.
INFO - 2024-02-16 14:04:14 --> Session: Class initialized using 'CodeIgniter\Session\Handlers\FileHandler' driver.
INFO - 2024-02-16 14:04:38 --> Session: Class initialized using 'CodeIgniter\Session\Handlers\FileHandler' driver.
INFO - 2024-02-16 14:04:55 --> Session: Class initialized using 'CodeIgniter\Session\Handlers\FileHandler' driver.
INFO - 2024-02-16 14:05:12 --> Session: Class initialized using 'CodeIgniter\Session\Handlers\FileHandler' driver.
INFO - 2024-02-16 14:05:33 --> Session: Class initialized using 'CodeIgniter\Session\Handlers\FileHandler' driver.
INFO - 2024-02-16 14:05:50 --> Session: Class initialized using 'CodeIgniter\Session\Handlers\FileHandler' driver.
INFO - 2024-02-16 14:29:31 --> Session: Class initialized using 'CodeIgniter\Session\Handlers\FileHandler' driver.
INFO - 2024-02-16 14:31:41 --> Session: Class initialized using 'CodeIgniter\Session\Handlers\FileHandler' driver.
INFO - 2024-02-16 14:31:52 --> Session: Class initialized using 'CodeIgniter\Session\Handlers\FileHandler' driver.
INFO - 2024-02-16 14:32:02 --> Session: Class initialized using 'CodeIgniter\Session\Handlers\FileHandler' driver.
INFO - 2024-02-16 14:32:08 --> Session: Class initialized using 'CodeIgniter\Session\Handlers\FileHandler' driver.
INFO - 2024-02-16 14:32:16 --> Session: Class initialized using 'CodeIgniter\Session\Handlers\FileHandler' driver.
INFO - 2024-02-16 14:32:47 --> Session: Class initialized using 'CodeIgniter\Session\Handlers\FileHandler' driver.
INFO - 2024-02-16 14:32:58 --> Session: Class initialized using 'CodeIgniter\Session\Handlers\FileHandler' driver.
INFO - 2024-02-16 14:33:03 --> Session: Class initialized using 'CodeIgniter\Session\Handlers\FileHandler' driver.
INFO - 2024-02-16 14:33:06 --> Session: Class initialized using 'CodeIgniter\Session\Handlers\FileHandler' driver.
INFO - 2024-02-16 14:33:15 --> Session: Class initialized using 'CodeIgniter\Session\Handlers\FileHandler' driver.
INFO - 2024-02-16 14:34:52 --> Session: Class initialized using 'CodeIgniter\Session\Handlers\FileHandler' driver.
INFO - 2024-02-16 14:35:20 --> Session: Class initialized using 'CodeIgniter\Session\Handlers\FileHandler' driver.
INFO - 2024-02-16 14:36:06 --> Session: Class initialized using 'CodeIgniter\Session\Handlers\FileHandler' driver.
INFO - 2024-02-16 14:38:18 --> Session: Class initialized using 'CodeIgniter\Session\Handlers\FileHandler' driver.
INFO - 2024-02-16 14:38:51 --> Session: Class initialized using 'CodeIgniter\Session\Handlers\FileHandler' driver.
INFO - 2024-02-16 14:39:01 --> Session: Class initialized using 'CodeIgniter\Session\Handlers\FileHandler' driver.
INFO - 2024-02-16 14:39:13 --> Session: Class initialized using 'CodeIgniter\Session\Handlers\FileHandler' driver.
INFO - 2024-02-16 14:39:41 --> Session: Class initialized using 'CodeIgniter\Session\Handlers\FileHandler' driver.
INFO - 2024-02-16 14:39:46 --> Session: Class initialized using 'CodeIgniter\Session\Handlers\FileHandler' driver.
INFO - 2024-02-16 14:40:18 --> Session: Class initialized using 'CodeIgniter\Session\Handlers\FileHandler' driver.
INFO - 2024-02-16 14:40:23 --> Session: Class initialized using 'CodeIgniter\Session\Handlers\FileHandler' driver.
INFO - 2024-02-16 14:40:34 --> Session: Class initialized using 'CodeIgniter\Session\Handlers\FileHandler' driver.
INFO - 2024-02-16 14:41:12 --> Session: Class initialized using 'CodeIgniter\Session\Handlers\FileHandler' driver.
INFO - 2024-02-16 14:41:34 --> Session: Class initialized using 'CodeIgniter\Session\Handlers\FileHandler' driver.
INFO - 2024-02-16 14:42:03 --> Session: Class initialized using 'CodeIgniter\Session\Handlers\FileHandler' driver.
INFO - 2024-02-16 14:42:22 --> Session: Class initialized using 'CodeIgniter\Session\Handlers\FileHandler' driver.
INFO - 2024-02-16 14:42:49 --> Session: Class initialized using 'CodeIgniter\Session\Handlers\FileHandler' driver.
INFO - 2024-02-16 14:43:12 --> Session: Class initialized using 'CodeIgniter\Session\Handlers\FileHandler' driver.
INFO - 2024-02-16 14:43:20 --> Session: Class initialized using 'CodeIgniter\Session\Handlers\FileHandler' driver.
INFO - 2024-02-16 14:43:35 --> Session: Class initialized using 'CodeIgniter\Session\Handlers\FileHandler' driver.
INFO - 2024-02-16 14:44:48 --> Session: Class initialized using 'CodeIgniter\Session\Handlers\FileHandler' driver.
INFO - 2024-02-16 14:45:47 --> Session: Class initialized using 'CodeIgniter\Session\Handlers\FileHandler' driver.
INFO - 2024-02-16 14:50:36 --> Session: Class initialized using 'CodeIgniter\Session\Handlers\FileHandler' driver.
INFO - 2024-02-16 14:50:58 --> Session: Class initialized using 'CodeIgniter\Session\Handlers\FileHandler' driver.
INFO - 2024-02-16 14:51:21 --> Session: Class initialized using 'CodeIgniter\Session\Handlers\FileHandler' driver.
INFO - 2024-02-16 14:51:28 --> Session: Class initialized using 'CodeIgniter\Session\Handlers\FileHandler' driver.
INFO - 2024-02-16 14:52:02 --> Session: Class initialized using 'CodeIgniter\Session\Handlers\FileHandler' driver.
INFO - 2024-02-16 15:09:25 --> Session: Class initialized using 'CodeIgniter\Session\Handlers\FileHandler' driver.
INFO - 2024-02-16 15:11:18 --> Session: Class initialized using 'CodeIgniter\Session\Handlers\FileHandler' driver.
INFO - 2024-02-16 15:11:54 --> Session: Class initialized using 'CodeIgniter\Session\Handlers\FileHandler' driver.
INFO - 2024-02-16 15:12:51 --> Session: Class initialized using 'CodeIgniter\Session\Handlers\FileHandler' driver.
INFO - 2024-02-16 15:17:43 --> Session: Class initialized using 'CodeIgniter\Session\Handlers\FileHandler' driver.
INFO - 2024-02-16 15:17:55 --> Session: Class initialized using 'CodeIgniter\Session\Handlers\FileHandler' driver.
INFO - 2024-02-16 15:18:04 --> Session: Class initialized using 'CodeIgniter\Session\Handlers\FileHandler' driver.
INFO - 2024-02-16 15:18:24 --> Session: Class initialized using 'CodeIgniter\Session\Handlers\FileHandler' driver.
INFO - 2024-02-16 15:18:32 --> Session: Class initialized using 'CodeIgniter\Session\Handlers\FileHandler' driver.
INFO - 2024-02-16 15:19:13 --> Session: Class initialized using 'CodeIgniter\Session\Handlers\FileHandler' driver.
INFO - 2024-02-16 15:25:24 --> Session: Class initialized using 'CodeIgniter\Session\Handlers\FileHandler' driver.
INFO - 2024-02-16 15:29:16 --> Session: Class initialized using 'CodeIgniter\Session\Handlers\FileHandler' driver.
INFO - 2024-02-16 15:30:35 --> Session: Class initialized using 'CodeIgniter\Session\Handlers\FileHandler' driver.
INFO - 2024-02-16 15:30:49 --> Session: Class initialized using 'CodeIgniter\Session\Handlers\FileHandler' driver.
INFO - 2024-02-16 15:39:37 --> Session: Class initialized using 'CodeIgniter\Session\Handlers\FileHandler' driver.
INFO - 2024-02-16 15:39:50 --> Session: Class initialized using 'CodeIgniter\Session\Handlers\FileHandler' driver.
INFO - 2024-02-16 15:39:54 --> Session: Class initialized using 'CodeIgniter\Session\Handlers\FileHandler' driver.
CRITICAL - 2024-02-16 15:39:54 --> DivisionByZeroError: Division by zero
in APPPATH\Views\modules\summaryinc\summaryincview.php on line 178.
 1 SYSTEMPATH\View\View.php(228): include()
 2 SYSTEMPATH\View\View.php(231): CodeIgniter\View\View->CodeIgniter\View\{closure}()
 3 SYSTEMPATH\Common.php(1178): CodeIgniter\View\View->render('modules/summaryinc/summaryincview', [], true)
 4 APPPATH\Controllers\SummaryInc.php(81): view('modules/summaryinc/summaryincview')
 5 APPPATH\Controllers\SummaryInc.php(12): App\Controllers\SummaryInc->list()
 6 SYSTEMPATH\CodeIgniter.php(941): App\Controllers\SummaryInc->index()
 7 SYSTEMPATH\CodeIgniter.php(502): CodeIgniter\CodeIgniter->runController(Object(App\Controllers\SummaryInc))
 8 SYSTEMPATH\CodeIgniter.php(361): CodeIgniter\CodeIgniter->handleRequest(null, Object(Config\Cache), false)
 9 FCPATH\index.php(79): CodeIgniter\CodeIgniter->run()
INFO - 2024-02-16 15:40:01 --> Session: Class initialized using 'CodeIgniter\Session\Handlers\FileHandler' driver.
INFO - 2024-02-16 15:42:17 --> Session: Class initialized using 'CodeIgniter\Session\Handlers\FileHandler' driver.
INFO - 2024-02-16 16:02:46 --> Session: Class initialized using 'CodeIgniter\Session\Handlers\FileHandler' driver.
INFO - 2024-02-16 16:02:54 --> Session: Class initialized using 'CodeIgniter\Session\Handlers\FileHandler' driver.
ERROR - 2024-02-16 16:02:54 --> mysqli_sql_exception: You have an error in your SQL syntax; check the manual that corresponds to your MySQL server version for the right syntax to use near '`ballot`.`studentID`' at line 7 in C:\wamp64\www\evaluation_system\vendor\codeigniter4\framework\system\Database\MySQLi\Connection.php:306
Stack trace:
#0 C:\wamp64\www\evaluation_system\vendor\codeigniter4\framework\system\Database\MySQLi\Connection.php(306): mysqli->query('SELECT SUM(ball...', 0)
#1 C:\wamp64\www\evaluation_system\vendor\codeigniter4\framework\system\Database\BaseConnection.php(693): CodeIgniter\Database\MySQLi\Connection->execute('SELECT SUM(ball...')
#2 C:\wamp64\www\evaluation_system\vendor\codeigniter4\framework\system\Database\BaseConnection.php(607): CodeIgniter\Database\BaseConnection->simpleQuery('SELECT SUM(ball...')
#3 C:\wamp64\www\evaluation_system\vendor\codeigniter4\framework\system\Database\BaseBuilder.php(1616): CodeIgniter\Database\BaseConnection->query('SELECT SUM(ball...', Array, false)
#4 C:\wamp64\www\evaluation_system\app\Controllers\SummaryInc.php(64): CodeIgniter\Database\BaseBuilder->get()
#5 C:\wamp64\www\evaluation_system\app\Controllers\SummaryInc.php(12): App\Controllers\SummaryInc->list()
#6 C:\wamp64\www\evaluation_system\vendor\codeigniter4\framework\system\CodeIgniter.php(941): App\Controllers\SummaryInc->index()
#7 C:\wamp64\www\evaluation_system\vendor\codeigniter4\framework\system\CodeIgniter.php(502): CodeIgniter\CodeIgniter->runController(Object(App\Controllers\SummaryInc))
#8 C:\wamp64\www\evaluation_system\vendor\codeigniter4\framework\system\CodeIgniter.php(361): CodeIgniter\CodeIgniter->handleRequest(NULL, Object(Config\Cache), false)
#9 C:\wamp64\www\evaluation_system\public\index.php(79): CodeIgniter\CodeIgniter->run()
#10 {main}
CRITICAL - 2024-02-16 16:02:54 --> CodeIgniter\Database\Exceptions\DatabaseException: You have an error in your SQL syntax; check the manual that corresponds to your MySQL server version for the right syntax to use near '`ballot`.`studentID`' at line 7
in SYSTEMPATH\Database\BaseConnection.php on line 647.
 1 SYSTEMPATH\Database\BaseBuilder.php(1616): CodeIgniter\Database\BaseConnection->query('SELECT SUM(ballot.rating) as rating, COUNT(ballot.rating) as num, `ballot`.`catID` as `catID`
FROM `ballot`
RIGHT JOIN `evaluations` ON `ballot`.`evaluationID` = `evaluations`.`id`
WHERE `evaluations`.`acadYear` = :evaluations.acadYear:
AND `evaluations`.`term` = :evaluations.term:
AND `ballot`.`facultyID` = :ballot.facultyID:
GROUP BY `ballot`.`catID,` `ballot`.`studentID`', [...], false)
 2 APPPATH\Controllers\SummaryInc.php(64): CodeIgniter\Database\BaseBuilder->get()
 3 APPPATH\Controllers\SummaryInc.php(12): App\Controllers\SummaryInc->list()
 4 SYSTEMPATH\CodeIgniter.php(941): App\Controllers\SummaryInc->index()
 5 SYSTEMPATH\CodeIgniter.php(502): CodeIgniter\CodeIgniter->runController(Object(App\Controllers\SummaryInc))
 6 SYSTEMPATH\CodeIgniter.php(361): CodeIgniter\CodeIgniter->handleRequest(null, Object(Config\Cache), false)
 7 FCPATH\index.php(79): CodeIgniter\CodeIgniter->run()
CRITICAL - 2024-02-16 16:02:54 --> [Caused by] CodeIgniter\Database\Exceptions\DatabaseException: You have an error in your SQL syntax; check the manual that corresponds to your MySQL server version for the right syntax to use near '`ballot`.`studentID`' at line 7
in SYSTEMPATH\Database\MySQLi\Connection.php on line 311.
 1 SYSTEMPATH\Database\BaseConnection.php(693): CodeIgniter\Database\MySQLi\Connection->execute('SELECT SUM(ballot.rating) as rating, COUNT(ballot.rating) as num, `ballot`.`catID` as `catID`
FROM `ballot`
RIGHT JOIN `evaluations` ON `ballot`.`evaluationID` = `evaluations`.`id`
WHERE `evaluations`.`acadYear` = \'2020\'
AND `evaluations`.`term` = \'1\'
AND `ballot`.`facultyID` = \'84\'
GROUP BY `ballot`.`catID,` `ballot`.`studentID`')
 2 SYSTEMPATH\Database\BaseConnection.php(607): CodeIgniter\Database\BaseConnection->simpleQuery('SELECT SUM(ballot.rating) as rating, COUNT(ballot.rating) as num, `ballot`.`catID` as `catID`
FROM `ballot`
RIGHT JOIN `evaluations` ON `ballot`.`evaluationID` = `evaluations`.`id`
WHERE `evaluations`.`acadYear` = \'2020\'
AND `evaluations`.`term` = \'1\'
AND `ballot`.`facultyID` = \'84\'
GROUP BY `ballot`.`catID,` `ballot`.`studentID`')
 3 SYSTEMPATH\Database\BaseBuilder.php(1616): CodeIgniter\Database\BaseConnection->query('SELECT SUM(ballot.rating) as rating, COUNT(ballot.rating) as num, `ballot`.`catID` as `catID`
FROM `ballot`
RIGHT JOIN `evaluations` ON `ballot`.`evaluationID` = `evaluations`.`id`
WHERE `evaluations`.`acadYear` = :evaluations.acadYear:
AND `evaluations`.`term` = :evaluations.term:
AND `ballot`.`facultyID` = :ballot.facultyID:
GROUP BY `ballot`.`catID,` `ballot`.`studentID`', [...], false)
 4 APPPATH\Controllers\SummaryInc.php(64): CodeIgniter\Database\BaseBuilder->get()
 5 APPPATH\Controllers\SummaryInc.php(12): App\Controllers\SummaryInc->list()
 6 SYSTEMPATH\CodeIgniter.php(941): App\Controllers\SummaryInc->index()
 7 SYSTEMPATH\CodeIgniter.php(502): CodeIgniter\CodeIgniter->runController(Object(App\Controllers\SummaryInc))
 8 SYSTEMPATH\CodeIgniter.php(361): CodeIgniter\CodeIgniter->handleRequest(null, Object(Config\Cache), false)
 9 FCPATH\index.php(79): CodeIgniter\CodeIgniter->run()
CRITICAL - 2024-02-16 16:02:54 --> [Caused by] mysqli_sql_exception: You have an error in your SQL syntax; check the manual that corresponds to your MySQL server version for the right syntax to use near '`ballot`.`studentID`' at line 7
in SYSTEMPATH\Database\MySQLi\Connection.php on line 306.
 1 SYSTEMPATH\Database\MySQLi\Connection.php(306): mysqli->query('SELECT SUM(ballot.rating) as rating, COUNT(ballot.rating) as num, `ballot`.`catID` as `catID`
FROM `ballot`
RIGHT JOIN `evaluations` ON `ballot`.`evaluationID` = `evaluations`.`id`
WHERE `evaluations`.`acadYear` = \'2020\'
AND `evaluations`.`term` = \'1\'
AND `ballot`.`facultyID` = \'84\'
GROUP BY `ballot`.`catID,` `ballot`.`studentID`', 0)
 2 SYSTEMPATH\Database\BaseConnection.php(693): CodeIgniter\Database\MySQLi\Connection->execute('SELECT SUM(ballot.rating) as rating, COUNT(ballot.rating) as num, `ballot`.`catID` as `catID`
FROM `ballot`
RIGHT JOIN `evaluations` ON `ballot`.`evaluationID` = `evaluations`.`id`
WHERE `evaluations`.`acadYear` = \'2020\'
AND `evaluations`.`term` = \'1\'
AND `ballot`.`facultyID` = \'84\'
GROUP BY `ballot`.`catID,` `ballot`.`studentID`')
 3 SYSTEMPATH\Database\BaseConnection.php(607): CodeIgniter\Database\BaseConnection->simpleQuery('SELECT SUM(ballot.rating) as rating, COUNT(ballot.rating) as num, `ballot`.`catID` as `catID`
FROM `ballot`
RIGHT JOIN `evaluations` ON `ballot`.`evaluationID` = `evaluations`.`id`
WHERE `evaluations`.`acadYear` = \'2020\'
AND `evaluations`.`term` = \'1\'
AND `ballot`.`facultyID` = \'84\'
GROUP BY `ballot`.`catID,` `ballot`.`studentID`')
 4 SYSTEMPATH\Database\BaseBuilder.php(1616): CodeIgniter\Database\BaseConnection->query('SELECT SUM(ballot.rating) as rating, COUNT(ballot.rating) as num, `ballot`.`catID` as `catID`
FROM `ballot`
RIGHT JOIN `evaluations` ON `ballot`.`evaluationID` = `evaluations`.`id`
WHERE `evaluations`.`acadYear` = :evaluations.acadYear:
AND `evaluations`.`term` = :evaluations.term:
AND `ballot`.`facultyID` = :ballot.facultyID:
GROUP BY `ballot`.`catID,` `ballot`.`studentID`', [...], false)
 5 APPPATH\Controllers\SummaryInc.php(64): CodeIgniter\Database\BaseBuilder->get()
 6 APPPATH\Controllers\SummaryInc.php(12): App\Controllers\SummaryInc->list()
 7 SYSTEMPATH\CodeIgniter.php(941): App\Controllers\SummaryInc->index()
 8 SYSTEMPATH\CodeIgniter.php(502): CodeIgniter\CodeIgniter->runController(Object(App\Controllers\SummaryInc))
 9 SYSTEMPATH\CodeIgniter.php(361): CodeIgniter\CodeIgniter->handleRequest(null, Object(Config\Cache), false)
10 FCPATH\index.php(79): CodeIgniter\CodeIgniter->run()
INFO - 2024-02-16 16:03:19 --> Session: Class initialized using 'CodeIgniter\Session\Handlers\FileHandler' driver.
INFO - 2024-02-16 16:03:46 --> Session: Class initialized using 'CodeIgniter\Session\Handlers\FileHandler' driver.
INFO - 2024-02-16 16:04:02 --> Session: Class initialized using 'CodeIgniter\Session\Handlers\FileHandler' driver.
INFO - 2024-02-16 16:22:31 --> Session: Class initialized using 'CodeIgniter\Session\Handlers\FileHandler' driver.
INFO - 2024-02-16 16:22:43 --> Session: Class initialized using 'CodeIgniter\Session\Handlers\FileHandler' driver.
INFO - 2024-02-16 16:24:58 --> Session: Class initialized using 'CodeIgniter\Session\Handlers\FileHandler' driver.
INFO - 2024-02-16 16:25:21 --> Session: Class initialized using 'CodeIgniter\Session\Handlers\FileHandler' driver.
INFO - 2024-02-16 16:25:31 --> Session: Class initialized using 'CodeIgniter\Session\Handlers\FileHandler' driver.
INFO - 2024-02-16 16:27:09 --> Session: Class initialized using 'CodeIgniter\Session\Handlers\FileHandler' driver.
INFO - 2024-02-16 16:27:31 --> Session: Class initialized using 'CodeIgniter\Session\Handlers\FileHandler' driver.
ERROR - 2024-02-16 16:27:31 --> mysqli_sql_exception: Unknown column 'evaluations.acadYear' in 'where clause' in C:\wamp64\www\evaluation_system\vendor\codeigniter4\framework\system\Database\MySQLi\Connection.php:306
Stack trace:
#0 C:\wamp64\www\evaluation_system\vendor\codeigniter4\framework\system\Database\MySQLi\Connection.php(306): mysqli->query('SELECT SUM(ball...', 0)
#1 C:\wamp64\www\evaluation_system\vendor\codeigniter4\framework\system\Database\BaseConnection.php(693): CodeIgniter\Database\MySQLi\Connection->execute('SELECT SUM(ball...')
#2 C:\wamp64\www\evaluation_system\vendor\codeigniter4\framework\system\Database\BaseConnection.php(607): CodeIgniter\Database\BaseConnection->simpleQuery('SELECT SUM(ball...')
#3 C:\wamp64\www\evaluation_system\vendor\codeigniter4\framework\system\Database\BaseBuilder.php(1616): CodeIgniter\Database\BaseConnection->query('SELECT SUM(ball...', Array, false)
#4 C:\wamp64\www\evaluation_system\app\Controllers\SummaryInc.php(64): CodeIgniter\Database\BaseBuilder->get()
#5 C:\wamp64\www\evaluation_system\app\Controllers\SummaryInc.php(12): App\Controllers\SummaryInc->list()
#6 C:\wamp64\www\evaluation_system\vendor\codeigniter4\framework\system\CodeIgniter.php(941): App\Controllers\SummaryInc->index()
#7 C:\wamp64\www\evaluation_system\vendor\codeigniter4\framework\system\CodeIgniter.php(502): CodeIgniter\CodeIgniter->runController(Object(App\Controllers\SummaryInc))
#8 C:\wamp64\www\evaluation_system\vendor\codeigniter4\framework\system\CodeIgniter.php(361): CodeIgniter\CodeIgniter->handleRequest(NULL, Object(Config\Cache), false)
#9 C:\wamp64\www\evaluation_system\public\index.php(79): CodeIgniter\CodeIgniter->run()
#10 {main}
CRITICAL - 2024-02-16 16:27:31 --> CodeIgniter\Database\Exceptions\DatabaseException: Unknown column 'evaluations.acadYear' in 'where clause'
in SYSTEMPATH\Database\BaseConnection.php on line 647.
 1 SYSTEMPATH\Database\BaseBuilder.php(1616): CodeIgniter\Database\BaseConnection->query('SELECT SUM(ballot.rating) as rating, COUNT(ballot.rating) as num, `ballot`.`catID` as `catID`
FROM `ballot`
WHERE `evaluations`.`acadYear` = :evaluations.acadYear:
AND `evaluations`.`term` = :evaluations.term:
AND `ballot`.`facultyID` = :ballot.facultyID:
AND `ballot`.`courseID` = :ballot.courseID:
GROUP BY `ballot`.`catID`', [...], false)
 2 APPPATH\Controllers\SummaryInc.php(64): CodeIgniter\Database\BaseBuilder->get()
 3 APPPATH\Controllers\SummaryInc.php(12): App\Controllers\SummaryInc->list()
 4 SYSTEMPATH\CodeIgniter.php(941): App\Controllers\SummaryInc->index()
 5 SYSTEMPATH\CodeIgniter.php(502): CodeIgniter\CodeIgniter->runController(Object(App\Controllers\SummaryInc))
 6 SYSTEMPATH\CodeIgniter.php(361): CodeIgniter\CodeIgniter->handleRequest(null, Object(Config\Cache), false)
 7 FCPATH\index.php(79): CodeIgniter\CodeIgniter->run()
CRITICAL - 2024-02-16 16:27:31 --> [Caused by] CodeIgniter\Database\Exceptions\DatabaseException: Unknown column 'evaluations.acadYear' in 'where clause'
in SYSTEMPATH\Database\MySQLi\Connection.php on line 311.
 1 SYSTEMPATH\Database\BaseConnection.php(693): CodeIgniter\Database\MySQLi\Connection->execute('SELECT SUM(ballot.rating) as rating, COUNT(ballot.rating) as num, `ballot`.`catID` as `catID`
FROM `ballot`
WHERE `evaluations`.`acadYear` = \'2020\'
AND `evaluations`.`term` = \'1\'
AND `ballot`.`facultyID` = \'84\'
AND `ballot`.`courseID` = \'1\'
GROUP BY `ballot`.`catID`')
 2 SYSTEMPATH\Database\BaseConnection.php(607): CodeIgniter\Database\BaseConnection->simpleQuery('SELECT SUM(ballot.rating) as rating, COUNT(ballot.rating) as num, `ballot`.`catID` as `catID`
FROM `ballot`
WHERE `evaluations`.`acadYear` = \'2020\'
AND `evaluations`.`term` = \'1\'
AND `ballot`.`facultyID` = \'84\'
AND `ballot`.`courseID` = \'1\'
GROUP BY `ballot`.`catID`')
 3 SYSTEMPATH\Database\BaseBuilder.php(1616): CodeIgniter\Database\BaseConnection->query('SELECT SUM(ballot.rating) as rating, COUNT(ballot.rating) as num, `ballot`.`catID` as `catID`
FROM `ballot`
WHERE `evaluations`.`acadYear` = :evaluations.acadYear:
AND `evaluations`.`term` = :evaluations.term:
AND `ballot`.`facultyID` = :ballot.facultyID:
AND `ballot`.`courseID` = :ballot.courseID:
GROUP BY `ballot`.`catID`', [...], false)
 4 APPPATH\Controllers\SummaryInc.php(64): CodeIgniter\Database\BaseBuilder->get()
 5 APPPATH\Controllers\SummaryInc.php(12): App\Controllers\SummaryInc->list()
 6 SYSTEMPATH\CodeIgniter.php(941): App\Controllers\SummaryInc->index()
 7 SYSTEMPATH\CodeIgniter.php(502): CodeIgniter\CodeIgniter->runController(Object(App\Controllers\SummaryInc))
 8 SYSTEMPATH\CodeIgniter.php(361): CodeIgniter\CodeIgniter->handleRequest(null, Object(Config\Cache), false)
 9 FCPATH\index.php(79): CodeIgniter\CodeIgniter->run()
CRITICAL - 2024-02-16 16:27:31 --> [Caused by] mysqli_sql_exception: Unknown column 'evaluations.acadYear' in 'where clause'
in SYSTEMPATH\Database\MySQLi\Connection.php on line 306.
 1 SYSTEMPATH\Database\MySQLi\Connection.php(306): mysqli->query('SELECT SUM(ballot.rating) as rating, COUNT(ballot.rating) as num, `ballot`.`catID` as `catID`
FROM `ballot`
WHERE `evaluations`.`acadYear` = \'2020\'
AND `evaluations`.`term` = \'1\'
AND `ballot`.`facultyID` = \'84\'
AND `ballot`.`courseID` = \'1\'
GROUP BY `ballot`.`catID`', 0)
 2 SYSTEMPATH\Database\BaseConnection.php(693): CodeIgniter\Database\MySQLi\Connection->execute('SELECT SUM(ballot.rating) as rating, COUNT(ballot.rating) as num, `ballot`.`catID` as `catID`
FROM `ballot`
WHERE `evaluations`.`acadYear` = \'2020\'
AND `evaluations`.`term` = \'1\'
AND `ballot`.`facultyID` = \'84\'
AND `ballot`.`courseID` = \'1\'
GROUP BY `ballot`.`catID`')
 3 SYSTEMPATH\Database\BaseConnection.php(607): CodeIgniter\Database\BaseConnection->simpleQuery('SELECT SUM(ballot.rating) as rating, COUNT(ballot.rating) as num, `ballot`.`catID` as `catID`
FROM `ballot`
WHERE `evaluations`.`acadYear` = \'2020\'
AND `evaluations`.`term` = \'1\'
AND `ballot`.`facultyID` = \'84\'
AND `ballot`.`courseID` = \'1\'
GROUP BY `ballot`.`catID`')
 4 SYSTEMPATH\Database\BaseBuilder.php(1616): CodeIgniter\Database\BaseConnection->query('SELECT SUM(ballot.rating) as rating, COUNT(ballot.rating) as num, `ballot`.`catID` as `catID`
FROM `ballot`
WHERE `evaluations`.`acadYear` = :evaluations.acadYear:
AND `evaluations`.`term` = :evaluations.term:
AND `ballot`.`facultyID` = :ballot.facultyID:
AND `ballot`.`courseID` = :ballot.courseID:
GROUP BY `ballot`.`catID`', [...], false)
 5 APPPATH\Controllers\SummaryInc.php(64): CodeIgniter\Database\BaseBuilder->get()
 6 APPPATH\Controllers\SummaryInc.php(12): App\Controllers\SummaryInc->list()
 7 SYSTEMPATH\CodeIgniter.php(941): App\Controllers\SummaryInc->index()
 8 SYSTEMPATH\CodeIgniter.php(502): CodeIgniter\CodeIgniter->runController(Object(App\Controllers\SummaryInc))
 9 SYSTEMPATH\CodeIgniter.php(361): CodeIgniter\CodeIgniter->handleRequest(null, Object(Config\Cache), false)
10 FCPATH\index.php(79): CodeIgniter\CodeIgniter->run()
INFO - 2024-02-16 16:28:41 --> Session: Class initialized using 'CodeIgniter\Session\Handlers\FileHandler' driver.
INFO - 2024-02-16 16:30:16 --> Session: Class initialized using 'CodeIgniter\Session\Handlers\FileHandler' driver.
INFO - 2024-02-16 16:30:21 --> Session: Class initialized using 'CodeIgniter\Session\Handlers\FileHandler' driver.
INFO - 2024-02-16 16:30:46 --> Session: Class initialized using 'CodeIgniter\Session\Handlers\FileHandler' driver.
INFO - 2024-02-16 16:30:50 --> Session: Class initialized using 'CodeIgniter\Session\Handlers\FileHandler' driver.
INFO - 2024-02-16 16:30:57 --> Session: Class initialized using 'CodeIgniter\Session\Handlers\FileHandler' driver.
INFO - 2024-02-16 16:32:52 --> Session: Class initialized using 'CodeIgniter\Session\Handlers\FileHandler' driver.
INFO - 2024-02-16 16:33:00 --> Session: Class initialized using 'CodeIgniter\Session\Handlers\FileHandler' driver.
INFO - 2024-02-16 16:56:33 --> Session: Class initialized using 'CodeIgniter\Session\Handlers\FileHandler' driver.
CRITICAL - 2024-02-16 16:56:33 --> ErrorException: Undefined variable $ratings
in APPPATH\Views\modules\summaryinc\summaryincview.php on line 184.
 1 APPPATH\Views\modules\summaryinc\summaryincview.php(184): CodeIgniter\Debug\Exceptions->errorHandler(2, 'Undefined variable $ratings', 'C:\\wamp64\\www\\evaluation_system\\app\\Views\\modules\\summaryinc\\summaryincview.php', 184)
 2 SYSTEMPATH\View\View.php(228): include('C:\\wamp64\\www\\evaluation_system\\app\\Views\\modules\\summaryinc\\summaryincview.php')
 3 SYSTEMPATH\View\View.php(231): CodeIgniter\View\View->CodeIgniter\View\{closure}()
 4 SYSTEMPATH\Common.php(1178): CodeIgniter\View\View->render('modules/summaryinc/summaryincview', [], true)
 5 APPPATH\Controllers\SummaryInc.php(74): view('modules/summaryinc/summaryincview')
 6 APPPATH\Controllers\SummaryInc.php(12): App\Controllers\SummaryInc->list()
 7 SYSTEMPATH\CodeIgniter.php(941): App\Controllers\SummaryInc->index()
 8 SYSTEMPATH\CodeIgniter.php(502): CodeIgniter\CodeIgniter->runController(Object(App\Controllers\SummaryInc))
 9 SYSTEMPATH\CodeIgniter.php(361): CodeIgniter\CodeIgniter->handleRequest(null, Object(Config\Cache), false)
10 FCPATH\index.php(79): CodeIgniter\CodeIgniter->run()
INFO - 2024-02-16 16:58:33 --> Session: Class initialized using 'CodeIgniter\Session\Handlers\FileHandler' driver.
INFO - 2024-02-16 16:59:26 --> Session: Class initialized using 'CodeIgniter\Session\Handlers\FileHandler' driver.
INFO - 2024-02-16 17:02:46 --> Session: Class initialized using 'CodeIgniter\Session\Handlers\FileHandler' driver.
INFO - 2024-02-16 17:03:07 --> Session: Class initialized using 'CodeIgniter\Session\Handlers\FileHandler' driver.
INFO - 2024-02-16 17:03:14 --> Session: Class initialized using 'CodeIgniter\Session\Handlers\FileHandler' driver.
INFO - 2024-02-16 17:03:24 --> Session: Class initialized using 'CodeIgniter\Session\Handlers\FileHandler' driver.
INFO - 2024-02-16 17:03:28 --> Session: Class initialized using 'CodeIgniter\Session\Handlers\FileHandler' driver.
INFO - 2024-02-16 17:03:54 --> Session: Class initialized using 'CodeIgniter\Session\Handlers\FileHandler' driver.
INFO - 2024-02-16 17:03:57 --> Session: Class initialized using 'CodeIgniter\Session\Handlers\FileHandler' driver.
INFO - 2024-02-16 17:04:09 --> Session: Class initialized using 'CodeIgniter\Session\Handlers\FileHandler' driver.
INFO - 2024-02-16 17:05:02 --> Session: Class initialized using 'CodeIgniter\Session\Handlers\FileHandler' driver.
INFO - 2024-02-16 17:05:48 --> Session: Class initialized using 'CodeIgniter\Session\Handlers\FileHandler' driver.
INFO - 2024-02-16 17:05:58 --> Session: Class initialized using 'CodeIgniter\Session\Handlers\FileHandler' driver.
INFO - 2024-02-16 17:06:51 --> Session: Class initialized using 'CodeIgniter\Session\Handlers\FileHandler' driver.
INFO - 2024-02-16 17:07:14 --> Session: Class initialized using 'CodeIgniter\Session\Handlers\FileHandler' driver.
INFO - 2024-02-16 17:07:51 --> Session: Class initialized using 'CodeIgniter\Session\Handlers\FileHandler' driver.
INFO - 2024-02-16 17:08:36 --> Session: Class initialized using 'CodeIgniter\Session\Handlers\FileHandler' driver.
INFO - 2024-02-16 17:09:55 --> Session: Class initialized using 'CodeIgniter\Session\Handlers\FileHandler' driver.
INFO - 2024-02-16 17:09:57 --> Session: Class initialized using 'CodeIgniter\Session\Handlers\FileHandler' driver.
