INFO - 2024-02-09 11:41:57 --> Session: Class initialized using 'CodeIgniter\Session\Handlers\FileHandler' driver.
INFO - 2024-02-09 11:42:02 --> Session: Class initialized using 'CodeIgniter\Session\Handlers\FileHandler' driver.
INFO - 2024-02-09 11:42:03 --> Session: Class initialized using 'CodeIgniter\Session\Handlers\FileHandler' driver.
INFO - 2024-02-09 11:43:47 --> Session: Class initialized using 'CodeIgniter\Session\Handlers\FileHandler' driver.
INFO - 2024-02-09 11:44:21 --> Session: Class initialized using 'CodeIgniter\Session\Handlers\FileHandler' driver.
INFO - 2024-02-09 11:44:41 --> Session: Class initialized using 'CodeIgniter\Session\Handlers\FileHandler' driver.
INFO - 2024-02-09 11:45:43 --> Session: Class initialized using 'CodeIgniter\Session\Handlers\FileHandler' driver.
INFO - 2024-02-09 11:45:58 --> Session: Class initialized using 'CodeIgniter\Session\Handlers\FileHandler' driver.
INFO - 2024-02-09 11:47:28 --> Session: Class initialized using 'CodeIgniter\Session\Handlers\FileHandler' driver.
CRITICAL - 2024-02-09 11:47:28 --> Undefined variable: total
in APPPATH\Views\modules\summary\list.php on line 92.
 1 APPPATH\Views\modules\summary\list.php(92): CodeIgniter\Debug\Exceptions->errorHandler(8, 'Undefined variable: total', 'C:\\wamp643.3.0\\www\\evaluation_system\\app\\Views\\modules\\summary\\list.php', 92, [...])
 2 SYSTEMPATH\View\View.php(226): include('C:\\wamp643.3.0\\www\\evaluation_system\\app\\Views\\modules\\summary\\list.php')
 3 SYSTEMPATH\View\View.php(229): CodeIgniter\View\View->CodeIgniter\View\{closure}()
 4 SYSTEMPATH\Common.php(1188): CodeIgniter\View\View->render('modules/summary//list', [], true)
 5 APPPATH\Controllers\Summary.php(152): view('modules/summary//list')
 6 APPPATH\Controllers\Summary.php(24): App\Controllers\Summary->list()
 7 SYSTEMPATH\CodeIgniter.php(919): App\Controllers\Summary->index()
 8 SYSTEMPATH\CodeIgniter.php(494): CodeIgniter\CodeIgniter->runController(Object(App\Controllers\Summary))
 9 SYSTEMPATH\CodeIgniter.php(353): CodeIgniter\CodeIgniter->handleRequest(null, Object(Config\Cache), false)
10 FCPATH\index.php(79): CodeIgniter\CodeIgniter->run()
INFO - 2024-02-09 11:47:44 --> Session: Class initialized using 'CodeIgniter\Session\Handlers\FileHandler' driver.
CRITICAL - 2024-02-09 11:47:44 --> Undefined variable: total
in APPPATH\Views\modules\summary\list.php on line 92.
 1 APPPATH\Views\modules\summary\list.php(92): CodeIgniter\Debug\Exceptions->errorHandler(8, 'Undefined variable: total', 'C:\\wamp643.3.0\\www\\evaluation_system\\app\\Views\\modules\\summary\\list.php', 92, [...])
 2 SYSTEMPATH\View\View.php(226): include('C:\\wamp643.3.0\\www\\evaluation_system\\app\\Views\\modules\\summary\\list.php')
 3 SYSTEMPATH\View\View.php(229): CodeIgniter\View\View->CodeIgniter\View\{closure}()
 4 SYSTEMPATH\Common.php(1188): CodeIgniter\View\View->render('modules/summary//list', [], true)
 5 APPPATH\Controllers\Summary.php(152): view('modules/summary//list')
 6 APPPATH\Controllers\Summary.php(24): App\Controllers\Summary->list()
 7 SYSTEMPATH\CodeIgniter.php(919): App\Controllers\Summary->index()
 8 SYSTEMPATH\CodeIgniter.php(494): CodeIgniter\CodeIgniter->runController(Object(App\Controllers\Summary))
 9 SYSTEMPATH\CodeIgniter.php(353): CodeIgniter\CodeIgniter->handleRequest(null, Object(Config\Cache), false)
10 FCPATH\index.php(79): CodeIgniter\CodeIgniter->run()
INFO - 2024-02-09 11:47:53 --> Session: Class initialized using 'CodeIgniter\Session\Handlers\FileHandler' driver.
CRITICAL - 2024-02-09 11:47:53 --> Undefined variable: total
in APPPATH\Views\modules\summary\list.php on line 92.
 1 APPPATH\Views\modules\summary\list.php(92): CodeIgniter\Debug\Exceptions->errorHandler(8, 'Undefined variable: total', 'C:\\wamp643.3.0\\www\\evaluation_system\\app\\Views\\modules\\summary\\list.php', 92, [...])
 2 SYSTEMPATH\View\View.php(226): include('C:\\wamp643.3.0\\www\\evaluation_system\\app\\Views\\modules\\summary\\list.php')
 3 SYSTEMPATH\View\View.php(229): CodeIgniter\View\View->CodeIgniter\View\{closure}()
 4 SYSTEMPATH\Common.php(1188): CodeIgniter\View\View->render('modules/summary//list', [], true)
 5 APPPATH\Controllers\Summary.php(152): view('modules/summary//list')
 6 APPPATH\Controllers\Summary.php(24): App\Controllers\Summary->list()
 7 SYSTEMPATH\CodeIgniter.php(919): App\Controllers\Summary->index()
 8 SYSTEMPATH\CodeIgniter.php(494): CodeIgniter\CodeIgniter->runController(Object(App\Controllers\Summary))
 9 SYSTEMPATH\CodeIgniter.php(353): CodeIgniter\CodeIgniter->handleRequest(null, Object(Config\Cache), false)
10 FCPATH\index.php(79): CodeIgniter\CodeIgniter->run()
INFO - 2024-02-09 11:48:33 --> Session: Class initialized using 'CodeIgniter\Session\Handlers\FileHandler' driver.
INFO - 2024-02-09 11:49:01 --> Session: Class initialized using 'CodeIgniter\Session\Handlers\FileHandler' driver.
INFO - 2024-02-09 11:49:10 --> Session: Class initialized using 'CodeIgniter\Session\Handlers\FileHandler' driver.
INFO - 2024-02-09 11:49:39 --> Session: Class initialized using 'CodeIgniter\Session\Handlers\FileHandler' driver.
INFO - 2024-02-09 11:51:22 --> Session: Class initialized using 'CodeIgniter\Session\Handlers\FileHandler' driver.
INFO - 2024-02-09 11:51:49 --> Session: Class initialized using 'CodeIgniter\Session\Handlers\FileHandler' driver.
INFO - 2024-02-09 11:52:01 --> Session: Class initialized using 'CodeIgniter\Session\Handlers\FileHandler' driver.
INFO - 2024-02-09 12:00:35 --> Session: Class initialized using 'CodeIgniter\Session\Handlers\FileHandler' driver.
INFO - 2024-02-09 12:10:36 --> Session: Class initialized using 'CodeIgniter\Session\Handlers\FileHandler' driver.
INFO - 2024-02-09 12:16:33 --> Session: Class initialized using 'CodeIgniter\Session\Handlers\FileHandler' driver.
INFO - 2024-02-09 12:18:25 --> Session: Class initialized using 'CodeIgniter\Session\Handlers\FileHandler' driver.
CRITICAL - 2024-02-09 12:18:25 --> Trying to get property 'id' of non-object
in APPPATH\Controllers\Studenteval.php on line 126.
 1 APPPATH\Controllers\Studenteval.php(126): CodeIgniter\Debug\Exceptions->errorHandler(8, 'Trying to get property \'id\' of non-object', 'C:\\wamp643.3.0\\www\\evaluation_system\\app\\Controllers\\Studenteval.php', 126, [...])
 2 APPPATH\Controllers\Studenteval.php(24): App\Controllers\Studenteval->list()
 3 SYSTEMPATH\CodeIgniter.php(919): App\Controllers\Studenteval->index()
 4 SYSTEMPATH\CodeIgniter.php(494): CodeIgniter\CodeIgniter->runController(Object(App\Controllers\Studenteval))
 5 SYSTEMPATH\CodeIgniter.php(353): CodeIgniter\CodeIgniter->handleRequest(null, Object(Config\Cache), false)
 6 FCPATH\index.php(79): CodeIgniter\CodeIgniter->run()
INFO - 2024-02-09 12:18:48 --> Session: Class initialized using 'CodeIgniter\Session\Handlers\FileHandler' driver.
INFO - 2024-02-09 12:19:48 --> Session: Class initialized using 'CodeIgniter\Session\Handlers\FileHandler' driver.
CRITICAL - 2024-02-09 12:19:48 --> Cannot use object of type stdClass as array
in APPPATH\Controllers\Studenteval.php on line 131.
 1 APPPATH\Controllers\Studenteval.php(24): App\Controllers\Studenteval->list()
 2 SYSTEMPATH\CodeIgniter.php(919): App\Controllers\Studenteval->index()
 3 SYSTEMPATH\CodeIgniter.php(494): CodeIgniter\CodeIgniter->runController(Object(App\Controllers\Studenteval))
 4 SYSTEMPATH\CodeIgniter.php(353): CodeIgniter\CodeIgniter->handleRequest(null, Object(Config\Cache), false)
 5 FCPATH\index.php(79): CodeIgniter\CodeIgniter->run()
INFO - 2024-02-09 12:20:03 --> Session: Class initialized using 'CodeIgniter\Session\Handlers\FileHandler' driver.
CRITICAL - 2024-02-09 12:20:03 --> Cannot use object of type stdClass as array
in APPPATH\Controllers\Studenteval.php on line 131.
 1 APPPATH\Controllers\Studenteval.php(24): App\Controllers\Studenteval->list()
 2 SYSTEMPATH\CodeIgniter.php(919): App\Controllers\Studenteval->index()
 3 SYSTEMPATH\CodeIgniter.php(494): CodeIgniter\CodeIgniter->runController(Object(App\Controllers\Studenteval))
 4 SYSTEMPATH\CodeIgniter.php(353): CodeIgniter\CodeIgniter->handleRequest(null, Object(Config\Cache), false)
 5 FCPATH\index.php(79): CodeIgniter\CodeIgniter->run()
INFO - 2024-02-09 12:20:41 --> Session: Class initialized using 'CodeIgniter\Session\Handlers\FileHandler' driver.
INFO - 2024-02-09 12:22:09 --> Session: Class initialized using 'CodeIgniter\Session\Handlers\FileHandler' driver.
CRITICAL - 2024-02-09 12:22:09 --> Cannot use object of type stdClass as array
in APPPATH\Controllers\Studenteval.php on line 131.
 1 APPPATH\Controllers\Studenteval.php(24): App\Controllers\Studenteval->list()
 2 SYSTEMPATH\CodeIgniter.php(919): App\Controllers\Studenteval->index()
 3 SYSTEMPATH\CodeIgniter.php(494): CodeIgniter\CodeIgniter->runController(Object(App\Controllers\Studenteval))
 4 SYSTEMPATH\CodeIgniter.php(353): CodeIgniter\CodeIgniter->handleRequest(null, Object(Config\Cache), false)
 5 FCPATH\index.php(79): CodeIgniter\CodeIgniter->run()
INFO - 2024-02-09 12:22:51 --> Session: Class initialized using 'CodeIgniter\Session\Handlers\FileHandler' driver.
CRITICAL - 2024-02-09 12:22:51 --> Cannot use object of type stdClass as array
in APPPATH\Controllers\Studenteval.php on line 131.
 1 APPPATH\Controllers\Studenteval.php(24): App\Controllers\Studenteval->list()
 2 SYSTEMPATH\CodeIgniter.php(919): App\Controllers\Studenteval->index()
 3 SYSTEMPATH\CodeIgniter.php(494): CodeIgniter\CodeIgniter->runController(Object(App\Controllers\Studenteval))
 4 SYSTEMPATH\CodeIgniter.php(353): CodeIgniter\CodeIgniter->handleRequest(null, Object(Config\Cache), false)
 5 FCPATH\index.php(79): CodeIgniter\CodeIgniter->run()
INFO - 2024-02-09 12:24:26 --> Session: Class initialized using 'CodeIgniter\Session\Handlers\FileHandler' driver.
INFO - 2024-02-09 12:24:38 --> Session: Class initialized using 'CodeIgniter\Session\Handlers\FileHandler' driver.
CRITICAL - 2024-02-09 12:24:38 --> Cannot use object of type stdClass as array
in APPPATH\Controllers\Studenteval.php on line 132.
 1 APPPATH\Controllers\Studenteval.php(24): App\Controllers\Studenteval->list()
 2 SYSTEMPATH\CodeIgniter.php(919): App\Controllers\Studenteval->index()
 3 SYSTEMPATH\CodeIgniter.php(494): CodeIgniter\CodeIgniter->runController(Object(App\Controllers\Studenteval))
 4 SYSTEMPATH\CodeIgniter.php(353): CodeIgniter\CodeIgniter->handleRequest(null, Object(Config\Cache), false)
 5 FCPATH\index.php(79): CodeIgniter\CodeIgniter->run()
INFO - 2024-02-09 12:24:46 --> Session: Class initialized using 'CodeIgniter\Session\Handlers\FileHandler' driver.
INFO - 2024-02-09 12:25:04 --> Session: Class initialized using 'CodeIgniter\Session\Handlers\FileHandler' driver.
INFO - 2024-02-09 12:25:19 --> Session: Class initialized using 'CodeIgniter\Session\Handlers\FileHandler' driver.
INFO - 2024-02-09 12:26:26 --> Session: Class initialized using 'CodeIgniter\Session\Handlers\FileHandler' driver.
CRITICAL - 2024-02-09 12:26:26 --> Cannot use object of type stdClass as array
in APPPATH\Controllers\Studenteval.php on line 131.
 1 APPPATH\Controllers\Studenteval.php(24): App\Controllers\Studenteval->list()
 2 SYSTEMPATH\CodeIgniter.php(919): App\Controllers\Studenteval->index()
 3 SYSTEMPATH\CodeIgniter.php(494): CodeIgniter\CodeIgniter->runController(Object(App\Controllers\Studenteval))
 4 SYSTEMPATH\CodeIgniter.php(353): CodeIgniter\CodeIgniter->handleRequest(null, Object(Config\Cache), false)
 5 FCPATH\index.php(79): CodeIgniter\CodeIgniter->run()
INFO - 2024-02-09 12:27:01 --> Session: Class initialized using 'CodeIgniter\Session\Handlers\FileHandler' driver.
CRITICAL - 2024-02-09 12:27:01 --> Object of class stdClass could not be converted to string
in APPPATH\Controllers\Studenteval.php on line 131.
 1 APPPATH\Controllers\Studenteval.php(24): App\Controllers\Studenteval->list()
 2 SYSTEMPATH\CodeIgniter.php(919): App\Controllers\Studenteval->index()
 3 SYSTEMPATH\CodeIgniter.php(494): CodeIgniter\CodeIgniter->runController(Object(App\Controllers\Studenteval))
 4 SYSTEMPATH\CodeIgniter.php(353): CodeIgniter\CodeIgniter->handleRequest(null, Object(Config\Cache), false)
 5 FCPATH\index.php(79): CodeIgniter\CodeIgniter->run()
INFO - 2024-02-09 12:27:27 --> Session: Class initialized using 'CodeIgniter\Session\Handlers\FileHandler' driver.
INFO - 2024-02-09 12:28:01 --> Session: Class initialized using 'CodeIgniter\Session\Handlers\FileHandler' driver.
INFO - 2024-02-09 12:29:07 --> Session: Class initialized using 'CodeIgniter\Session\Handlers\FileHandler' driver.
INFO - 2024-02-09 12:29:25 --> Session: Class initialized using 'CodeIgniter\Session\Handlers\FileHandler' driver.
CRITICAL - 2024-02-09 12:29:25 --> Creating default object from empty value
in APPPATH\Controllers\Studenteval.php on line 132.
 1 APPPATH\Controllers\Studenteval.php(132): CodeIgniter\Debug\Exceptions->errorHandler(2, 'Creating default object from empty value', 'C:\\wamp643.3.0\\www\\evaluation_system\\app\\Controllers\\Studenteval.php', 132, [...])
 2 APPPATH\Controllers\Studenteval.php(24): App\Controllers\Studenteval->list()
 3 SYSTEMPATH\CodeIgniter.php(919): App\Controllers\Studenteval->index()
 4 SYSTEMPATH\CodeIgniter.php(494): CodeIgniter\CodeIgniter->runController(Object(App\Controllers\Studenteval))
 5 SYSTEMPATH\CodeIgniter.php(353): CodeIgniter\CodeIgniter->handleRequest(null, Object(Config\Cache), false)
 6 FCPATH\index.php(79): CodeIgniter\CodeIgniter->run()
INFO - 2024-02-09 12:29:42 --> Session: Class initialized using 'CodeIgniter\Session\Handlers\FileHandler' driver.
CRITICAL - 2024-02-09 12:29:42 --> Cannot use object of type stdClass as array
in APPPATH\Controllers\Studenteval.php on line 132.
 1 APPPATH\Controllers\Studenteval.php(24): App\Controllers\Studenteval->list()
 2 SYSTEMPATH\CodeIgniter.php(919): App\Controllers\Studenteval->index()
 3 SYSTEMPATH\CodeIgniter.php(494): CodeIgniter\CodeIgniter->runController(Object(App\Controllers\Studenteval))
 4 SYSTEMPATH\CodeIgniter.php(353): CodeIgniter\CodeIgniter->handleRequest(null, Object(Config\Cache), false)
 5 FCPATH\index.php(79): CodeIgniter\CodeIgniter->run()
INFO - 2024-02-09 12:29:49 --> Session: Class initialized using 'CodeIgniter\Session\Handlers\FileHandler' driver.
INFO - 2024-02-09 12:31:42 --> Session: Class initialized using 'CodeIgniter\Session\Handlers\FileHandler' driver.
INFO - 2024-02-09 12:31:53 --> Session: Class initialized using 'CodeIgniter\Session\Handlers\FileHandler' driver.
CRITICAL - 2024-02-09 12:31:53 --> Undefined variable: records
in APPPATH\Controllers\Studenteval.php on line 170.
 1 APPPATH\Controllers\Studenteval.php(170): CodeIgniter\Debug\Exceptions->errorHandler(8, 'Undefined variable: records', 'C:\\wamp643.3.0\\www\\evaluation_system\\app\\Controllers\\Studenteval.php', 170, [...])
 2 APPPATH\Controllers\Studenteval.php(24): App\Controllers\Studenteval->list()
 3 SYSTEMPATH\CodeIgniter.php(919): App\Controllers\Studenteval->index()
 4 SYSTEMPATH\CodeIgniter.php(494): CodeIgniter\CodeIgniter->runController(Object(App\Controllers\Studenteval))
 5 SYSTEMPATH\CodeIgniter.php(353): CodeIgniter\CodeIgniter->handleRequest(null, Object(Config\Cache), false)
 6 FCPATH\index.php(79): CodeIgniter\CodeIgniter->run()
INFO - 2024-02-09 12:32:05 --> Session: Class initialized using 'CodeIgniter\Session\Handlers\FileHandler' driver.
CRITICAL - 2024-02-09 12:32:05 --> Cannot use object of type stdClass as array
in APPPATH\Views\modules\studenteval\list.php on line 99.
 1 SYSTEMPATH\View\View.php(226): include()
 2 SYSTEMPATH\View\View.php(229): CodeIgniter\View\View->CodeIgniter\View\{closure}()
 3 SYSTEMPATH\Common.php(1188): CodeIgniter\View\View->render('modules/studenteval//list', [], true)
 4 APPPATH\Controllers\Studenteval.php(173): view('modules/studenteval//list')
 5 APPPATH\Controllers\Studenteval.php(24): App\Controllers\Studenteval->list()
 6 SYSTEMPATH\CodeIgniter.php(919): App\Controllers\Studenteval->index()
 7 SYSTEMPATH\CodeIgniter.php(494): CodeIgniter\CodeIgniter->runController(Object(App\Controllers\Studenteval))
 8 SYSTEMPATH\CodeIgniter.php(353): CodeIgniter\CodeIgniter->handleRequest(null, Object(Config\Cache), false)
 9 FCPATH\index.php(79): CodeIgniter\CodeIgniter->run()
INFO - 2024-02-09 12:33:36 --> Session: Class initialized using 'CodeIgniter\Session\Handlers\FileHandler' driver.
CRITICAL - 2024-02-09 12:33:36 --> Cannot use object of type stdClass as array
in APPPATH\Views\modules\studenteval\list.php on line 104.
 1 SYSTEMPATH\View\View.php(226): include()
 2 SYSTEMPATH\View\View.php(229): CodeIgniter\View\View->CodeIgniter\View\{closure}()
 3 SYSTEMPATH\Common.php(1188): CodeIgniter\View\View->render('modules/studenteval//list', [], true)
 4 APPPATH\Controllers\Studenteval.php(173): view('modules/studenteval//list')
 5 APPPATH\Controllers\Studenteval.php(24): App\Controllers\Studenteval->list()
 6 SYSTEMPATH\CodeIgniter.php(919): App\Controllers\Studenteval->index()
 7 SYSTEMPATH\CodeIgniter.php(494): CodeIgniter\CodeIgniter->runController(Object(App\Controllers\Studenteval))
 8 SYSTEMPATH\CodeIgniter.php(353): CodeIgniter\CodeIgniter->handleRequest(null, Object(Config\Cache), false)
 9 FCPATH\index.php(79): CodeIgniter\CodeIgniter->run()
INFO - 2024-02-09 12:36:21 --> Session: Class initialized using 'CodeIgniter\Session\Handlers\FileHandler' driver.
CRITICAL - 2024-02-09 12:36:21 --> Cannot use object of type stdClass as array
in APPPATH\Controllers\Studenteval.php on line 126.
 1 APPPATH\Controllers\Studenteval.php(24): App\Controllers\Studenteval->list()
 2 SYSTEMPATH\CodeIgniter.php(919): App\Controllers\Studenteval->index()
 3 SYSTEMPATH\CodeIgniter.php(494): CodeIgniter\CodeIgniter->runController(Object(App\Controllers\Studenteval))
 4 SYSTEMPATH\CodeIgniter.php(353): CodeIgniter\CodeIgniter->handleRequest(null, Object(Config\Cache), false)
 5 FCPATH\index.php(79): CodeIgniter\CodeIgniter->run()
INFO - 2024-02-09 12:36:56 --> Session: Class initialized using 'CodeIgniter\Session\Handlers\FileHandler' driver.
CRITICAL - 2024-02-09 12:36:56 --> Cannot use object of type stdClass as array
in APPPATH\Views\modules\studenteval\list.php on line 114.
 1 SYSTEMPATH\View\View.php(226): include()
 2 SYSTEMPATH\View\View.php(229): CodeIgniter\View\View->CodeIgniter\View\{closure}()
 3 SYSTEMPATH\Common.php(1188): CodeIgniter\View\View->render('modules/studenteval//list', [], true)
 4 APPPATH\Controllers\Studenteval.php(170): view('modules/studenteval//list')
 5 APPPATH\Controllers\Studenteval.php(24): App\Controllers\Studenteval->list()
 6 SYSTEMPATH\CodeIgniter.php(919): App\Controllers\Studenteval->index()
 7 SYSTEMPATH\CodeIgniter.php(494): CodeIgniter\CodeIgniter->runController(Object(App\Controllers\Studenteval))
 8 SYSTEMPATH\CodeIgniter.php(353): CodeIgniter\CodeIgniter->handleRequest(null, Object(Config\Cache), false)
 9 FCPATH\index.php(79): CodeIgniter\CodeIgniter->run()
INFO - 2024-02-09 12:37:06 --> Session: Class initialized using 'CodeIgniter\Session\Handlers\FileHandler' driver.
INFO - 2024-02-09 12:42:45 --> Session: Class initialized using 'CodeIgniter\Session\Handlers\FileHandler' driver.
INFO - 2024-02-09 12:43:04 --> Session: Class initialized using 'CodeIgniter\Session\Handlers\FileHandler' driver.
INFO - 2024-02-09 13:07:45 --> Session: Class initialized using 'CodeIgniter\Session\Handlers\FileHandler' driver.
