INFO - 2023-12-25 11:46:07 --> Session: Class initialized using 'CodeIgniter\Session\Handlers\FileHandler' driver.
INFO - 2023-12-25 11:46:13 --> Session: Class initialized using 'CodeIgniter\Session\Handlers\FileHandler' driver.
INFO - 2023-12-25 11:46:13 --> Session: Class initialized using 'CodeIgniter\Session\Handlers\FileHandler' driver.
INFO - 2023-12-25 11:46:25 --> Session: Class initialized using 'CodeIgniter\Session\Handlers\FileHandler' driver.
INFO - 2023-12-25 11:46:32 --> Session: Class initialized using 'CodeIgniter\Session\Handlers\FileHandler' driver.
INFO - 2023-12-25 11:46:36 --> Session: Class initialized using 'CodeIgniter\Session\Handlers\FileHandler' driver.
INFO - 2023-12-25 11:46:38 --> Session: Class initialized using 'CodeIgniter\Session\Handlers\FileHandler' driver.
INFO - 2023-12-25 11:46:39 --> Session: Class initialized using 'CodeIgniter\Session\Handlers\FileHandler' driver.
INFO - 2023-12-25 11:46:41 --> Session: Class initialized using 'CodeIgniter\Session\Handlers\FileHandler' driver.
INFO - 2023-12-25 11:46:41 --> Session: Class initialized using 'CodeIgniter\Session\Handlers\FileHandler' driver.
INFO - 2023-12-25 11:46:45 --> Session: Class initialized using 'CodeIgniter\Session\Handlers\FileHandler' driver.
INFO - 2023-12-25 11:46:45 --> Session: Class initialized using 'CodeIgniter\Session\Handlers\FileHandler' driver.
INFO - 2023-12-25 11:46:46 --> Session: Class initialized using 'CodeIgniter\Session\Handlers\FileHandler' driver.
INFO - 2023-12-25 11:46:48 --> Session: Class initialized using 'CodeIgniter\Session\Handlers\FileHandler' driver.
ERROR - 2023-12-25 11:46:48 --> mysqli_sql_exception: Column 'subID' in where clause is ambiguous in C:\wamp643.3.0\www\evaluation_system\vendor\codeigniter4\framework\system\Database\MySQLi\Connection.php:306
Stack trace:
#0 C:\wamp643.3.0\www\evaluation_system\vendor\codeigniter4\framework\system\Database\MySQLi\Connection.php(306): mysqli->query('SELECT `blockse...', 0)
#1 C:\wamp643.3.0\www\evaluation_system\vendor\codeigniter4\framework\system\Database\BaseConnection.php(692): CodeIgniter\Database\MySQLi\Connection->execute('SELECT `blockse...')
#2 C:\wamp643.3.0\www\evaluation_system\vendor\codeigniter4\framework\system\Database\BaseConnection.php(606): CodeIgniter\Database\BaseConnection->simpleQuery('SELECT `blockse...')
#3 C:\wamp643.3.0\www\evaluation_system\vendor\codeigniter4\framework\system\Database\BaseBuilder.php(1615): CodeIgniter\Database\BaseConnection->query('SELECT `blockse...', Array, false)
#4 C:\wamp643.3.0\www\evaluation_system\app\Controllers\Mobile.php(187): CodeIgniter\Database\BaseBuilder->get()
#5 C:\wamp643.3.0\www\evaluation_system\vendor\codeigniter4\framework\system\CodeIgniter.php(919): App\Controllers\Mobile->myscore('1', '51', '6')
#6 C:\wamp643.3.0\www\evaluation_system\vendor\codeigniter4\framework\system\CodeIgniter.php(494): CodeIgniter\CodeIgniter->runController(Object(App\Controllers\Mobile))
#7 C:\wamp643.3.0\www\evaluation_system\vendor\codeigniter4\framework\system\CodeIgniter.php(353): CodeIgniter\CodeIgniter->handleRequest(NULL, Object(Config\Cache), false)
#8 C:\wamp643.3.0\www\evaluation_system\public\index.php(79): CodeIgniter\CodeIgniter->run()
#9 {main}
CRITICAL - 2023-12-25 11:46:48 --> Column 'subID' in where clause is ambiguous
in SYSTEMPATH\Database\BaseConnection.php on line 646.
 1 SYSTEMPATH\Database\BaseBuilder.php(1615): CodeIgniter\Database\BaseConnection->query('SELECT `blocksections_details`.*, `faculty`.*, `subjects`.*
FROM `blocksections_details`
LEFT JOIN `faculty` ON `blocksections_details`.`facultyID` = `faculty`.`id`
LEFT JOIN `subjects` ON `blocksections_details`.`subID` = `subjects`.`subID`
WHERE `facultyID` = :facultyID:
AND `subID` = :subID:
AND `studentID` = :studentID:', [...], false)
 2 APPPATH\Controllers\Mobile.php(187): CodeIgniter\Database\BaseBuilder->get()
 3 SYSTEMPATH\CodeIgniter.php(919): App\Controllers\Mobile->myscore('1', '51', '6')
 4 SYSTEMPATH\CodeIgniter.php(494): CodeIgniter\CodeIgniter->runController(Object(App\Controllers\Mobile))
 5 SYSTEMPATH\CodeIgniter.php(353): CodeIgniter\CodeIgniter->handleRequest(null, Object(Config\Cache), false)
 6 FCPATH\index.php(79): CodeIgniter\CodeIgniter->run()
INFO - 2023-12-25 11:46:53 --> Session: Class initialized using 'CodeIgniter\Session\Handlers\FileHandler' driver.
INFO - 2023-12-25 11:46:54 --> Session: Class initialized using 'CodeIgniter\Session\Handlers\FileHandler' driver.
ERROR - 2023-12-25 11:46:54 --> mysqli_sql_exception: Column 'subID' in where clause is ambiguous in C:\wamp643.3.0\www\evaluation_system\vendor\codeigniter4\framework\system\Database\MySQLi\Connection.php:306
Stack trace:
#0 C:\wamp643.3.0\www\evaluation_system\vendor\codeigniter4\framework\system\Database\MySQLi\Connection.php(306): mysqli->query('SELECT `blockse...', 0)
#1 C:\wamp643.3.0\www\evaluation_system\vendor\codeigniter4\framework\system\Database\BaseConnection.php(692): CodeIgniter\Database\MySQLi\Connection->execute('SELECT `blockse...')
#2 C:\wamp643.3.0\www\evaluation_system\vendor\codeigniter4\framework\system\Database\BaseConnection.php(606): CodeIgniter\Database\BaseConnection->simpleQuery('SELECT `blockse...')
#3 C:\wamp643.3.0\www\evaluation_system\vendor\codeigniter4\framework\system\Database\BaseBuilder.php(1615): CodeIgniter\Database\BaseConnection->query('SELECT `blockse...', Array, false)
#4 C:\wamp643.3.0\www\evaluation_system\app\Controllers\Mobile.php(187): CodeIgniter\Database\BaseBuilder->get()
#5 C:\wamp643.3.0\www\evaluation_system\vendor\codeigniter4\framework\system\CodeIgniter.php(919): App\Controllers\Mobile->myscore('1', '51', '6')
#6 C:\wamp643.3.0\www\evaluation_system\vendor\codeigniter4\framework\system\CodeIgniter.php(494): CodeIgniter\CodeIgniter->runController(Object(App\Controllers\Mobile))
#7 C:\wamp643.3.0\www\evaluation_system\vendor\codeigniter4\framework\system\CodeIgniter.php(353): CodeIgniter\CodeIgniter->handleRequest(NULL, Object(Config\Cache), false)
#8 C:\wamp643.3.0\www\evaluation_system\public\index.php(79): CodeIgniter\CodeIgniter->run()
#9 {main}
CRITICAL - 2023-12-25 11:46:54 --> Column 'subID' in where clause is ambiguous
in SYSTEMPATH\Database\BaseConnection.php on line 646.
 1 SYSTEMPATH\Database\BaseBuilder.php(1615): CodeIgniter\Database\BaseConnection->query('SELECT `blocksections_details`.*, `faculty`.*, `subjects`.*
FROM `blocksections_details`
LEFT JOIN `faculty` ON `blocksections_details`.`facultyID` = `faculty`.`id`
LEFT JOIN `subjects` ON `blocksections_details`.`subID` = `subjects`.`subID`
WHERE `facultyID` = :facultyID:
AND `subID` = :subID:
AND `studentID` = :studentID:', [...], false)
 2 APPPATH\Controllers\Mobile.php(187): CodeIgniter\Database\BaseBuilder->get()
 3 SYSTEMPATH\CodeIgniter.php(919): App\Controllers\Mobile->myscore('1', '51', '6')
 4 SYSTEMPATH\CodeIgniter.php(494): CodeIgniter\CodeIgniter->runController(Object(App\Controllers\Mobile))
 5 SYSTEMPATH\CodeIgniter.php(353): CodeIgniter\CodeIgniter->handleRequest(null, Object(Config\Cache), false)
 6 FCPATH\index.php(79): CodeIgniter\CodeIgniter->run()
INFO - 2023-12-25 11:47:22 --> Session: Class initialized using 'CodeIgniter\Session\Handlers\FileHandler' driver.
CRITICAL - 2023-12-25 11:47:22 --> Undefined variable $records
in APPPATH\Views\modules\mobile\myscore.php on line 26.
 1 APPPATH\Views\modules\mobile\myscore.php(26): CodeIgniter\Debug\Exceptions->errorHandler(2, 'Undefined variable $records', 'C:\\wamp643.3.0\\www\\evaluation_system\\app\\Views\\modules\\mobile\\myscore.php', 26)
 2 SYSTEMPATH\View\View.php(226): include('C:\\wamp643.3.0\\www\\evaluation_system\\app\\Views\\modules\\mobile\\myscore.php')
 3 SYSTEMPATH\View\View.php(229): CodeIgniter\View\View->CodeIgniter\View\{closure}()
 4 SYSTEMPATH\Common.php(1188): CodeIgniter\View\View->render('modules/mobile//myscore', [], true)
 5 APPPATH\Controllers\Mobile.php(225): view('modules/mobile//myscore')
 6 SYSTEMPATH\CodeIgniter.php(919): App\Controllers\Mobile->myscore('1', '51', '6')
 7 SYSTEMPATH\CodeIgniter.php(494): CodeIgniter\CodeIgniter->runController(Object(App\Controllers\Mobile))
 8 SYSTEMPATH\CodeIgniter.php(353): CodeIgniter\CodeIgniter->handleRequest(null, Object(Config\Cache), false)
 9 FCPATH\index.php(79): CodeIgniter\CodeIgniter->run()
INFO - 2023-12-25 11:47:52 --> Session: Class initialized using 'CodeIgniter\Session\Handlers\FileHandler' driver.
CRITICAL - 2023-12-25 11:47:52 --> Undefined variable $records
in APPPATH\Views\modules\mobile\myscore.php on line 26.
 1 APPPATH\Views\modules\mobile\myscore.php(26): CodeIgniter\Debug\Exceptions->errorHandler(2, 'Undefined variable $records', 'C:\\wamp643.3.0\\www\\evaluation_system\\app\\Views\\modules\\mobile\\myscore.php', 26)
 2 SYSTEMPATH\View\View.php(226): include('C:\\wamp643.3.0\\www\\evaluation_system\\app\\Views\\modules\\mobile\\myscore.php')
 3 SYSTEMPATH\View\View.php(229): CodeIgniter\View\View->CodeIgniter\View\{closure}()
 4 SYSTEMPATH\Common.php(1188): CodeIgniter\View\View->render('modules/mobile//myscore', [], true)
 5 APPPATH\Controllers\Mobile.php(225): view('modules/mobile//myscore')
 6 SYSTEMPATH\CodeIgniter.php(919): App\Controllers\Mobile->myscore('1', '51', '6')
 7 SYSTEMPATH\CodeIgniter.php(494): CodeIgniter\CodeIgniter->runController(Object(App\Controllers\Mobile))
 8 SYSTEMPATH\CodeIgniter.php(353): CodeIgniter\CodeIgniter->handleRequest(null, Object(Config\Cache), false)
 9 FCPATH\index.php(79): CodeIgniter\CodeIgniter->run()
INFO - 2023-12-25 11:48:57 --> Session: Class initialized using 'CodeIgniter\Session\Handlers\FileHandler' driver.
CRITICAL - 2023-12-25 11:48:57 --> Undefined variable $records
in APPPATH\Views\modules\mobile\myscore.php on line 26.
 1 APPPATH\Views\modules\mobile\myscore.php(26): CodeIgniter\Debug\Exceptions->errorHandler(2, 'Undefined variable $records', 'C:\\wamp643.3.0\\www\\evaluation_system\\app\\Views\\modules\\mobile\\myscore.php', 26)
 2 SYSTEMPATH\View\View.php(226): include('C:\\wamp643.3.0\\www\\evaluation_system\\app\\Views\\modules\\mobile\\myscore.php')
 3 SYSTEMPATH\View\View.php(229): CodeIgniter\View\View->CodeIgniter\View\{closure}()
 4 SYSTEMPATH\Common.php(1188): CodeIgniter\View\View->render('modules/mobile//myscore', [], true)
 5 APPPATH\Controllers\Mobile.php(226): view('modules/mobile//myscore')
 6 SYSTEMPATH\CodeIgniter.php(919): App\Controllers\Mobile->myscore('1', '51', '6')
 7 SYSTEMPATH\CodeIgniter.php(494): CodeIgniter\CodeIgniter->runController(Object(App\Controllers\Mobile))
 8 SYSTEMPATH\CodeIgniter.php(353): CodeIgniter\CodeIgniter->handleRequest(null, Object(Config\Cache), false)
 9 FCPATH\index.php(79): CodeIgniter\CodeIgniter->run()
INFO - 2023-12-25 11:49:18 --> Session: Class initialized using 'CodeIgniter\Session\Handlers\FileHandler' driver.
CRITICAL - 2023-12-25 11:49:18 --> Undefined variable $records
in APPPATH\Views\modules\mobile\myscore.php on line 26.
 1 APPPATH\Views\modules\mobile\myscore.php(26): CodeIgniter\Debug\Exceptions->errorHandler(2, 'Undefined variable $records', 'C:\\wamp643.3.0\\www\\evaluation_system\\app\\Views\\modules\\mobile\\myscore.php', 26)
 2 SYSTEMPATH\View\View.php(226): include('C:\\wamp643.3.0\\www\\evaluation_system\\app\\Views\\modules\\mobile\\myscore.php')
 3 SYSTEMPATH\View\View.php(229): CodeIgniter\View\View->CodeIgniter\View\{closure}()
 4 SYSTEMPATH\Common.php(1188): CodeIgniter\View\View->render('modules/mobile//myscore', [], true)
 5 APPPATH\Controllers\Mobile.php(226): view('modules/mobile//myscore')
 6 SYSTEMPATH\CodeIgniter.php(919): App\Controllers\Mobile->myscore('1', '51', '6')
 7 SYSTEMPATH\CodeIgniter.php(494): CodeIgniter\CodeIgniter->runController(Object(App\Controllers\Mobile))
 8 SYSTEMPATH\CodeIgniter.php(353): CodeIgniter\CodeIgniter->handleRequest(null, Object(Config\Cache), false)
 9 FCPATH\index.php(79): CodeIgniter\CodeIgniter->run()
INFO - 2023-12-25 11:49:33 --> Session: Class initialized using 'CodeIgniter\Session\Handlers\FileHandler' driver.
INFO - 2023-12-25 11:49:54 --> Session: Class initialized using 'CodeIgniter\Session\Handlers\FileHandler' driver.
INFO - 2023-12-25 11:50:02 --> Session: Class initialized using 'CodeIgniter\Session\Handlers\FileHandler' driver.
CRITICAL - 2023-12-25 11:50:02 --> Undefined variable $records
in APPPATH\Views\modules\mobile\myscore.php on line 26.
 1 APPPATH\Views\modules\mobile\myscore.php(26): CodeIgniter\Debug\Exceptions->errorHandler(2, 'Undefined variable $records', 'C:\\wamp643.3.0\\www\\evaluation_system\\app\\Views\\modules\\mobile\\myscore.php', 26)
 2 SYSTEMPATH\View\View.php(226): include('C:\\wamp643.3.0\\www\\evaluation_system\\app\\Views\\modules\\mobile\\myscore.php')
 3 SYSTEMPATH\View\View.php(229): CodeIgniter\View\View->CodeIgniter\View\{closure}()
 4 SYSTEMPATH\Common.php(1188): CodeIgniter\View\View->render('modules/mobile//myscore', [], true)
 5 APPPATH\Controllers\Mobile.php(226): view('modules/mobile//myscore')
 6 SYSTEMPATH\CodeIgniter.php(919): App\Controllers\Mobile->myscore('1', '51', '6')
 7 SYSTEMPATH\CodeIgniter.php(494): CodeIgniter\CodeIgniter->runController(Object(App\Controllers\Mobile))
 8 SYSTEMPATH\CodeIgniter.php(353): CodeIgniter\CodeIgniter->handleRequest(null, Object(Config\Cache), false)
 9 FCPATH\index.php(79): CodeIgniter\CodeIgniter->run()
INFO - 2023-12-25 11:50:07 --> Session: Class initialized using 'CodeIgniter\Session\Handlers\FileHandler' driver.
INFO - 2023-12-25 11:51:28 --> Session: Class initialized using 'CodeIgniter\Session\Handlers\FileHandler' driver.
CRITICAL - 2023-12-25 11:51:28 --> Undefined array key "studentID"
in APPPATH\Controllers\Mobile.php on line 198.
 1 APPPATH\Controllers\Mobile.php(198): CodeIgniter\Debug\Exceptions->errorHandler(2, 'Undefined array key "studentID"', 'C:\\wamp643.3.0\\www\\evaluation_system\\app\\Controllers\\Mobile.php', 198)
 2 SYSTEMPATH\CodeIgniter.php(919): App\Controllers\Mobile->myscore('1', '51', '6')
 3 SYSTEMPATH\CodeIgniter.php(494): CodeIgniter\CodeIgniter->runController(Object(App\Controllers\Mobile))
 4 SYSTEMPATH\CodeIgniter.php(353): CodeIgniter\CodeIgniter->handleRequest(null, Object(Config\Cache), false)
 5 FCPATH\index.php(79): CodeIgniter\CodeIgniter->run()
INFO - 2023-12-25 11:52:39 --> Session: Class initialized using 'CodeIgniter\Session\Handlers\FileHandler' driver.
INFO - 2023-12-25 11:52:51 --> Session: Class initialized using 'CodeIgniter\Session\Handlers\FileHandler' driver.
INFO - 2023-12-25 11:52:51 --> Session: Class initialized using 'CodeIgniter\Session\Handlers\FileHandler' driver.
INFO - 2023-12-25 12:39:57 --> Session: Class initialized using 'CodeIgniter\Session\Handlers\FileHandler' driver.
INFO - 2023-12-25 12:39:59 --> Session: Class initialized using 'CodeIgniter\Session\Handlers\FileHandler' driver.
